running egg_info
creating ../../build/bringup/bringup.egg-info
writing ../../build/bringup/bringup.egg-info/PKG-INFO
writing dependency_links to ../../build/bringup/bringup.egg-info/dependency_links.txt
writing entry points to ../../build/bringup/bringup.egg-info/entry_points.txt
writing requirements to ../../build/bringup/bringup.egg-info/requires.txt
writing top-level names to ../../build/bringup/bringup.egg-info/top_level.txt
writing manifest file '../../build/bringup/bringup.egg-info/SOURCES.txt'
reading manifest file '../../build/bringup/bringup.egg-info/SOURCES.txt'
writing manifest file '../../build/bringup/bringup.egg-info/SOURCES.txt'
running build
running build_py
creating /home/brian/dev_ws/build/bringup/build
creating /home/brian/dev_ws/build/bringup/build/lib
creating /home/brian/dev_ws/build/bringup/build/lib/bringup
copying bringup/teleop_keyboard.py -> /home/brian/dev_ws/build/bringup/build/lib/bringup
copying bringup/odom_publisher.py -> /home/brian/dev_ws/build/bringup/build/lib/bringup
copying bringup/__init__.py -> /home/brian/dev_ws/build/bringup/build/lib/bringup
running install
running install_lib
creating /home/brian/dev_ws/install/bringup/lib/python3.10/site-packages/bringup
copying /home/brian/dev_ws/build/bringup/build/lib/bringup/teleop_keyboard.py -> /home/brian/dev_ws/install/bringup/lib/python3.10/site-packages/bringup
copying /home/brian/dev_ws/build/bringup/build/lib/bringup/odom_publisher.py -> /home/brian/dev_ws/install/bringup/lib/python3.10/site-packages/bringup
copying /home/brian/dev_ws/build/bringup/build/lib/bringup/__init__.py -> /home/brian/dev_ws/install/bringup/lib/python3.10/site-packages/bringup
byte-compiling /home/brian/dev_ws/install/bringup/lib/python3.10/site-packages/bringup/teleop_keyboard.py to teleop_keyboard.cpython-310.pyc
byte-compiling /home/brian/dev_ws/install/bringup/lib/python3.10/site-packages/bringup/odom_publisher.py to odom_publisher.cpython-310.pyc
byte-compiling /home/brian/dev_ws/install/bringup/lib/python3.10/site-packages/bringup/__init__.py to __init__.cpython-310.pyc
running install_data
creating /home/brian/dev_ws/install/bringup/share/ament_index
creating /home/brian/dev_ws/install/bringup/share/ament_index/resource_index
creating /home/brian/dev_ws/install/bringup/share/ament_index/resource_index/packages
copying resource/bringup -> /home/brian/dev_ws/install/bringup/share/ament_index/resource_index/packages
copying package.xml -> /home/brian/dev_ws/install/bringup/share/bringup
creating /home/brian/dev_ws/install/bringup/share/bringup/launch
copying launch/nav2.launch.py -> /home/brian/dev_ws/install/bringup/share/bringup/launch
copying launch/slam.launch.py -> /home/brian/dev_ws/install/bringup/share/bringup/launch
copying launch/odom.launch.py -> /home/brian/dev_ws/install/bringup/share/bringup/launch
running install_egg_info
Copying ../../build/bringup/bringup.egg-info to /home/brian/dev_ws/install/bringup/lib/python3.10/site-packages/bringup-0.0.0-py3.10.egg-info
running install_scripts
Installing odom_publisher script to /home/brian/dev_ws/install/bringup/lib/bringup
Installing teleop_keyboard script to /home/brian/dev_ws/install/bringup/lib/bringup
writing list of installed files to '/home/brian/dev_ws/build/bringup/install.log'
