[1.814s] Invoking command in '/home/brian/dev_ws/src/bringup': PYTHONPATH=/home/brian/dev_ws/build/bringup/prefix_override:/usr/lib/python3/dist-packages/colcon_core/task/python/colcon_distutils_commands:/home/brian/dev_ws/install/bringup/lib/python3.10/site-packages:${PYTHONPATH} /usr/bin/python3 -W ignore:setup.py install is deprecated -W ignore:easy_install command is deprecated setup.py egg_info --egg-base ../../build/bringup build --build-base /home/brian/dev_ws/build/bringup/build install --record /home/brian/dev_ws/build/bringup/install.log --single-version-externally-managed install_data
[2.255s] running egg_info
[2.255s] creating ../../build/bringup/bringup.egg-info
[2.257s] writing ../../build/bringup/bringup.egg-info/PKG-INFO
[2.257s] writing dependency_links to ../../build/bringup/bringup.egg-info/dependency_links.txt
[2.257s] writing entry points to ../../build/bringup/bringup.egg-info/entry_points.txt
[2.257s] writing requirements to ../../build/bringup/bringup.egg-info/requires.txt
[2.257s] writing top-level names to ../../build/bringup/bringup.egg-info/top_level.txt
[2.257s] writing manifest file '../../build/bringup/bringup.egg-info/SOURCES.txt'
[2.260s] reading manifest file '../../build/bringup/bringup.egg-info/SOURCES.txt'
[2.260s] writing manifest file '../../build/bringup/bringup.egg-info/SOURCES.txt'
[2.261s] running build
[2.261s] running build_py
[2.261s] creating /home/brian/dev_ws/build/bringup/build
[2.261s] creating /home/brian/dev_ws/build/bringup/build/lib
[2.261s] creating /home/brian/dev_ws/build/bringup/build/lib/bringup
[2.261s] copying bringup/teleop_keyboard.py -> /home/brian/dev_ws/build/bringup/build/lib/bringup
[2.262s] copying bringup/odom_publisher.py -> /home/brian/dev_ws/build/bringup/build/lib/bringup
[2.262s] copying bringup/__init__.py -> /home/brian/dev_ws/build/bringup/build/lib/bringup
[2.262s] running install
[2.262s] running install_lib
[2.265s] creating /home/brian/dev_ws/install/bringup/lib/python3.10/site-packages/bringup
[2.265s] copying /home/brian/dev_ws/build/bringup/build/lib/bringup/teleop_keyboard.py -> /home/brian/dev_ws/install/bringup/lib/python3.10/site-packages/bringup
[2.265s] copying /home/brian/dev_ws/build/bringup/build/lib/bringup/odom_publisher.py -> /home/brian/dev_ws/install/bringup/lib/python3.10/site-packages/bringup
[2.265s] copying /home/brian/dev_ws/build/bringup/build/lib/bringup/__init__.py -> /home/brian/dev_ws/install/bringup/lib/python3.10/site-packages/bringup
[2.265s] byte-compiling /home/brian/dev_ws/install/bringup/lib/python3.10/site-packages/bringup/teleop_keyboard.py to teleop_keyboard.cpython-310.pyc
[2.266s] byte-compiling /home/brian/dev_ws/install/bringup/lib/python3.10/site-packages/bringup/odom_publisher.py to odom_publisher.cpython-310.pyc
[2.267s] byte-compiling /home/brian/dev_ws/install/bringup/lib/python3.10/site-packages/bringup/__init__.py to __init__.cpython-310.pyc
[2.267s] running install_data
[2.268s] creating /home/brian/dev_ws/install/bringup/share/ament_index
[2.268s] creating /home/brian/dev_ws/install/bringup/share/ament_index/resource_index
[2.268s] creating /home/brian/dev_ws/install/bringup/share/ament_index/resource_index/packages
[2.268s] copying resource/bringup -> /home/brian/dev_ws/install/bringup/share/ament_index/resource_index/packages
[2.269s] copying package.xml -> /home/brian/dev_ws/install/bringup/share/bringup
[2.269s] creating /home/brian/dev_ws/install/bringup/share/bringup/launch
[2.269s] copying launch/nav2.launch.py -> /home/brian/dev_ws/install/bringup/share/bringup/launch
[2.269s] copying launch/slam.launch.py -> /home/brian/dev_ws/install/bringup/share/bringup/launch
[2.270s] copying launch/odom.launch.py -> /home/brian/dev_ws/install/bringup/share/bringup/launch
[2.270s] running install_egg_info
[2.272s] Copying ../../build/bringup/bringup.egg-info to /home/brian/dev_ws/install/bringup/lib/python3.10/site-packages/bringup-0.0.0-py3.10.egg-info
[2.273s] running install_scripts
[2.298s] Installing odom_publisher script to /home/brian/dev_ws/install/bringup/lib/bringup
[2.298s] Installing teleop_keyboard script to /home/brian/dev_ws/install/bringup/lib/bringup
[2.299s] writing list of installed files to '/home/brian/dev_ws/build/bringup/install.log'
[2.332s] Invoked command in '/home/brian/dev_ws/src/bringup' returned '0': PYTHONPATH=/home/brian/dev_ws/build/bringup/prefix_override:/usr/lib/python3/dist-packages/colcon_core/task/python/colcon_distutils_commands:/home/brian/dev_ws/install/bringup/lib/python3.10/site-packages:${PYTHONPATH} /usr/bin/python3 -W ignore:setup.py install is deprecated -W ignore:easy_install command is deprecated setup.py egg_info --egg-base ../../build/bringup build --build-base /home/brian/dev_ws/build/bringup/build install --record /home/brian/dev_ws/build/bringup/install.log --single-version-externally-managed install_data
