running develop
running egg_info
writing dekut_amr_description.egg-info/PKG-INFO
writing dependency_links to dekut_amr_description.egg-info/dependency_links.txt
writing entry points to dekut_amr_description.egg-info/entry_points.txt
writing requirements to dekut_amr_description.egg-info/requires.txt
writing top-level names to dekut_amr_description.egg-info/top_level.txt
reading manifest file 'dekut_amr_description.egg-info/SOURCES.txt'
writing manifest file 'dekut_amr_description.egg-info/SOURCES.txt'
running build_ext
Creating /home/brian/dev_ws/install/dekut_amr_description/lib/python3.10/site-packages/dekut-amr-description.egg-link (link to .)
Installing ign_pose_to_tf script to /home/brian/dev_ws/install/dekut_amr_description/lib/fusion2urdf_ros2
Installing odom_publisher script to /home/brian/dev_ws/install/dekut_amr_description/lib/fusion2urdf_ros2

Installed /home/brian/dev_ws/build/dekut_amr_description
running symlink_data
symbolically linking /home/brian/dev_ws/build/dekut_amr_description/resource/dekut_amr_description -> /home/brian/dev_ws/install/dekut_amr_description/share/ament_index/resource_index/packages
symbolically linking /home/brian/dev_ws/build/dekut_amr_description/package.xml -> /home/brian/dev_ws/install/dekut_amr_description/share/dekut_amr_description
symbolically linking /home/brian/dev_ws/build/dekut_amr_description/launch/display.launch.py -> /home/brian/dev_ws/install/dekut_amr_description/share/dekut_amr_description/launch
symbolically linking /home/brian/dev_ws/build/dekut_amr_description/launch/gazebo.launch.py -> /home/brian/dev_ws/install/dekut_amr_description/share/dekut_amr_description/launch
symbolically linking /home/brian/dev_ws/build/dekut_amr_description/launch/bringup.launch.py -> /home/brian/dev_ws/install/dekut_amr_description/share/dekut_amr_description/launch
symbolically linking /home/brian/dev_ws/build/dekut_amr_description/launch/robot_state.launch.py -> /home/brian/dev_ws/install/dekut_amr_description/share/dekut_amr_description/launch
symbolically linking /home/brian/dev_ws/build/dekut_amr_description/urdf/materials.xacro -> /home/brian/dev_ws/install/dekut_amr_description/share/dekut_amr_description/urdf
symbolically linking /home/brian/dev_ws/build/dekut_amr_description/urdf/dekut_amr.gazebo -> /home/brian/dev_ws/install/dekut_amr_description/share/dekut_amr_description/urdf
symbolically linking /home/brian/dev_ws/build/dekut_amr_description/urdf/dekut_amr.xacro -> /home/brian/dev_ws/install/dekut_amr_description/share/dekut_amr_description/urdf
symbolically linking /home/brian/dev_ws/build/dekut_amr_description/urdf/dekut_amr.trans -> /home/brian/dev_ws/install/dekut_amr_description/share/dekut_amr_description/urdf
symbolically linking /home/brian/dev_ws/build/dekut_amr_description/urdf/ros2_control.xacro -> /home/brian/dev_ws/install/dekut_amr_description/share/dekut_amr_description/urdf
symbolically linking /home/brian/dev_ws/build/dekut_amr_description/meshes/wheelbl_link_1.stl -> /home/brian/dev_ws/install/dekut_amr_description/share/dekut_amr_description/meshes
symbolically linking /home/brian/dev_ws/build/dekut_amr_description/meshes/wheelfr_link_1.stl -> /home/brian/dev_ws/install/dekut_amr_description/share/dekut_amr_description/meshes
symbolically linking /home/brian/dev_ws/build/dekut_amr_description/meshes/lidar_link_1.stl -> /home/brian/dev_ws/install/dekut_amr_description/share/dekut_amr_description/meshes
symbolically linking /home/brian/dev_ws/build/dekut_amr_description/meshes/wheelfl_link_1.stl -> /home/brian/dev_ws/install/dekut_amr_description/share/dekut_amr_description/meshes
symbolically linking /home/brian/dev_ws/build/dekut_amr_description/meshes/camera_link_1.stl -> /home/brian/dev_ws/install/dekut_amr_description/share/dekut_amr_description/meshes
symbolically linking /home/brian/dev_ws/build/dekut_amr_description/meshes/wheelbr_link_1.stl -> /home/brian/dev_ws/install/dekut_amr_description/share/dekut_amr_description/meshes
symbolically linking /home/brian/dev_ws/build/dekut_amr_description/meshes/base_link.stl -> /home/brian/dev_ws/install/dekut_amr_description/share/dekut_amr_description/meshes
symbolically linking /home/brian/dev_ws/build/dekut_amr_description/config/gazebo.rviz -> /home/brian/dev_ws/install/dekut_amr_description/share/dekut_amr_description/config
symbolically linking /home/brian/dev_ws/build/dekut_amr_description/config/ros_gz_bridge_gazebo.yaml -> /home/brian/dev_ws/install/dekut_amr_description/share/dekut_amr_description/config
symbolically linking /home/brian/dev_ws/build/dekut_amr_description/config/display.rviz -> /home/brian/dev_ws/install/dekut_amr_description/share/dekut_amr_description/config
symbolically linking /home/brian/dev_ws/build/dekut_amr_description/config/diff_drive.yaml -> /home/brian/dev_ws/install/dekut_amr_description/share/dekut_amr_description/config
symbolically linking /home/brian/dev_ws/build/dekut_amr_description/config/ros2_control.yaml -> /home/brian/dev_ws/install/dekut_amr_description/share/dekut_amr_description/config
