[0.050s] Invoking command in '/home/brian/dev_ws/build/articubot_1': CMAKE_PREFIX_PATH=${CMAKE_PREFIX_PATH}:/home/brian/dev_ws/install/slam1:/home/brian/dev_ws/install/dekut_amr_description:/home/brian/dev_ws/install/bringup:/home/brian/ros2_ws/install/camera_pkg:/opt/ros/humble /usr/bin/cmake --build /home/brian/dev_ws/build/articubot_1 -- -j4 -l4
[1.267s] Invoked command in '/home/brian/dev_ws/build/articubot_1' returned '0': CMAKE_PREFIX_PATH=${CMAKE_PREFIX_PATH}:/home/brian/dev_ws/install/slam1:/home/brian/dev_ws/install/dekut_amr_description:/home/brian/dev_ws/install/bringup:/home/brian/ros2_ws/install/camera_pkg:/opt/ros/humble /usr/bin/cmake --build /home/brian/dev_ws/build/articubot_1 -- -j4 -l4
[1.281s] Invoking command in '/home/brian/dev_ws/build/articubot_1': CMAKE_PREFIX_PATH=${CMAKE_PREFIX_PATH}:/home/brian/dev_ws/install/slam1:/home/brian/dev_ws/install/dekut_amr_description:/home/brian/dev_ws/install/bringup:/home/brian/ros2_ws/install/camera_pkg:/opt/ros/humble /usr/bin/cmake --install /home/brian/dev_ws/build/articubot_1
[1.299s] -- Install configuration: ""
[1.300s] -- Up-to-date: /home/brian/dev_ws/install/articubot_1/share/articubot_1/config
[1.300s] -- Up-to-date: /home/brian/dev_ws/install/articubot_1/share/articubot_1/config/empty.yaml
[1.300s] -- Up-to-date: /home/brian/dev_ws/install/articubot_1/share/articubot_1/description
[1.301s] -- Up-to-date: /home/brian/dev_ws/install/articubot_1/share/articubot_1/description/robot.urdf.xacro
[1.301s] -- Up-to-date: /home/brian/dev_ws/install/articubot_1/share/articubot_1/description/gazebo_control.xacro
[1.301s] -- Up-to-date: /home/brian/dev_ws/install/articubot_1/share/articubot_1/description/inertial_macros.xacro
[1.301s] -- Up-to-date: /home/brian/dev_ws/install/articubot_1/share/articubot_1/description/lidar.xacro
[1.301s] -- Up-to-date: /home/brian/dev_ws/install/articubot_1/share/articubot_1/description/colours.xacro
[1.301s] -- Up-to-date: /home/brian/dev_ws/install/articubot_1/share/articubot_1/description/camera.xacro
[1.309s] -- Up-to-date: /home/brian/dev_ws/install/articubot_1/share/articubot_1/description/robot_core.xacro
[1.311s] -- Up-to-date: /home/brian/dev_ws/install/articubot_1/share/articubot_1/launch
[1.311s] -- Up-to-date: /home/brian/dev_ws/install/articubot_1/share/articubot_1/launch/__pycache__
[1.311s] -- Up-to-date: /home/brian/dev_ws/install/articubot_1/share/articubot_1/launch/__pycache__/rsp.launch.cpython-310.pyc
[1.311s] -- Up-to-date: /home/brian/dev_ws/install/articubot_1/share/articubot_1/launch/rsp.launch.py
[1.311s] -- Up-to-date: /home/brian/dev_ws/install/articubot_1/share/articubot_1/launch/launch_sim.launch.py
[1.312s] -- Up-to-date: /home/brian/dev_ws/install/articubot_1/share/articubot_1/worlds
[1.312s] -- Up-to-date: /home/brian/dev_ws/install/articubot_1/share/articubot_1/worlds/empty.world
[1.312s] -- Up-to-date: /home/brian/dev_ws/install/articubot_1/share/ament_index/resource_index/package_run_dependencies/articubot_1
[1.312s] -- Up-to-date: /home/brian/dev_ws/install/articubot_1/share/ament_index/resource_index/parent_prefix_path/articubot_1
[1.323s] -- Up-to-date: /home/brian/dev_ws/install/articubot_1/share/articubot_1/environment/ament_prefix_path.sh
[1.323s] -- Up-to-date: /home/brian/dev_ws/install/articubot_1/share/articubot_1/environment/ament_prefix_path.dsv
[1.323s] -- Up-to-date: /home/brian/dev_ws/install/articubot_1/share/articubot_1/environment/path.sh
[1.326s] -- Up-to-date: /home/brian/dev_ws/install/articubot_1/share/articubot_1/environment/path.dsv
[1.326s] -- Up-to-date: /home/brian/dev_ws/install/articubot_1/share/articubot_1/local_setup.bash
[1.326s] -- Up-to-date: /home/brian/dev_ws/install/articubot_1/share/articubot_1/local_setup.sh
[1.329s] -- Up-to-date: /home/brian/dev_ws/install/articubot_1/share/articubot_1/local_setup.zsh
[1.329s] -- Up-to-date: /home/brian/dev_ws/install/articubot_1/share/articubot_1/local_setup.dsv
[1.329s] -- Installing: /home/brian/dev_ws/install/articubot_1/share/articubot_1/package.dsv
[1.336s] -- Up-to-date: /home/brian/dev_ws/install/articubot_1/share/ament_index/resource_index/packages/articubot_1
[1.337s] -- Up-to-date: /home/brian/dev_ws/install/articubot_1/share/articubot_1/cmake/articubot_1Config.cmake
[1.340s] -- Up-to-date: /home/brian/dev_ws/install/articubot_1/share/articubot_1/cmake/articubot_1Config-version.cmake
[1.341s] -- Up-to-date: /home/brian/dev_ws/install/articubot_1/share/articubot_1/package.xml
[1.342s] Invoked command in '/home/brian/dev_ws/build/articubot_1' returned '0': CMAKE_PREFIX_PATH=${CMAKE_PREFIX_PATH}:/home/brian/dev_ws/install/slam1:/home/brian/dev_ws/install/dekut_amr_description:/home/brian/dev_ws/install/bringup:/home/brian/ros2_ws/install/camera_pkg:/opt/ros/humble /usr/bin/cmake --install /home/brian/dev_ws/build/articubot_1
