running egg_info
creating ../../build/slam1/slam1.egg-info
writing ../../build/slam1/slam1.egg-info/PKG-INFO
writing dependency_links to ../../build/slam1/slam1.egg-info/dependency_links.txt
writing entry points to ../../build/slam1/slam1.egg-info/entry_points.txt
writing requirements to ../../build/slam1/slam1.egg-info/requires.txt
writing top-level names to ../../build/slam1/slam1.egg-info/top_level.txt
writing manifest file '../../build/slam1/slam1.egg-info/SOURCES.txt'
reading manifest file '../../build/slam1/slam1.egg-info/SOURCES.txt'
writing manifest file '../../build/slam1/slam1.egg-info/SOURCES.txt'
running build
running build_py
creating /home/brian/dev_ws/build/slam1/build
creating /home/brian/dev_ws/build/slam1/build/lib
creating /home/brian/dev_ws/build/slam1/build/lib/slam1
copying slam1/__init__.py -> /home/brian/dev_ws/build/slam1/build/lib/slam1
running install
running install_lib
creating /home/brian/dev_ws/install/slam1/lib/python3.10/site-packages/slam1
copying /home/brian/dev_ws/build/slam1/build/lib/slam1/__init__.py -> /home/brian/dev_ws/install/slam1/lib/python3.10/site-packages/slam1
byte-compiling /home/brian/dev_ws/install/slam1/lib/python3.10/site-packages/slam1/__init__.py to __init__.cpython-310.pyc
running install_data
creating /home/brian/dev_ws/install/slam1/share/ament_index
creating /home/brian/dev_ws/install/slam1/share/ament_index/resource_index
creating /home/brian/dev_ws/install/slam1/share/ament_index/resource_index/packages
copying resource/slam1 -> /home/brian/dev_ws/install/slam1/share/ament_index/resource_index/packages
copying package.xml -> /home/brian/dev_ws/install/slam1/share/slam1
creating /home/brian/dev_ws/install/slam1/share/slam1/launch
copying launch/slam_launch.py -> /home/brian/dev_ws/install/slam1/share/slam1/launch
running install_egg_info
Copying ../../build/slam1/slam1.egg-info to /home/brian/dev_ws/install/slam1/lib/python3.10/site-packages/slam1-0.0.0-py3.10.egg-info
running install_scripts
writing list of installed files to '/home/brian/dev_ws/build/slam1/install.log'
