[0.152s] DEBUG:colcon:Command line arguments: ['/usr/bin/colcon', 'build']
[0.152s] DEBUG:colcon:Parsed command line arguments: Namespace(log_base=None, log_level=None, verb_name='build', build_base='build', install_base='install', merge_install=False, symlink_install=False, test_result_base=None, continue_on_error=False, executor='parallel', parallel_workers=4, event_handlers=None, ignore_user_meta=False, metas=['./colcon.meta'], base_paths=['.'], packages_ignore=None, packages_ignore_regex=None, paths=None, packages_up_to=None, packages_up_to_regex=None, packages_above=None, packages_above_and_dependencies=None, packages_above_depth=None, packages_select_by_dep=None, packages_skip_by_dep=None, packages_skip_up_to=None, packages_select_build_failed=False, packages_skip_build_finished=False, packages_select_test_failures=False, packages_skip_test_passed=False, packages_select=None, packages_skip=None, packages_select_regex=None, packages_skip_regex=None, packages_start=None, packages_end=None, allow_overriding=[], cmake_args=None, cmake_target=None, cmake_target_skip_unavailable=False, cmake_clean_cache=False, cmake_clean_first=False, cmake_force_configure=False, ament_cmake_args=None, catkin_cmake_args=None, catkin_skip_building_tests=False, mixin_files=None, mixin=None, verb_parser=<colcon_mixin.mixin.mixin_argument.MixinArgumentDecorator object at 0x7a506f55f4f0>, verb_extension=<colcon_core.verb.build.BuildVerb object at 0x7a506f55f010>, main=<bound method BuildVerb.main of <colcon_core.verb.build.BuildVerb object at 0x7a506f55f010>>, mixin_verb=('build',))
[0.386s] Level 1:colcon.colcon_core.package_discovery:discover_packages(colcon_meta) check parameters
[0.386s] Level 1:colcon.colcon_core.package_discovery:discover_packages(recursive) check parameters
[0.386s] Level 1:colcon.colcon_core.package_discovery:discover_packages(ignore) check parameters
[0.386s] Level 1:colcon.colcon_core.package_discovery:discover_packages(path) check parameters
[0.386s] Level 1:colcon.colcon_core.package_discovery:discover_packages(colcon_meta) discover
[0.386s] Level 1:colcon.colcon_core.package_discovery:discover_packages(recursive) discover
[0.386s] INFO:colcon.colcon_core.package_discovery:Crawling recursively for packages in '/home/brian/dev_ws'
[0.386s] Level 1:colcon.colcon_core.package_identification:_identify(.) by extensions ['ignore', 'ignore_ament_install']
[0.386s] Level 1:colcon.colcon_core.package_identification:_identify(.) by extension 'ignore'
[0.387s] Level 1:colcon.colcon_core.package_identification:_identify(.) by extension 'ignore_ament_install'
[0.387s] Level 1:colcon.colcon_core.package_identification:_identify(.) by extensions ['colcon_pkg']
[0.387s] Level 1:colcon.colcon_core.package_identification:_identify(.) by extension 'colcon_pkg'
[0.387s] Level 1:colcon.colcon_core.package_identification:_identify(.) by extensions ['colcon_meta']
[0.387s] Level 1:colcon.colcon_core.package_identification:_identify(.) by extension 'colcon_meta'
[0.387s] Level 1:colcon.colcon_core.package_identification:_identify(.) by extensions ['ros']
[0.387s] Level 1:colcon.colcon_core.package_identification:_identify(.) by extension 'ros'
[0.401s] Level 1:colcon.colcon_core.package_identification:_identify(.) by extensions ['cmake', 'python']
[0.401s] Level 1:colcon.colcon_core.package_identification:_identify(.) by extension 'cmake'
[0.401s] Level 1:colcon.colcon_core.package_identification:_identify(.) by extension 'python'
[0.401s] Level 1:colcon.colcon_core.package_identification:_identify(.) by extensions ['python_setup_py']
[0.401s] Level 1:colcon.colcon_core.package_identification:_identify(.) by extension 'python_setup_py'
[0.401s] Level 1:colcon.colcon_core.package_identification:_identify(build) by extensions ['ignore', 'ignore_ament_install']
[0.401s] Level 1:colcon.colcon_core.package_identification:_identify(build) by extension 'ignore'
[0.401s] Level 1:colcon.colcon_core.package_identification:_identify(build) ignored
[0.402s] Level 1:colcon.colcon_core.package_identification:_identify(install) by extensions ['ignore', 'ignore_ament_install']
[0.402s] Level 1:colcon.colcon_core.package_identification:_identify(install) by extension 'ignore'
[0.402s] Level 1:colcon.colcon_core.package_identification:_identify(install) ignored
[0.402s] Level 1:colcon.colcon_core.package_identification:_identify(log) by extensions ['ignore', 'ignore_ament_install']
[0.402s] Level 1:colcon.colcon_core.package_identification:_identify(log) by extension 'ignore'
[0.402s] Level 1:colcon.colcon_core.package_identification:_identify(log) ignored
[0.403s] Level 1:colcon.colcon_core.package_identification:_identify(src) by extensions ['ignore', 'ignore_ament_install']
[0.403s] Level 1:colcon.colcon_core.package_identification:_identify(src) by extension 'ignore'
[0.403s] Level 1:colcon.colcon_core.package_identification:_identify(src) by extension 'ignore_ament_install'
[0.403s] Level 1:colcon.colcon_core.package_identification:_identify(src) by extensions ['colcon_pkg']
[0.403s] Level 1:colcon.colcon_core.package_identification:_identify(src) by extension 'colcon_pkg'
[0.403s] Level 1:colcon.colcon_core.package_identification:_identify(src) by extensions ['colcon_meta']
[0.403s] Level 1:colcon.colcon_core.package_identification:_identify(src) by extension 'colcon_meta'
[0.403s] Level 1:colcon.colcon_core.package_identification:_identify(src) by extensions ['ros']
[0.403s] Level 1:colcon.colcon_core.package_identification:_identify(src) by extension 'ros'
[0.403s] Level 1:colcon.colcon_core.package_identification:_identify(src) by extensions ['cmake', 'python']
[0.403s] Level 1:colcon.colcon_core.package_identification:_identify(src) by extension 'cmake'
[0.403s] Level 1:colcon.colcon_core.package_identification:_identify(src) by extension 'python'
[0.403s] Level 1:colcon.colcon_core.package_identification:_identify(src) by extensions ['python_setup_py']
[0.403s] Level 1:colcon.colcon_core.package_identification:_identify(src) by extension 'python_setup_py'
[0.404s] Level 1:colcon.colcon_core.package_identification:_identify(src/articubot_1) by extensions ['ignore', 'ignore_ament_install']
[0.404s] Level 1:colcon.colcon_core.package_identification:_identify(src/articubot_1) by extension 'ignore'
[0.404s] Level 1:colcon.colcon_core.package_identification:_identify(src/articubot_1) by extension 'ignore_ament_install'
[0.404s] Level 1:colcon.colcon_core.package_identification:_identify(src/articubot_1) by extensions ['colcon_pkg']
[0.404s] Level 1:colcon.colcon_core.package_identification:_identify(src/articubot_1) by extension 'colcon_pkg'
[0.404s] Level 1:colcon.colcon_core.package_identification:_identify(src/articubot_1) by extensions ['colcon_meta']
[0.404s] Level 1:colcon.colcon_core.package_identification:_identify(src/articubot_1) by extension 'colcon_meta'
[0.404s] Level 1:colcon.colcon_core.package_identification:_identify(src/articubot_1) by extensions ['ros']
[0.404s] Level 1:colcon.colcon_core.package_identification:_identify(src/articubot_1) by extension 'ros'
[0.407s] DEBUG:colcon.colcon_core.package_identification:Package 'src/articubot_1' with type 'ros.ament_cmake' and name 'articubot_1'
[0.407s] Level 1:colcon.colcon_core.package_identification:_identify(src/bringup) by extensions ['ignore', 'ignore_ament_install']
[0.407s] Level 1:colcon.colcon_core.package_identification:_identify(src/bringup) by extension 'ignore'
[0.408s] Level 1:colcon.colcon_core.package_identification:_identify(src/bringup) by extension 'ignore_ament_install'
[0.408s] Level 1:colcon.colcon_core.package_identification:_identify(src/bringup) by extensions ['colcon_pkg']
[0.408s] Level 1:colcon.colcon_core.package_identification:_identify(src/bringup) by extension 'colcon_pkg'
[0.408s] Level 1:colcon.colcon_core.package_identification:_identify(src/bringup) by extensions ['colcon_meta']
[0.408s] Level 1:colcon.colcon_core.package_identification:_identify(src/bringup) by extension 'colcon_meta'
[0.408s] Level 1:colcon.colcon_core.package_identification:_identify(src/bringup) by extensions ['ros']
[0.408s] Level 1:colcon.colcon_core.package_identification:_identify(src/bringup) by extension 'ros'
[0.409s] DEBUG:colcon.colcon_core.package_identification:Package 'src/bringup' with type 'ros.ament_python' and name 'bringup'
[0.409s] Level 1:colcon.colcon_core.package_identification:_identify(src/dekut_amr_description) by extensions ['ignore', 'ignore_ament_install']
[0.409s] Level 1:colcon.colcon_core.package_identification:_identify(src/dekut_amr_description) by extension 'ignore'
[0.409s] Level 1:colcon.colcon_core.package_identification:_identify(src/dekut_amr_description) by extension 'ignore_ament_install'
[0.410s] Level 1:colcon.colcon_core.package_identification:_identify(src/dekut_amr_description) by extensions ['colcon_pkg']
[0.410s] Level 1:colcon.colcon_core.package_identification:_identify(src/dekut_amr_description) by extension 'colcon_pkg'
[0.410s] Level 1:colcon.colcon_core.package_identification:_identify(src/dekut_amr_description) by extensions ['colcon_meta']
[0.410s] Level 1:colcon.colcon_core.package_identification:_identify(src/dekut_amr_description) by extension 'colcon_meta'
[0.410s] Level 1:colcon.colcon_core.package_identification:_identify(src/dekut_amr_description) by extensions ['ros']
[0.410s] Level 1:colcon.colcon_core.package_identification:_identify(src/dekut_amr_description) by extension 'ros'
[0.411s] DEBUG:colcon.colcon_core.package_identification:Package 'src/dekut_amr_description' with type 'ros.ament_python' and name 'dekut_amr_description'
[0.411s] Level 1:colcon.colcon_core.package_identification:_identify(src/slam1) by extensions ['ignore', 'ignore_ament_install']
[0.411s] Level 1:colcon.colcon_core.package_identification:_identify(src/slam1) by extension 'ignore'
[0.411s] Level 1:colcon.colcon_core.package_identification:_identify(src/slam1) by extension 'ignore_ament_install'
[0.412s] Level 1:colcon.colcon_core.package_identification:_identify(src/slam1) by extensions ['colcon_pkg']
[0.412s] Level 1:colcon.colcon_core.package_identification:_identify(src/slam1) by extension 'colcon_pkg'
[0.412s] Level 1:colcon.colcon_core.package_identification:_identify(src/slam1) by extensions ['colcon_meta']
[0.412s] Level 1:colcon.colcon_core.package_identification:_identify(src/slam1) by extension 'colcon_meta'
[0.412s] Level 1:colcon.colcon_core.package_identification:_identify(src/slam1) by extensions ['ros']
[0.412s] Level 1:colcon.colcon_core.package_identification:_identify(src/slam1) by extension 'ros'
[0.413s] DEBUG:colcon.colcon_core.package_identification:Package 'src/slam1' with type 'ros.ament_python' and name 'slam1'
[0.413s] Level 1:colcon.colcon_core.package_discovery:discover_packages(recursive) using defaults
[0.413s] Level 1:colcon.colcon_core.package_discovery:discover_packages(ignore) discover
[0.413s] Level 1:colcon.colcon_core.package_discovery:discover_packages(ignore) using defaults
[0.413s] Level 1:colcon.colcon_core.package_discovery:discover_packages(path) discover
[0.413s] Level 1:colcon.colcon_core.package_discovery:discover_packages(path) using defaults
[0.451s] Level 1:colcon.colcon_core.package_discovery:discover_packages(prefix_path) check parameters
[0.451s] Level 1:colcon.colcon_core.package_discovery:discover_packages(prefix_path) discover
[0.454s] DEBUG:colcon.colcon_installed_package_information.package_discovery:Found 4 installed packages in /home/brian/dev_ws/install
[0.455s] DEBUG:colcon.colcon_installed_package_information.package_discovery:Found 2 installed packages in /home/brian/ros2_ws/install
[0.457s] DEBUG:colcon.colcon_installed_package_information.package_discovery:Found 379 installed packages in /opt/ros/humble
[0.459s] Level 1:colcon.colcon_core.package_discovery:discover_packages(prefix_path) using defaults
[0.522s] Level 5:colcon.colcon_core.verb:set package 'articubot_1' build argument 'cmake_args' from command line to 'None'
[0.522s] Level 5:colcon.colcon_core.verb:set package 'articubot_1' build argument 'cmake_target' from command line to 'None'
[0.523s] Level 5:colcon.colcon_core.verb:set package 'articubot_1' build argument 'cmake_target_skip_unavailable' from command line to 'False'
[0.523s] Level 5:colcon.colcon_core.verb:set package 'articubot_1' build argument 'cmake_clean_cache' from command line to 'False'
[0.523s] Level 5:colcon.colcon_core.verb:set package 'articubot_1' build argument 'cmake_clean_first' from command line to 'False'
[0.523s] Level 5:colcon.colcon_core.verb:set package 'articubot_1' build argument 'cmake_force_configure' from command line to 'False'
[0.523s] Level 5:colcon.colcon_core.verb:set package 'articubot_1' build argument 'ament_cmake_args' from command line to 'None'
[0.523s] Level 5:colcon.colcon_core.verb:set package 'articubot_1' build argument 'catkin_cmake_args' from command line to 'None'
[0.523s] Level 5:colcon.colcon_core.verb:set package 'articubot_1' build argument 'catkin_skip_building_tests' from command line to 'False'
[0.523s] DEBUG:colcon.colcon_core.verb:Building package 'articubot_1' with the following arguments: {'ament_cmake_args': None, 'build_base': '/home/brian/dev_ws/build/articubot_1', 'catkin_cmake_args': None, 'catkin_skip_building_tests': False, 'cmake_args': None, 'cmake_clean_cache': False, 'cmake_clean_first': False, 'cmake_force_configure': False, 'cmake_target': None, 'cmake_target_skip_unavailable': False, 'install_base': '/home/brian/dev_ws/install/articubot_1', 'merge_install': False, 'path': '/home/brian/dev_ws/src/articubot_1', 'symlink_install': False, 'test_result_base': None}
[0.523s] Level 5:colcon.colcon_core.verb:set package 'bringup' build argument 'cmake_args' from command line to 'None'
[0.523s] Level 5:colcon.colcon_core.verb:set package 'bringup' build argument 'cmake_target' from command line to 'None'
[0.524s] Level 5:colcon.colcon_core.verb:set package 'bringup' build argument 'cmake_target_skip_unavailable' from command line to 'False'
[0.524s] Level 5:colcon.colcon_core.verb:set package 'bringup' build argument 'cmake_clean_cache' from command line to 'False'
[0.524s] Level 5:colcon.colcon_core.verb:set package 'bringup' build argument 'cmake_clean_first' from command line to 'False'
[0.524s] Level 5:colcon.colcon_core.verb:set package 'bringup' build argument 'cmake_force_configure' from command line to 'False'
[0.524s] Level 5:colcon.colcon_core.verb:set package 'bringup' build argument 'ament_cmake_args' from command line to 'None'
[0.524s] Level 5:colcon.colcon_core.verb:set package 'bringup' build argument 'catkin_cmake_args' from command line to 'None'
[0.524s] Level 5:colcon.colcon_core.verb:set package 'bringup' build argument 'catkin_skip_building_tests' from command line to 'False'
[0.524s] DEBUG:colcon.colcon_core.verb:Building package 'bringup' with the following arguments: {'ament_cmake_args': None, 'build_base': '/home/brian/dev_ws/build/bringup', 'catkin_cmake_args': None, 'catkin_skip_building_tests': False, 'cmake_args': None, 'cmake_clean_cache': False, 'cmake_clean_first': False, 'cmake_force_configure': False, 'cmake_target': None, 'cmake_target_skip_unavailable': False, 'install_base': '/home/brian/dev_ws/install/bringup', 'merge_install': False, 'path': '/home/brian/dev_ws/src/bringup', 'symlink_install': False, 'test_result_base': None}
[0.524s] Level 5:colcon.colcon_core.verb:set package 'dekut_amr_description' build argument 'cmake_args' from command line to 'None'
[0.524s] Level 5:colcon.colcon_core.verb:set package 'dekut_amr_description' build argument 'cmake_target' from command line to 'None'
[0.524s] Level 5:colcon.colcon_core.verb:set package 'dekut_amr_description' build argument 'cmake_target_skip_unavailable' from command line to 'False'
[0.524s] Level 5:colcon.colcon_core.verb:set package 'dekut_amr_description' build argument 'cmake_clean_cache' from command line to 'False'
[0.525s] Level 5:colcon.colcon_core.verb:set package 'dekut_amr_description' build argument 'cmake_clean_first' from command line to 'False'
[0.525s] Level 5:colcon.colcon_core.verb:set package 'dekut_amr_description' build argument 'cmake_force_configure' from command line to 'False'
[0.525s] Level 5:colcon.colcon_core.verb:set package 'dekut_amr_description' build argument 'ament_cmake_args' from command line to 'None'
[0.525s] Level 5:colcon.colcon_core.verb:set package 'dekut_amr_description' build argument 'catkin_cmake_args' from command line to 'None'
[0.525s] Level 5:colcon.colcon_core.verb:set package 'dekut_amr_description' build argument 'catkin_skip_building_tests' from command line to 'False'
[0.525s] DEBUG:colcon.colcon_core.verb:Building package 'dekut_amr_description' with the following arguments: {'ament_cmake_args': None, 'build_base': '/home/brian/dev_ws/build/dekut_amr_description', 'catkin_cmake_args': None, 'catkin_skip_building_tests': False, 'cmake_args': None, 'cmake_clean_cache': False, 'cmake_clean_first': False, 'cmake_force_configure': False, 'cmake_target': None, 'cmake_target_skip_unavailable': False, 'install_base': '/home/brian/dev_ws/install/dekut_amr_description', 'merge_install': False, 'path': '/home/brian/dev_ws/src/dekut_amr_description', 'symlink_install': False, 'test_result_base': None}
[0.525s] Level 5:colcon.colcon_core.verb:set package 'slam1' build argument 'cmake_args' from command line to 'None'
[0.525s] Level 5:colcon.colcon_core.verb:set package 'slam1' build argument 'cmake_target' from command line to 'None'
[0.525s] Level 5:colcon.colcon_core.verb:set package 'slam1' build argument 'cmake_target_skip_unavailable' from command line to 'False'
[0.525s] Level 5:colcon.colcon_core.verb:set package 'slam1' build argument 'cmake_clean_cache' from command line to 'False'
[0.525s] Level 5:colcon.colcon_core.verb:set package 'slam1' build argument 'cmake_clean_first' from command line to 'False'
[0.525s] Level 5:colcon.colcon_core.verb:set package 'slam1' build argument 'cmake_force_configure' from command line to 'False'
[0.526s] Level 5:colcon.colcon_core.verb:set package 'slam1' build argument 'ament_cmake_args' from command line to 'None'
[0.526s] Level 5:colcon.colcon_core.verb:set package 'slam1' build argument 'catkin_cmake_args' from command line to 'None'
[0.526s] Level 5:colcon.colcon_core.verb:set package 'slam1' build argument 'catkin_skip_building_tests' from command line to 'False'
[0.526s] DEBUG:colcon.colcon_core.verb:Building package 'slam1' with the following arguments: {'ament_cmake_args': None, 'build_base': '/home/brian/dev_ws/build/slam1', 'catkin_cmake_args': None, 'catkin_skip_building_tests': False, 'cmake_args': None, 'cmake_clean_cache': False, 'cmake_clean_first': False, 'cmake_force_configure': False, 'cmake_target': None, 'cmake_target_skip_unavailable': False, 'install_base': '/home/brian/dev_ws/install/slam1', 'merge_install': False, 'path': '/home/brian/dev_ws/src/slam1', 'symlink_install': False, 'test_result_base': None}
[0.526s] INFO:colcon.colcon_core.executor:Executing jobs using 'parallel' executor
[0.528s] DEBUG:colcon.colcon_parallel_executor.executor.parallel:run_until_complete
[0.528s] INFO:colcon.colcon_ros.task.ament_cmake.build:Building ROS package in '/home/brian/dev_ws/src/articubot_1' with build type 'ament_cmake'
[0.528s] INFO:colcon.colcon_cmake.task.cmake.build:Building CMake package in '/home/brian/dev_ws/src/articubot_1'
[0.532s] INFO:colcon.colcon_core.plugin_system:Skipping extension 'colcon_core.shell.bat': Not used on non-Windows systems
[0.533s] INFO:colcon.colcon_core.shell:Skip shell extension 'powershell' for command environment: Not usable outside of PowerShell
[0.533s] DEBUG:colcon.colcon_core.shell:Skip shell extension 'dsv' for command environment
[0.540s] INFO:colcon.colcon_ros.task.ament_python.build:Building ROS package in '/home/brian/dev_ws/src/bringup' with build type 'ament_python'
[0.540s] Level 1:colcon.colcon_core.shell:create_environment_hook('bringup', 'ament_prefix_path')
[0.541s] INFO:colcon.colcon_core.shell:Creating environment hook '/home/brian/dev_ws/install/bringup/share/bringup/hook/ament_prefix_path.ps1'
[0.543s] INFO:colcon.colcon_core.shell:Creating environment descriptor '/home/brian/dev_ws/install/bringup/share/bringup/hook/ament_prefix_path.dsv'
[0.543s] INFO:colcon.colcon_core.shell:Creating environment hook '/home/brian/dev_ws/install/bringup/share/bringup/hook/ament_prefix_path.sh'
[0.545s] INFO:colcon.colcon_core.shell:Skip shell extension 'powershell' for command environment: Not usable outside of PowerShell
[0.545s] DEBUG:colcon.colcon_core.shell:Skip shell extension 'dsv' for command environment
[0.550s] INFO:colcon.colcon_ros.task.ament_python.build:Building ROS package in '/home/brian/dev_ws/src/dekut_amr_description' with build type 'ament_python'
[0.551s] Level 1:colcon.colcon_core.shell:create_environment_hook('dekut_amr_description', 'ament_prefix_path')
[0.551s] INFO:colcon.colcon_core.shell:Creating environment hook '/home/brian/dev_ws/install/dekut_amr_description/share/dekut_amr_description/hook/ament_prefix_path.ps1'
[0.552s] INFO:colcon.colcon_core.shell:Creating environment descriptor '/home/brian/dev_ws/install/dekut_amr_description/share/dekut_amr_description/hook/ament_prefix_path.dsv'
[0.553s] INFO:colcon.colcon_core.shell:Creating environment hook '/home/brian/dev_ws/install/dekut_amr_description/share/dekut_amr_description/hook/ament_prefix_path.sh'
[0.554s] INFO:colcon.colcon_core.shell:Skip shell extension 'powershell' for command environment: Not usable outside of PowerShell
[0.554s] DEBUG:colcon.colcon_core.shell:Skip shell extension 'dsv' for command environment
[0.561s] INFO:colcon.colcon_ros.task.ament_python.build:Building ROS package in '/home/brian/dev_ws/src/slam1' with build type 'ament_python'
[0.561s] Level 1:colcon.colcon_core.shell:create_environment_hook('slam1', 'ament_prefix_path')
[0.562s] INFO:colcon.colcon_core.shell:Creating environment hook '/home/brian/dev_ws/install/slam1/share/slam1/hook/ament_prefix_path.ps1'
[0.563s] INFO:colcon.colcon_core.shell:Creating environment descriptor '/home/brian/dev_ws/install/slam1/share/slam1/hook/ament_prefix_path.dsv'
[0.563s] INFO:colcon.colcon_core.shell:Creating environment hook '/home/brian/dev_ws/install/slam1/share/slam1/hook/ament_prefix_path.sh'
[0.565s] INFO:colcon.colcon_core.shell:Skip shell extension 'powershell' for command environment: Not usable outside of PowerShell
[0.565s] DEBUG:colcon.colcon_core.shell:Skip shell extension 'dsv' for command environment
[0.580s] DEBUG:colcon.colcon_core.event_handler.log_command:Invoking command in '/home/brian/dev_ws/build/articubot_1': CMAKE_PREFIX_PATH=${CMAKE_PREFIX_PATH}:/home/brian/dev_ws/install/slam1:/home/brian/dev_ws/install/dekut_amr_description:/home/brian/dev_ws/install/bringup:/home/brian/ros2_ws/install/camera_pkg:/opt/ros/humble /usr/bin/cmake --build /home/brian/dev_ws/build/articubot_1 -- -j4 -l4
[1.024s] INFO:colcon.colcon_core.task.python.build:Building Python package in '/home/brian/dev_ws/src/bringup'
[1.024s] INFO:colcon.colcon_core.shell:Skip shell extension 'powershell' for command environment: Not usable outside of PowerShell
[1.024s] DEBUG:colcon.colcon_core.shell:Skip shell extension 'dsv' for command environment
[1.404s] INFO:colcon.colcon_core.task.python.build:Building Python package in '/home/brian/dev_ws/src/dekut_amr_description'
[1.404s] INFO:colcon.colcon_core.shell:Skip shell extension 'powershell' for command environment: Not usable outside of PowerShell
[1.405s] DEBUG:colcon.colcon_core.shell:Skip shell extension 'dsv' for command environment
[1.782s] INFO:colcon.colcon_core.task.python.build:Building Python package in '/home/brian/dev_ws/src/slam1'
[1.783s] INFO:colcon.colcon_core.shell:Skip shell extension 'powershell' for command environment: Not usable outside of PowerShell
[1.783s] DEBUG:colcon.colcon_core.shell:Skip shell extension 'dsv' for command environment
[1.791s] DEBUG:colcon.colcon_core.event_handler.log_command:Invoked command in '/home/brian/dev_ws/build/articubot_1' returned '0': CMAKE_PREFIX_PATH=${CMAKE_PREFIX_PATH}:/home/brian/dev_ws/install/slam1:/home/brian/dev_ws/install/dekut_amr_description:/home/brian/dev_ws/install/bringup:/home/brian/ros2_ws/install/camera_pkg:/opt/ros/humble /usr/bin/cmake --build /home/brian/dev_ws/build/articubot_1 -- -j4 -l4
[1.806s] DEBUG:colcon.colcon_core.event_handler.log_command:Invoking command in '/home/brian/dev_ws/build/articubot_1': CMAKE_PREFIX_PATH=${CMAKE_PREFIX_PATH}:/home/brian/dev_ws/install/slam1:/home/brian/dev_ws/install/dekut_amr_description:/home/brian/dev_ws/install/bringup:/home/brian/ros2_ws/install/camera_pkg:/opt/ros/humble /usr/bin/cmake --install /home/brian/dev_ws/build/articubot_1
[1.841s] Level 1:colcon.colcon_core.environment:create_environment_scripts_only(articubot_1)
[1.844s] DEBUG:colcon.colcon_core.event_handler.log_command:Invoked command in '/home/brian/dev_ws/build/articubot_1' returned '0': CMAKE_PREFIX_PATH=${CMAKE_PREFIX_PATH}:/home/brian/dev_ws/install/slam1:/home/brian/dev_ws/install/dekut_amr_description:/home/brian/dev_ws/install/bringup:/home/brian/ros2_ws/install/camera_pkg:/opt/ros/humble /usr/bin/cmake --install /home/brian/dev_ws/build/articubot_1
[1.847s] Level 1:colcon.colcon_core.environment:checking '/home/brian/dev_ws/install/articubot_1' for CMake module files
[1.851s] Level 1:colcon.colcon_core.environment:checking '/home/brian/dev_ws/install/articubot_1' for CMake config files
[1.852s] Level 1:colcon.colcon_core.shell:create_environment_hook('articubot_1', 'cmake_prefix_path')
[1.852s] INFO:colcon.colcon_core.shell:Creating environment hook '/home/brian/dev_ws/install/articubot_1/share/articubot_1/hook/cmake_prefix_path.ps1'
[1.853s] INFO:colcon.colcon_core.shell:Creating environment descriptor '/home/brian/dev_ws/install/articubot_1/share/articubot_1/hook/cmake_prefix_path.dsv'
[1.854s] INFO:colcon.colcon_core.shell:Creating environment hook '/home/brian/dev_ws/install/articubot_1/share/articubot_1/hook/cmake_prefix_path.sh'
[1.856s] Level 1:colcon.colcon_core.environment:checking '/home/brian/dev_ws/install/articubot_1/bin'
[1.856s] Level 1:colcon.colcon_core.environment:checking '/home/brian/dev_ws/install/articubot_1/lib/pkgconfig/articubot_1.pc'
[1.856s] Level 1:colcon.colcon_core.environment:checking '/home/brian/dev_ws/install/articubot_1/lib/python3.10/site-packages'
[1.857s] Level 1:colcon.colcon_core.environment:checking '/home/brian/dev_ws/install/articubot_1/bin'
[1.861s] INFO:colcon.colcon_core.shell:Creating package script '/home/brian/dev_ws/install/articubot_1/share/articubot_1/package.ps1'
[1.863s] INFO:colcon.colcon_core.shell:Creating package descriptor '/home/brian/dev_ws/install/articubot_1/share/articubot_1/package.dsv'
[1.866s] INFO:colcon.colcon_core.shell:Creating package script '/home/brian/dev_ws/install/articubot_1/share/articubot_1/package.sh'
[1.868s] INFO:colcon.colcon_core.shell:Creating package script '/home/brian/dev_ws/install/articubot_1/share/articubot_1/package.bash'
[1.869s] INFO:colcon.colcon_core.shell:Creating package script '/home/brian/dev_ws/install/articubot_1/share/articubot_1/package.zsh'
[1.871s] Level 1:colcon.colcon_core.environment:create_file_with_runtime_dependencies(/home/brian/dev_ws/install/articubot_1/share/colcon-core/packages/articubot_1)
[1.872s] Level 1:colcon.colcon_core.environment:create_environment_scripts_only(articubot_1)
[1.873s] Level 1:colcon.colcon_core.environment:checking '/home/brian/dev_ws/install/articubot_1' for CMake module files
[1.874s] Level 1:colcon.colcon_core.environment:checking '/home/brian/dev_ws/install/articubot_1' for CMake config files
[1.875s] Level 1:colcon.colcon_core.shell:create_environment_hook('articubot_1', 'cmake_prefix_path')
[1.875s] INFO:colcon.colcon_core.shell:Creating environment hook '/home/brian/dev_ws/install/articubot_1/share/articubot_1/hook/cmake_prefix_path.ps1'
[1.876s] INFO:colcon.colcon_core.shell:Creating environment descriptor '/home/brian/dev_ws/install/articubot_1/share/articubot_1/hook/cmake_prefix_path.dsv'
[1.877s] INFO:colcon.colcon_core.shell:Creating environment hook '/home/brian/dev_ws/install/articubot_1/share/articubot_1/hook/cmake_prefix_path.sh'
[1.878s] Level 1:colcon.colcon_core.environment:checking '/home/brian/dev_ws/install/articubot_1/bin'
[1.879s] Level 1:colcon.colcon_core.environment:checking '/home/brian/dev_ws/install/articubot_1/lib/pkgconfig/articubot_1.pc'
[1.881s] Level 1:colcon.colcon_core.environment:checking '/home/brian/dev_ws/install/articubot_1/lib/python3.10/site-packages'
[1.882s] Level 1:colcon.colcon_core.environment:checking '/home/brian/dev_ws/install/articubot_1/bin'
[1.883s] INFO:colcon.colcon_core.shell:Creating package script '/home/brian/dev_ws/install/articubot_1/share/articubot_1/package.ps1'
[1.884s] INFO:colcon.colcon_core.shell:Creating package descriptor '/home/brian/dev_ws/install/articubot_1/share/articubot_1/package.dsv'
[1.885s] INFO:colcon.colcon_core.shell:Creating package script '/home/brian/dev_ws/install/articubot_1/share/articubot_1/package.sh'
[1.886s] INFO:colcon.colcon_core.shell:Creating package script '/home/brian/dev_ws/install/articubot_1/share/articubot_1/package.bash'
[1.888s] INFO:colcon.colcon_core.shell:Creating package script '/home/brian/dev_ws/install/articubot_1/share/articubot_1/package.zsh'
[1.889s] Level 1:colcon.colcon_core.environment:create_file_with_runtime_dependencies(/home/brian/dev_ws/install/articubot_1/share/colcon-core/packages/articubot_1)
[2.504s] DEBUG:colcon.colcon_core.event_handler.log_command:Invoking command in '/home/brian/dev_ws/src/slam1': PYTHONPATH=/home/brian/dev_ws/build/slam1/prefix_override:/usr/lib/python3/dist-packages/colcon_core/task/python/colcon_distutils_commands:/home/brian/dev_ws/install/slam1/lib/python3.10/site-packages:${PYTHONPATH} /usr/bin/python3 -W ignore:setup.py install is deprecated -W ignore:easy_install command is deprecated setup.py egg_info --egg-base ../../build/slam1 build --build-base /home/brian/dev_ws/build/slam1/build install --record /home/brian/dev_ws/build/slam1/install.log --single-version-externally-managed install_data
[2.801s] DEBUG:colcon.colcon_core.event_handler.log_command:Invoking command in '/home/brian/dev_ws/src/bringup': PYTHONPATH=/home/brian/dev_ws/build/bringup/prefix_override:/usr/lib/python3/dist-packages/colcon_core/task/python/colcon_distutils_commands:/home/brian/dev_ws/install/bringup/lib/python3.10/site-packages:${PYTHONPATH} /usr/bin/python3 -W ignore:setup.py install is deprecated -W ignore:easy_install command is deprecated setup.py egg_info --egg-base ../../build/bringup build --build-base /home/brian/dev_ws/build/bringup/build install --record /home/brian/dev_ws/build/bringup/install.log --single-version-externally-managed install_data
[2.836s] DEBUG:colcon.colcon_core.event_handler.log_command:Invoking command in '/home/brian/dev_ws/src/dekut_amr_description': PYTHONPATH=/home/brian/dev_ws/build/dekut_amr_description/prefix_override:/usr/lib/python3/dist-packages/colcon_core/task/python/colcon_distutils_commands:/home/brian/dev_ws/install/dekut_amr_description/lib/python3.10/site-packages:${PYTHONPATH} /usr/bin/python3 -W ignore:setup.py install is deprecated -W ignore:easy_install command is deprecated setup.py egg_info --egg-base ../../build/dekut_amr_description build --build-base /home/brian/dev_ws/build/dekut_amr_description/build install --record /home/brian/dev_ws/build/dekut_amr_description/install.log --single-version-externally-managed install_data
[3.138s] Level 1:colcon.colcon_core.environment:checking '/home/brian/dev_ws/install/slam1' for CMake module files
[3.140s] DEBUG:colcon.colcon_core.event_handler.log_command:Invoked command in '/home/brian/dev_ws/src/slam1' returned '0': PYTHONPATH=/home/brian/dev_ws/build/slam1/prefix_override:/usr/lib/python3/dist-packages/colcon_core/task/python/colcon_distutils_commands:/home/brian/dev_ws/install/slam1/lib/python3.10/site-packages:${PYTHONPATH} /usr/bin/python3 -W ignore:setup.py install is deprecated -W ignore:easy_install command is deprecated setup.py egg_info --egg-base ../../build/slam1 build --build-base /home/brian/dev_ws/build/slam1/build install --record /home/brian/dev_ws/build/slam1/install.log --single-version-externally-managed install_data
[3.140s] Level 1:colcon.colcon_core.environment:checking '/home/brian/dev_ws/install/slam1' for CMake config files
[3.141s] Level 1:colcon.colcon_core.environment:checking '/home/brian/dev_ws/install/slam1/lib'
[3.142s] Level 1:colcon.colcon_core.environment:checking '/home/brian/dev_ws/install/slam1/bin'
[3.142s] Level 1:colcon.colcon_core.environment:checking '/home/brian/dev_ws/install/slam1/lib/pkgconfig/slam1.pc'
[3.142s] Level 1:colcon.colcon_core.environment:checking '/home/brian/dev_ws/install/slam1/lib/python3.10/site-packages'
[3.143s] Level 1:colcon.colcon_core.shell:create_environment_hook('slam1', 'pythonpath')
[3.143s] INFO:colcon.colcon_core.shell:Creating environment hook '/home/brian/dev_ws/install/slam1/share/slam1/hook/pythonpath.ps1'
[3.144s] INFO:colcon.colcon_core.shell:Creating environment descriptor '/home/brian/dev_ws/install/slam1/share/slam1/hook/pythonpath.dsv'
[3.145s] INFO:colcon.colcon_core.shell:Creating environment hook '/home/brian/dev_ws/install/slam1/share/slam1/hook/pythonpath.sh'
[3.146s] Level 1:colcon.colcon_core.environment:checking '/home/brian/dev_ws/install/slam1/bin'
[3.146s] Level 1:colcon.colcon_core.environment:create_environment_scripts_only(slam1)
[3.146s] INFO:colcon.colcon_core.shell:Creating package script '/home/brian/dev_ws/install/slam1/share/slam1/package.ps1'
[3.147s] INFO:colcon.colcon_core.shell:Creating package descriptor '/home/brian/dev_ws/install/slam1/share/slam1/package.dsv'
[3.148s] INFO:colcon.colcon_core.shell:Creating package script '/home/brian/dev_ws/install/slam1/share/slam1/package.sh'
[3.149s] INFO:colcon.colcon_core.shell:Creating package script '/home/brian/dev_ws/install/slam1/share/slam1/package.bash'
[3.150s] INFO:colcon.colcon_core.shell:Creating package script '/home/brian/dev_ws/install/slam1/share/slam1/package.zsh'
[3.151s] Level 1:colcon.colcon_core.environment:create_file_with_runtime_dependencies(/home/brian/dev_ws/install/slam1/share/colcon-core/packages/slam1)
[3.458s] Level 1:colcon.colcon_core.environment:checking '/home/brian/dev_ws/install/bringup' for CMake module files
[3.459s] DEBUG:colcon.colcon_core.event_handler.log_command:Invoked command in '/home/brian/dev_ws/src/bringup' returned '0': PYTHONPATH=/home/brian/dev_ws/build/bringup/prefix_override:/usr/lib/python3/dist-packages/colcon_core/task/python/colcon_distutils_commands:/home/brian/dev_ws/install/bringup/lib/python3.10/site-packages:${PYTHONPATH} /usr/bin/python3 -W ignore:setup.py install is deprecated -W ignore:easy_install command is deprecated setup.py egg_info --egg-base ../../build/bringup build --build-base /home/brian/dev_ws/build/bringup/build install --record /home/brian/dev_ws/build/bringup/install.log --single-version-externally-managed install_data
[3.460s] Level 1:colcon.colcon_core.environment:checking '/home/brian/dev_ws/install/bringup' for CMake config files
[3.461s] Level 1:colcon.colcon_core.environment:checking '/home/brian/dev_ws/install/bringup/lib'
[3.461s] Level 1:colcon.colcon_core.environment:checking '/home/brian/dev_ws/install/bringup/bin'
[3.461s] Level 1:colcon.colcon_core.environment:checking '/home/brian/dev_ws/install/bringup/lib/pkgconfig/bringup.pc'
[3.462s] Level 1:colcon.colcon_core.environment:checking '/home/brian/dev_ws/install/bringup/lib/python3.10/site-packages'
[3.462s] Level 1:colcon.colcon_core.shell:create_environment_hook('bringup', 'pythonpath')
[3.462s] INFO:colcon.colcon_core.shell:Creating environment hook '/home/brian/dev_ws/install/bringup/share/bringup/hook/pythonpath.ps1'
[3.463s] INFO:colcon.colcon_core.shell:Creating environment descriptor '/home/brian/dev_ws/install/bringup/share/bringup/hook/pythonpath.dsv'
[3.463s] INFO:colcon.colcon_core.shell:Creating environment hook '/home/brian/dev_ws/install/bringup/share/bringup/hook/pythonpath.sh'
[3.464s] Level 1:colcon.colcon_core.environment:checking '/home/brian/dev_ws/install/bringup/bin'
[3.464s] Level 1:colcon.colcon_core.environment:create_environment_scripts_only(bringup)
[3.465s] INFO:colcon.colcon_core.shell:Creating package script '/home/brian/dev_ws/install/bringup/share/bringup/package.ps1'
[3.466s] INFO:colcon.colcon_core.shell:Creating package descriptor '/home/brian/dev_ws/install/bringup/share/bringup/package.dsv'
[3.467s] INFO:colcon.colcon_core.shell:Creating package script '/home/brian/dev_ws/install/bringup/share/bringup/package.sh'
[3.468s] INFO:colcon.colcon_core.shell:Creating package script '/home/brian/dev_ws/install/bringup/share/bringup/package.bash'
[3.468s] INFO:colcon.colcon_core.shell:Creating package script '/home/brian/dev_ws/install/bringup/share/bringup/package.zsh'
[3.469s] Level 1:colcon.colcon_core.environment:create_file_with_runtime_dependencies(/home/brian/dev_ws/install/bringup/share/colcon-core/packages/bringup)
[3.482s] Level 1:colcon.colcon_core.environment:checking '/home/brian/dev_ws/install/dekut_amr_description' for CMake module files
[3.484s] DEBUG:colcon.colcon_core.event_handler.log_command:Invoked command in '/home/brian/dev_ws/src/dekut_amr_description' returned '0': PYTHONPATH=/home/brian/dev_ws/build/dekut_amr_description/prefix_override:/usr/lib/python3/dist-packages/colcon_core/task/python/colcon_distutils_commands:/home/brian/dev_ws/install/dekut_amr_description/lib/python3.10/site-packages:${PYTHONPATH} /usr/bin/python3 -W ignore:setup.py install is deprecated -W ignore:easy_install command is deprecated setup.py egg_info --egg-base ../../build/dekut_amr_description build --build-base /home/brian/dev_ws/build/dekut_amr_description/build install --record /home/brian/dev_ws/build/dekut_amr_description/install.log --single-version-externally-managed install_data
[3.484s] Level 1:colcon.colcon_core.environment:checking '/home/brian/dev_ws/install/dekut_amr_description' for CMake config files
[3.485s] Level 1:colcon.colcon_core.environment:checking '/home/brian/dev_ws/install/dekut_amr_description/lib'
[3.486s] Level 1:colcon.colcon_core.environment:checking '/home/brian/dev_ws/install/dekut_amr_description/bin'
[3.486s] Level 1:colcon.colcon_core.environment:checking '/home/brian/dev_ws/install/dekut_amr_description/lib/pkgconfig/dekut_amr_description.pc'
[3.486s] Level 1:colcon.colcon_core.environment:checking '/home/brian/dev_ws/install/dekut_amr_description/lib/python3.10/site-packages'
[3.486s] Level 1:colcon.colcon_core.shell:create_environment_hook('dekut_amr_description', 'pythonpath')
[3.487s] INFO:colcon.colcon_core.shell:Creating environment hook '/home/brian/dev_ws/install/dekut_amr_description/share/dekut_amr_description/hook/pythonpath.ps1'
[3.487s] INFO:colcon.colcon_core.shell:Creating environment descriptor '/home/brian/dev_ws/install/dekut_amr_description/share/dekut_amr_description/hook/pythonpath.dsv'
[3.488s] INFO:colcon.colcon_core.shell:Creating environment hook '/home/brian/dev_ws/install/dekut_amr_description/share/dekut_amr_description/hook/pythonpath.sh'
[3.489s] Level 1:colcon.colcon_core.environment:checking '/home/brian/dev_ws/install/dekut_amr_description/bin'
[3.490s] Level 1:colcon.colcon_core.environment:create_environment_scripts_only(dekut_amr_description)
[3.490s] INFO:colcon.colcon_core.shell:Creating package script '/home/brian/dev_ws/install/dekut_amr_description/share/dekut_amr_description/package.ps1'
[3.491s] INFO:colcon.colcon_core.shell:Creating package descriptor '/home/brian/dev_ws/install/dekut_amr_description/share/dekut_amr_description/package.dsv'
[3.492s] INFO:colcon.colcon_core.shell:Creating package script '/home/brian/dev_ws/install/dekut_amr_description/share/dekut_amr_description/package.sh'
[3.492s] INFO:colcon.colcon_core.shell:Creating package script '/home/brian/dev_ws/install/dekut_amr_description/share/dekut_amr_description/package.bash'
[3.493s] INFO:colcon.colcon_core.shell:Creating package script '/home/brian/dev_ws/install/dekut_amr_description/share/dekut_amr_description/package.zsh'
[3.494s] Level 1:colcon.colcon_core.environment:create_file_with_runtime_dependencies(/home/brian/dev_ws/install/dekut_amr_description/share/colcon-core/packages/dekut_amr_description)
[3.494s] DEBUG:colcon.colcon_parallel_executor.executor.parallel:closing loop
[3.495s] DEBUG:colcon.colcon_parallel_executor.executor.parallel:loop closed
[3.495s] DEBUG:colcon.colcon_parallel_executor.executor.parallel:run_until_complete finished with '0'
[3.495s] DEBUG:colcon.colcon_core.event_reactor:joining thread
[3.504s] INFO:colcon.colcon_core.plugin_system:Skipping extension 'colcon_notification.desktop_notification.terminal_notifier': Not used on non-Darwin systems
[3.505s] INFO:colcon.colcon_core.plugin_system:Skipping extension 'colcon_notification.desktop_notification.win32': Not used on non-Windows systems
[3.505s] INFO:colcon.colcon_notification.desktop_notification:Sending desktop notification using 'notify2'
[3.520s] DEBUG:colcon.colcon_core.event_reactor:joined thread
[3.520s] INFO:colcon.colcon_core.shell:Creating prefix script '/home/brian/dev_ws/install/local_setup.ps1'
[3.522s] INFO:colcon.colcon_core.shell:Creating prefix util module '/home/brian/dev_ws/install/_local_setup_util_ps1.py'
[3.525s] INFO:colcon.colcon_core.shell:Creating prefix chain script '/home/brian/dev_ws/install/setup.ps1'
[3.529s] INFO:colcon.colcon_core.shell:Creating prefix script '/home/brian/dev_ws/install/local_setup.sh'
[3.530s] INFO:colcon.colcon_core.shell:Creating prefix util module '/home/brian/dev_ws/install/_local_setup_util_sh.py'
[3.531s] INFO:colcon.colcon_core.shell:Creating prefix chain script '/home/brian/dev_ws/install/setup.sh'
[3.534s] INFO:colcon.colcon_core.shell:Creating prefix script '/home/brian/dev_ws/install/local_setup.bash'
[3.535s] INFO:colcon.colcon_core.shell:Creating prefix chain script '/home/brian/dev_ws/install/setup.bash'
[3.538s] INFO:colcon.colcon_core.shell:Creating prefix script '/home/brian/dev_ws/install/local_setup.zsh'
[3.539s] INFO:colcon.colcon_core.shell:Creating prefix chain script '/home/brian/dev_ws/install/setup.zsh'
