running egg_info
creating ../../build/dekut_amr_description/dekut_amr_description.egg-info
writing ../../build/dekut_amr_description/dekut_amr_description.egg-info/PKG-INFO
writing dependency_links to ../../build/dekut_amr_description/dekut_amr_description.egg-info/dependency_links.txt
writing entry points to ../../build/dekut_amr_description/dekut_amr_description.egg-info/entry_points.txt
writing requirements to ../../build/dekut_amr_description/dekut_amr_description.egg-info/requires.txt
writing top-level names to ../../build/dekut_amr_description/dekut_amr_description.egg-info/top_level.txt
writing manifest file '../../build/dekut_amr_description/dekut_amr_description.egg-info/SOURCES.txt'
reading manifest file '../../build/dekut_amr_description/dekut_amr_description.egg-info/SOURCES.txt'
writing manifest file '../../build/dekut_amr_description/dekut_amr_description.egg-info/SOURCES.txt'
running build
running build_py
creating /home/brian/dev_ws/build/dekut_amr_description/build
creating /home/brian/dev_ws/build/dekut_amr_description/build/lib
creating /home/brian/dev_ws/build/dekut_amr_description/build/lib/dekut_amr_description
copying dekut_amr_description/odom_publisher.py -> /home/brian/dev_ws/build/dekut_amr_description/build/lib/dekut_amr_description
copying dekut_amr_description/ign_pose_to_tf.py -> /home/brian/dev_ws/build/dekut_amr_description/build/lib/dekut_amr_description
copying dekut_amr_description/__init__.py -> /home/brian/dev_ws/build/dekut_amr_description/build/lib/dekut_amr_description
running install
running install_lib
creating /home/brian/dev_ws/install/dekut_amr_description/lib/python3.10/site-packages/dekut_amr_description
copying /home/brian/dev_ws/build/dekut_amr_description/build/lib/dekut_amr_description/odom_publisher.py -> /home/brian/dev_ws/install/dekut_amr_description/lib/python3.10/site-packages/dekut_amr_description
copying /home/brian/dev_ws/build/dekut_amr_description/build/lib/dekut_amr_description/ign_pose_to_tf.py -> /home/brian/dev_ws/install/dekut_amr_description/lib/python3.10/site-packages/dekut_amr_description
copying /home/brian/dev_ws/build/dekut_amr_description/build/lib/dekut_amr_description/__init__.py -> /home/brian/dev_ws/install/dekut_amr_description/lib/python3.10/site-packages/dekut_amr_description
byte-compiling /home/brian/dev_ws/install/dekut_amr_description/lib/python3.10/site-packages/dekut_amr_description/odom_publisher.py to odom_publisher.cpython-310.pyc
byte-compiling /home/brian/dev_ws/install/dekut_amr_description/lib/python3.10/site-packages/dekut_amr_description/ign_pose_to_tf.py to ign_pose_to_tf.cpython-310.pyc
byte-compiling /home/brian/dev_ws/install/dekut_amr_description/lib/python3.10/site-packages/dekut_amr_description/__init__.py to __init__.cpython-310.pyc
running install_data
creating /home/brian/dev_ws/install/dekut_amr_description/share/ament_index
creating /home/brian/dev_ws/install/dekut_amr_description/share/ament_index/resource_index
creating /home/brian/dev_ws/install/dekut_amr_description/share/ament_index/resource_index/packages
copying resource/dekut_amr_description -> /home/brian/dev_ws/install/dekut_amr_description/share/ament_index/resource_index/packages
copying package.xml -> /home/brian/dev_ws/install/dekut_amr_description/share/dekut_amr_description
creating /home/brian/dev_ws/install/dekut_amr_description/share/dekut_amr_description/launch
copying launch/display.launch.py -> /home/brian/dev_ws/install/dekut_amr_description/share/dekut_amr_description/launch
copying launch/gazebo.launch.py -> /home/brian/dev_ws/install/dekut_amr_description/share/dekut_amr_description/launch
copying launch/bringup.launch.py -> /home/brian/dev_ws/install/dekut_amr_description/share/dekut_amr_description/launch
copying launch/robot_state.launch.py -> /home/brian/dev_ws/install/dekut_amr_description/share/dekut_amr_description/launch
creating /home/brian/dev_ws/install/dekut_amr_description/share/dekut_amr_description/urdf
copying urdf/materials.xacro -> /home/brian/dev_ws/install/dekut_amr_description/share/dekut_amr_description/urdf
copying urdf/dekut_amr.gazebo -> /home/brian/dev_ws/install/dekut_amr_description/share/dekut_amr_description/urdf
copying urdf/dekut_amr.xacro -> /home/brian/dev_ws/install/dekut_amr_description/share/dekut_amr_description/urdf
copying urdf/dekut_amr.trans -> /home/brian/dev_ws/install/dekut_amr_description/share/dekut_amr_description/urdf
copying urdf/ros2_control.xacro -> /home/brian/dev_ws/install/dekut_amr_description/share/dekut_amr_description/urdf
creating /home/brian/dev_ws/install/dekut_amr_description/share/dekut_amr_description/meshes
copying meshes/wheelbl_link_1.stl -> /home/brian/dev_ws/install/dekut_amr_description/share/dekut_amr_description/meshes
copying meshes/wheelfr_link_1.stl -> /home/brian/dev_ws/install/dekut_amr_description/share/dekut_amr_description/meshes
copying meshes/lidar_link_1.stl -> /home/brian/dev_ws/install/dekut_amr_description/share/dekut_amr_description/meshes
copying meshes/wheelfl_link_1.stl -> /home/brian/dev_ws/install/dekut_amr_description/share/dekut_amr_description/meshes
copying meshes/camera_link_1.stl -> /home/brian/dev_ws/install/dekut_amr_description/share/dekut_amr_description/meshes
copying meshes/wheelbr_link_1.stl -> /home/brian/dev_ws/install/dekut_amr_description/share/dekut_amr_description/meshes
copying meshes/base_link.stl -> /home/brian/dev_ws/install/dekut_amr_description/share/dekut_amr_description/meshes
creating /home/brian/dev_ws/install/dekut_amr_description/share/dekut_amr_description/config
copying config/gazebo.rviz -> /home/brian/dev_ws/install/dekut_amr_description/share/dekut_amr_description/config
copying config/ros_gz_bridge_gazebo.yaml -> /home/brian/dev_ws/install/dekut_amr_description/share/dekut_amr_description/config
copying config/display.rviz -> /home/brian/dev_ws/install/dekut_amr_description/share/dekut_amr_description/config
copying config/diff_drive.yaml -> /home/brian/dev_ws/install/dekut_amr_description/share/dekut_amr_description/config
copying config/ros2_control.yaml -> /home/brian/dev_ws/install/dekut_amr_description/share/dekut_amr_description/config
running install_egg_info
Copying ../../build/dekut_amr_description/dekut_amr_description.egg-info to /home/brian/dev_ws/install/dekut_amr_description/lib/python3.10/site-packages/dekut_amr_description-0.0.0-py3.10.egg-info
running install_scripts
Installing ign_pose_to_tf script to /home/brian/dev_ws/install/dekut_amr_description/lib/fusion2urdf_ros2
Installing odom_publisher script to /home/brian/dev_ws/install/dekut_amr_description/lib/fusion2urdf_ros2
writing list of installed files to '/home/brian/dev_ws/build/dekut_amr_description/install.log'
