[1.066s] Invoking command in '/home/brian/dev_ws/src/dekut_amr_description': PYTHONPATH=/home/brian/dev_ws/build/dekut_amr_description/prefix_override:/usr/lib/python3/dist-packages/colcon_core/task/python/colcon_distutils_commands:/home/brian/dev_ws/install/dekut_amr_description/lib/python3.10/site-packages:${PYTHONPATH} /usr/bin/python3 -W ignore:setup.py install is deprecated -W ignore:easy_install command is deprecated setup.py egg_info --egg-base ../../build/dekut_amr_description build --build-base /home/brian/dev_ws/build/dekut_amr_description/build install --record /home/brian/dev_ws/build/dekut_amr_description/install.log --single-version-externally-managed install_data
[1.467s] running egg_info
[1.468s] creating ../../build/dekut_amr_description/dekut_amr_description.egg-info
[1.469s] writing ../../build/dekut_amr_description/dekut_amr_description.egg-info/PKG-INFO
[1.469s] writing dependency_links to ../../build/dekut_amr_description/dekut_amr_description.egg-info/dependency_links.txt
[1.469s] writing entry points to ../../build/dekut_amr_description/dekut_amr_description.egg-info/entry_points.txt
[1.470s] writing requirements to ../../build/dekut_amr_description/dekut_amr_description.egg-info/requires.txt
[1.470s] writing top-level names to ../../build/dekut_amr_description/dekut_amr_description.egg-info/top_level.txt
[1.470s] writing manifest file '../../build/dekut_amr_description/dekut_amr_description.egg-info/SOURCES.txt'
[1.473s] reading manifest file '../../build/dekut_amr_description/dekut_amr_description.egg-info/SOURCES.txt'
[1.475s] writing manifest file '../../build/dekut_amr_description/dekut_amr_description.egg-info/SOURCES.txt'
[1.475s] running build
[1.475s] running build_py
[1.476s] creating /home/brian/dev_ws/build/dekut_amr_description/build
[1.476s] creating /home/brian/dev_ws/build/dekut_amr_description/build/lib
[1.476s] creating /home/brian/dev_ws/build/dekut_amr_description/build/lib/dekut_amr_description
[1.476s] copying dekut_amr_description/odom_publisher.py -> /home/brian/dev_ws/build/dekut_amr_description/build/lib/dekut_amr_description
[1.476s] copying dekut_amr_description/ign_pose_to_tf.py -> /home/brian/dev_ws/build/dekut_amr_description/build/lib/dekut_amr_description
[1.477s] copying dekut_amr_description/__init__.py -> /home/brian/dev_ws/build/dekut_amr_description/build/lib/dekut_amr_description
[1.477s] running install
[1.477s] running install_lib
[1.479s] creating /home/brian/dev_ws/install/dekut_amr_description/lib/python3.10/site-packages/dekut_amr_description
[1.479s] copying /home/brian/dev_ws/build/dekut_amr_description/build/lib/dekut_amr_description/odom_publisher.py -> /home/brian/dev_ws/install/dekut_amr_description/lib/python3.10/site-packages/dekut_amr_description
[1.479s] copying /home/brian/dev_ws/build/dekut_amr_description/build/lib/dekut_amr_description/ign_pose_to_tf.py -> /home/brian/dev_ws/install/dekut_amr_description/lib/python3.10/site-packages/dekut_amr_description
[1.479s] copying /home/brian/dev_ws/build/dekut_amr_description/build/lib/dekut_amr_description/__init__.py -> /home/brian/dev_ws/install/dekut_amr_description/lib/python3.10/site-packages/dekut_amr_description
[1.480s] byte-compiling /home/brian/dev_ws/install/dekut_amr_description/lib/python3.10/site-packages/dekut_amr_description/odom_publisher.py to odom_publisher.cpython-310.pyc
[1.481s] byte-compiling /home/brian/dev_ws/install/dekut_amr_description/lib/python3.10/site-packages/dekut_amr_description/ign_pose_to_tf.py to ign_pose_to_tf.cpython-310.pyc
[1.482s] byte-compiling /home/brian/dev_ws/install/dekut_amr_description/lib/python3.10/site-packages/dekut_amr_description/__init__.py to __init__.cpython-310.pyc
[1.482s] running install_data
[1.482s] creating /home/brian/dev_ws/install/dekut_amr_description/share/ament_index
[1.482s] creating /home/brian/dev_ws/install/dekut_amr_description/share/ament_index/resource_index
[1.482s] creating /home/brian/dev_ws/install/dekut_amr_description/share/ament_index/resource_index/packages
[1.483s] copying resource/dekut_amr_description -> /home/brian/dev_ws/install/dekut_amr_description/share/ament_index/resource_index/packages
[1.483s] copying package.xml -> /home/brian/dev_ws/install/dekut_amr_description/share/dekut_amr_description
[1.483s] creating /home/brian/dev_ws/install/dekut_amr_description/share/dekut_amr_description/launch
[1.483s] copying launch/display.launch.py -> /home/brian/dev_ws/install/dekut_amr_description/share/dekut_amr_description/launch
[1.483s] copying launch/gazebo.launch.py -> /home/brian/dev_ws/install/dekut_amr_description/share/dekut_amr_description/launch
[1.483s] copying launch/bringup.launch.py -> /home/brian/dev_ws/install/dekut_amr_description/share/dekut_amr_description/launch
[1.484s] copying launch/robot_state.launch.py -> /home/brian/dev_ws/install/dekut_amr_description/share/dekut_amr_description/launch
[1.484s] creating /home/brian/dev_ws/install/dekut_amr_description/share/dekut_amr_description/urdf
[1.484s] copying urdf/materials.xacro -> /home/brian/dev_ws/install/dekut_amr_description/share/dekut_amr_description/urdf
[1.484s] copying urdf/dekut_amr.gazebo -> /home/brian/dev_ws/install/dekut_amr_description/share/dekut_amr_description/urdf
[1.485s] copying urdf/dekut_amr.xacro -> /home/brian/dev_ws/install/dekut_amr_description/share/dekut_amr_description/urdf
[1.485s] copying urdf/dekut_amr.trans -> /home/brian/dev_ws/install/dekut_amr_description/share/dekut_amr_description/urdf
[1.485s] copying urdf/ros2_control.xacro -> /home/brian/dev_ws/install/dekut_amr_description/share/dekut_amr_description/urdf
[1.486s] creating /home/brian/dev_ws/install/dekut_amr_description/share/dekut_amr_description/meshes
[1.486s] copying meshes/wheelbl_link_1.stl -> /home/brian/dev_ws/install/dekut_amr_description/share/dekut_amr_description/meshes
[1.486s] copying meshes/wheelfr_link_1.stl -> /home/brian/dev_ws/install/dekut_amr_description/share/dekut_amr_description/meshes
[1.487s] copying meshes/lidar_link_1.stl -> /home/brian/dev_ws/install/dekut_amr_description/share/dekut_amr_description/meshes
[1.487s] copying meshes/wheelfl_link_1.stl -> /home/brian/dev_ws/install/dekut_amr_description/share/dekut_amr_description/meshes
[1.487s] copying meshes/camera_link_1.stl -> /home/brian/dev_ws/install/dekut_amr_description/share/dekut_amr_description/meshes
[1.488s] copying meshes/wheelbr_link_1.stl -> /home/brian/dev_ws/install/dekut_amr_description/share/dekut_amr_description/meshes
[1.488s] copying meshes/base_link.stl -> /home/brian/dev_ws/install/dekut_amr_description/share/dekut_amr_description/meshes
[1.489s] creating /home/brian/dev_ws/install/dekut_amr_description/share/dekut_amr_description/config
[1.489s] copying config/gazebo.rviz -> /home/brian/dev_ws/install/dekut_amr_description/share/dekut_amr_description/config
[1.489s] copying config/ros_gz_bridge_gazebo.yaml -> /home/brian/dev_ws/install/dekut_amr_description/share/dekut_amr_description/config
[1.489s] copying config/display.rviz -> /home/brian/dev_ws/install/dekut_amr_description/share/dekut_amr_description/config
[1.490s] copying config/diff_drive.yaml -> /home/brian/dev_ws/install/dekut_amr_description/share/dekut_amr_description/config
[1.490s] copying config/ros2_control.yaml -> /home/brian/dev_ws/install/dekut_amr_description/share/dekut_amr_description/config
[1.490s] running install_egg_info
[1.493s] Copying ../../build/dekut_amr_description/dekut_amr_description.egg-info to /home/brian/dev_ws/install/dekut_amr_description/lib/python3.10/site-packages/dekut_amr_description-0.0.0-py3.10.egg-info
[1.494s] running install_scripts
[1.522s] Installing ign_pose_to_tf script to /home/brian/dev_ws/install/dekut_amr_description/lib/fusion2urdf_ros2
[1.522s] Installing odom_publisher script to /home/brian/dev_ws/install/dekut_amr_description/lib/fusion2urdf_ros2
[1.523s] writing list of installed files to '/home/brian/dev_ws/build/dekut_amr_description/install.log'
[1.559s] Invoked command in '/home/brian/dev_ws/src/dekut_amr_description' returned '0': PYTHONPATH=/home/brian/dev_ws/build/dekut_amr_description/prefix_override:/usr/lib/python3/dist-packages/colcon_core/task/python/colcon_distutils_commands:/home/brian/dev_ws/install/dekut_amr_description/lib/python3.10/site-packages:${PYTHONPATH} /usr/bin/python3 -W ignore:setup.py install is deprecated -W ignore:easy_install command is deprecated setup.py egg_info --egg-base ../../build/dekut_amr_description build --build-base /home/brian/dev_ws/build/dekut_amr_description/build install --record /home/brian/dev_ws/build/dekut_amr_description/install.log --single-version-externally-managed install_data
