[1.545s] Invoking command in '/home/brian/dev_ws/src/slam1': PYTHONPATH=/home/brian/dev_ws/build/slam1/prefix_override:/usr/lib/python3/dist-packages/colcon_core/task/python/colcon_distutils_commands:/home/brian/dev_ws/install/slam1/lib/python3.10/site-packages:${PYTHONPATH} /usr/bin/python3 -W ignore:setup.py install is deprecated -W ignore:easy_install command is deprecated setup.py egg_info --egg-base ../../build/slam1 build --build-base /home/brian/dev_ws/build/slam1/build install --record /home/brian/dev_ws/build/slam1/install.log --single-version-externally-managed install_data
[1.936s] running egg_info
[1.937s] writing ../../build/slam1/slam1.egg-info/PKG-INFO
[1.937s] writing dependency_links to ../../build/slam1/slam1.egg-info/dependency_links.txt
[1.938s] writing entry points to ../../build/slam1/slam1.egg-info/entry_points.txt
[1.938s] writing requirements to ../../build/slam1/slam1.egg-info/requires.txt
[1.940s] writing top-level names to ../../build/slam1/slam1.egg-info/top_level.txt
[1.942s] reading manifest file '../../build/slam1/slam1.egg-info/SOURCES.txt'
[1.943s] writing manifest file '../../build/slam1/slam1.egg-info/SOURCES.txt'
[1.944s] running build
[1.945s] running build_py
[1.945s] running install
[1.946s] running install_lib
[1.947s] running install_data
[1.948s] running install_egg_info
[1.951s] removing '/home/brian/dev_ws/install/slam1/lib/python3.10/site-packages/slam1-0.0.0-py3.10.egg-info' (and everything under it)
[1.952s] Copying ../../build/slam1/slam1.egg-info to /home/brian/dev_ws/install/slam1/lib/python3.10/site-packages/slam1-0.0.0-py3.10.egg-info
[1.955s] running install_scripts
[1.991s] Installing gamepad_teleop script to /home/brian/dev_ws/install/slam1/lib/slam1
[1.992s] Installing teleop_keyboard script to /home/brian/dev_ws/install/slam1/lib/slam1
[1.992s] writing list of installed files to '/home/brian/dev_ws/build/slam1/install.log'
[2.029s] Invoked command in '/home/brian/dev_ws/src/slam1' returned '0': PYTHONPATH=/home/brian/dev_ws/build/slam1/prefix_override:/usr/lib/python3/dist-packages/colcon_core/task/python/colcon_distutils_commands:/home/brian/dev_ws/install/slam1/lib/python3.10/site-packages:${PYTHONPATH} /usr/bin/python3 -W ignore:setup.py install is deprecated -W ignore:easy_install command is deprecated setup.py egg_info --egg-base ../../build/slam1 build --build-base /home/brian/dev_ws/build/slam1/build install --record /home/brian/dev_ws/build/slam1/install.log --single-version-externally-managed install_data
