[0.026s] Invoking command in '/home/brian/dev_ws/build/articubot_1': CMAKE_PREFIX_PATH=${CMAKE_PREFIX_PATH}:/home/brian/dev_ws/install/dekut_amr_description:/home/brian/ros2_ws/install/camera_pkg:/opt/ros/humble /usr/bin/cmake /home/brian/dev_ws/src/articubot_1 -DCMAKE_INSTALL_PREFIX=/home/brian/dev_ws/install/articubot_1
[0.200s] -- The C compiler identification is GNU 11.4.0
[0.371s] -- The CXX compiler identification is GNU 11.4.0
[0.388s] -- Detecting C compiler ABI info
[0.503s] -- Detecting C compiler ABI info - done
[0.517s] -- Check for working C compiler: /usr/bin/cc - skipped
[0.518s] -- Detecting C compile features
[0.520s] -- Detecting C compile features - done
[0.524s] -- Detecting CXX compiler ABI info
[0.655s] -- Detecting CXX compiler ABI info - done
[0.675s] -- Check for working CXX compiler: /usr/bin/c++ - skipped
[0.676s] -- Detecting CXX compile features
[0.677s] -- Detecting CXX compile features - done
[0.685s] -- Found ament_cmake: 1.3.12 (/opt/ros/humble/share/ament_cmake/cmake)
[0.926s] -- Found Python3: /usr/bin/python3 (found version "3.10.12") found components: Interpreter 
[1.089s] -- Found ament_lint_auto: 0.12.14 (/opt/ros/humble/share/ament_lint_auto/cmake)
[1.227s] -- Added test 'copyright' to check source files copyright and LICENSE
[1.254s] -- Added test 'flake8' to check Python code syntax and style conventions
[1.258s] -- Added test 'lint_cmake' to check CMake code style
[1.260s] -- Added test 'pep257' to check Python code against some of the docstring style conventions in PEP 257
[1.272s] -- Added test 'xmllint' to check XML markup files
[1.275s] -- Configuring done
[1.279s] -- Generating done
[1.282s] -- Build files have been written to: /home/brian/dev_ws/build/articubot_1
[1.288s] Invoked command in '/home/brian/dev_ws/build/articubot_1' returned '0': CMAKE_PREFIX_PATH=${CMAKE_PREFIX_PATH}:/home/brian/dev_ws/install/dekut_amr_description:/home/brian/ros2_ws/install/camera_pkg:/opt/ros/humble /usr/bin/cmake /home/brian/dev_ws/src/articubot_1 -DCMAKE_INSTALL_PREFIX=/home/brian/dev_ws/install/articubot_1
[1.291s] Invoking command in '/home/brian/dev_ws/build/articubot_1': CMAKE_PREFIX_PATH=${CMAKE_PREFIX_PATH}:/home/brian/dev_ws/install/dekut_amr_description:/home/brian/ros2_ws/install/camera_pkg:/opt/ros/humble /usr/bin/cmake --build /home/brian/dev_ws/build/articubot_1 -- -j4 -l4
[1.348s] Invoked command in '/home/brian/dev_ws/build/articubot_1' returned '0': CMAKE_PREFIX_PATH=${CMAKE_PREFIX_PATH}:/home/brian/dev_ws/install/dekut_amr_description:/home/brian/ros2_ws/install/camera_pkg:/opt/ros/humble /usr/bin/cmake --build /home/brian/dev_ws/build/articubot_1 -- -j4 -l4
[1.363s] Invoking command in '/home/brian/dev_ws/build/articubot_1': CMAKE_PREFIX_PATH=${CMAKE_PREFIX_PATH}:/home/brian/dev_ws/install/dekut_amr_description:/home/brian/ros2_ws/install/camera_pkg:/opt/ros/humble /usr/bin/cmake --install /home/brian/dev_ws/build/articubot_1
[1.373s] -- Install configuration: ""
[1.373s] -- Installing: /home/brian/dev_ws/install/articubot_1/share/articubot_1/config
[1.374s] -- Installing: /home/brian/dev_ws/install/articubot_1/share/articubot_1/config/empty.yaml
[1.374s] -- Installing: /home/brian/dev_ws/install/articubot_1/share/articubot_1/description
[1.374s] -- Installing: /home/brian/dev_ws/install/articubot_1/share/articubot_1/description/robot.urdf.xacro
[1.375s] -- Installing: /home/brian/dev_ws/install/articubot_1/share/articubot_1/description/gazebo_control.xacro
[1.375s] -- Installing: /home/brian/dev_ws/install/articubot_1/share/articubot_1/description/inertial_macros.xacro
[1.375s] -- Installing: /home/brian/dev_ws/install/articubot_1/share/articubot_1/description/lidar.xacro
[1.376s] -- Installing: /home/brian/dev_ws/install/articubot_1/share/articubot_1/description/colours.xacro
[1.376s] -- Installing: /home/brian/dev_ws/install/articubot_1/share/articubot_1/description/camera.xacro
[1.376s] -- Installing: /home/brian/dev_ws/install/articubot_1/share/articubot_1/description/robot_core.xacro
[1.376s] -- Installing: /home/brian/dev_ws/install/articubot_1/share/articubot_1/launch
[1.377s] -- Installing: /home/brian/dev_ws/install/articubot_1/share/articubot_1/launch/__pycache__
[1.377s] -- Installing: /home/brian/dev_ws/install/articubot_1/share/articubot_1/launch/__pycache__/rsp.launch.cpython-310.pyc
[1.377s] -- Installing: /home/brian/dev_ws/install/articubot_1/share/articubot_1/launch/rsp.launch.py
[1.377s] -- Installing: /home/brian/dev_ws/install/articubot_1/share/articubot_1/launch/launch_sim.launch.py
[1.377s] -- Installing: /home/brian/dev_ws/install/articubot_1/share/articubot_1/worlds
[1.378s] -- Installing: /home/brian/dev_ws/install/articubot_1/share/articubot_1/worlds/empty.world
[1.378s] -- Installing: /home/brian/dev_ws/install/articubot_1/share/ament_index/resource_index/package_run_dependencies/articubot_1
[1.378s] -- Installing: /home/brian/dev_ws/install/articubot_1/share/ament_index/resource_index/parent_prefix_path/articubot_1
[1.379s] -- Installing: /home/brian/dev_ws/install/articubot_1/share/articubot_1/environment/ament_prefix_path.sh
[1.379s] -- Installing: /home/brian/dev_ws/install/articubot_1/share/articubot_1/environment/ament_prefix_path.dsv
[1.379s] -- Installing: /home/brian/dev_ws/install/articubot_1/share/articubot_1/environment/path.sh
[1.380s] -- Installing: /home/brian/dev_ws/install/articubot_1/share/articubot_1/environment/path.dsv
[1.380s] -- Installing: /home/brian/dev_ws/install/articubot_1/share/articubot_1/local_setup.bash
[1.380s] -- Installing: /home/brian/dev_ws/install/articubot_1/share/articubot_1/local_setup.sh
[1.380s] -- Installing: /home/brian/dev_ws/install/articubot_1/share/articubot_1/local_setup.zsh
[1.381s] -- Installing: /home/brian/dev_ws/install/articubot_1/share/articubot_1/local_setup.dsv
[1.381s] -- Installing: /home/brian/dev_ws/install/articubot_1/share/articubot_1/package.dsv
[1.381s] -- Installing: /home/brian/dev_ws/install/articubot_1/share/ament_index/resource_index/packages/articubot_1
[1.382s] -- Installing: /home/brian/dev_ws/install/articubot_1/share/articubot_1/cmake/articubot_1Config.cmake
[1.382s] -- Installing: /home/brian/dev_ws/install/articubot_1/share/articubot_1/cmake/articubot_1Config-version.cmake
[1.382s] -- Installing: /home/brian/dev_ws/install/articubot_1/share/articubot_1/package.xml
[1.385s] Invoked command in '/home/brian/dev_ws/build/articubot_1' returned '0': CMAKE_PREFIX_PATH=${CMAKE_PREFIX_PATH}:/home/brian/dev_ws/install/dekut_amr_description:/home/brian/ros2_ws/install/camera_pkg:/opt/ros/humble /usr/bin/cmake --install /home/brian/dev_ws/build/articubot_1
