[0.187s] DEBUG:colcon:Command line arguments: ['/usr/bin/colcon', 'build']
[0.187s] DEBUG:colcon:Parsed command line arguments: Namespace(log_base=None, log_level=None, verb_name='build', build_base='build', install_base='install', merge_install=False, symlink_install=False, test_result_base=None, continue_on_error=False, executor='parallel', parallel_workers=4, event_handlers=None, ignore_user_meta=False, metas=['./colcon.meta'], base_paths=['.'], packages_ignore=None, packages_ignore_regex=None, paths=None, packages_up_to=None, packages_up_to_regex=None, packages_above=None, packages_above_and_dependencies=None, packages_above_depth=None, packages_select_by_dep=None, packages_skip_by_dep=None, packages_skip_up_to=None, packages_select_build_failed=False, packages_skip_build_finished=False, packages_select_test_failures=False, packages_skip_test_passed=False, packages_select=None, packages_skip=None, packages_select_regex=None, packages_skip_regex=None, packages_start=None, packages_end=None, allow_overriding=[], cmake_args=None, cmake_target=None, cmake_target_skip_unavailable=False, cmake_clean_cache=False, cmake_clean_first=False, cmake_force_configure=False, ament_cmake_args=None, catkin_cmake_args=None, catkin_skip_building_tests=False, mixin_files=None, mixin=None, verb_parser=<colcon_mixin.mixin.mixin_argument.MixinArgumentDecorator object at 0x72f2b1c6f4f0>, verb_extension=<colcon_core.verb.build.BuildVerb object at 0x72f2b1c6f010>, main=<bound method BuildVerb.main of <colcon_core.verb.build.BuildVerb object at 0x72f2b1c6f010>>, mixin_verb=('build',))
[0.475s] Level 1:colcon.colcon_core.package_discovery:discover_packages(colcon_meta) check parameters
[0.475s] Level 1:colcon.colcon_core.package_discovery:discover_packages(recursive) check parameters
[0.475s] Level 1:colcon.colcon_core.package_discovery:discover_packages(ignore) check parameters
[0.475s] Level 1:colcon.colcon_core.package_discovery:discover_packages(path) check parameters
[0.475s] Level 1:colcon.colcon_core.package_discovery:discover_packages(colcon_meta) discover
[0.475s] Level 1:colcon.colcon_core.package_discovery:discover_packages(recursive) discover
[0.476s] INFO:colcon.colcon_core.package_discovery:Crawling recursively for packages in '/home/brian/dev_ws'
[0.476s] Level 1:colcon.colcon_core.package_identification:_identify(.) by extensions ['ignore', 'ignore_ament_install']
[0.476s] Level 1:colcon.colcon_core.package_identification:_identify(.) by extension 'ignore'
[0.476s] Level 1:colcon.colcon_core.package_identification:_identify(.) by extension 'ignore_ament_install'
[0.476s] Level 1:colcon.colcon_core.package_identification:_identify(.) by extensions ['colcon_pkg']
[0.476s] Level 1:colcon.colcon_core.package_identification:_identify(.) by extension 'colcon_pkg'
[0.476s] Level 1:colcon.colcon_core.package_identification:_identify(.) by extensions ['colcon_meta']
[0.476s] Level 1:colcon.colcon_core.package_identification:_identify(.) by extension 'colcon_meta'
[0.476s] Level 1:colcon.colcon_core.package_identification:_identify(.) by extensions ['ros']
[0.476s] Level 1:colcon.colcon_core.package_identification:_identify(.) by extension 'ros'
[0.496s] Level 1:colcon.colcon_core.package_identification:_identify(.) by extensions ['cmake', 'python']
[0.496s] Level 1:colcon.colcon_core.package_identification:_identify(.) by extension 'cmake'
[0.496s] Level 1:colcon.colcon_core.package_identification:_identify(.) by extension 'python'
[0.496s] Level 1:colcon.colcon_core.package_identification:_identify(.) by extensions ['python_setup_py']
[0.496s] Level 1:colcon.colcon_core.package_identification:_identify(.) by extension 'python_setup_py'
[0.496s] Level 1:colcon.colcon_core.package_identification:_identify(build) by extensions ['ignore', 'ignore_ament_install']
[0.497s] Level 1:colcon.colcon_core.package_identification:_identify(build) by extension 'ignore'
[0.497s] Level 1:colcon.colcon_core.package_identification:_identify(build) ignored
[0.497s] Level 1:colcon.colcon_core.package_identification:_identify(install) by extensions ['ignore', 'ignore_ament_install']
[0.497s] Level 1:colcon.colcon_core.package_identification:_identify(install) by extension 'ignore'
[0.497s] Level 1:colcon.colcon_core.package_identification:_identify(install) ignored
[0.497s] Level 1:colcon.colcon_core.package_identification:_identify(log) by extensions ['ignore', 'ignore_ament_install']
[0.498s] Level 1:colcon.colcon_core.package_identification:_identify(log) by extension 'ignore'
[0.498s] Level 1:colcon.colcon_core.package_identification:_identify(log) ignored
[0.498s] Level 1:colcon.colcon_core.package_identification:_identify(src) by extensions ['ignore', 'ignore_ament_install']
[0.498s] Level 1:colcon.colcon_core.package_identification:_identify(src) by extension 'ignore'
[0.498s] Level 1:colcon.colcon_core.package_identification:_identify(src) by extension 'ignore_ament_install'
[0.498s] Level 1:colcon.colcon_core.package_identification:_identify(src) by extensions ['colcon_pkg']
[0.498s] Level 1:colcon.colcon_core.package_identification:_identify(src) by extension 'colcon_pkg'
[0.498s] Level 1:colcon.colcon_core.package_identification:_identify(src) by extensions ['colcon_meta']
[0.498s] Level 1:colcon.colcon_core.package_identification:_identify(src) by extension 'colcon_meta'
[0.498s] Level 1:colcon.colcon_core.package_identification:_identify(src) by extensions ['ros']
[0.498s] Level 1:colcon.colcon_core.package_identification:_identify(src) by extension 'ros'
[0.498s] Level 1:colcon.colcon_core.package_identification:_identify(src) by extensions ['cmake', 'python']
[0.498s] Level 1:colcon.colcon_core.package_identification:_identify(src) by extension 'cmake'
[0.499s] Level 1:colcon.colcon_core.package_identification:_identify(src) by extension 'python'
[0.499s] Level 1:colcon.colcon_core.package_identification:_identify(src) by extensions ['python_setup_py']
[0.499s] Level 1:colcon.colcon_core.package_identification:_identify(src) by extension 'python_setup_py'
[0.499s] Level 1:colcon.colcon_core.package_identification:_identify(src/articubot_1) by extensions ['ignore', 'ignore_ament_install']
[0.499s] Level 1:colcon.colcon_core.package_identification:_identify(src/articubot_1) by extension 'ignore'
[0.499s] Level 1:colcon.colcon_core.package_identification:_identify(src/articubot_1) by extension 'ignore_ament_install'
[0.499s] Level 1:colcon.colcon_core.package_identification:_identify(src/articubot_1) by extensions ['colcon_pkg']
[0.499s] Level 1:colcon.colcon_core.package_identification:_identify(src/articubot_1) by extension 'colcon_pkg'
[0.499s] Level 1:colcon.colcon_core.package_identification:_identify(src/articubot_1) by extensions ['colcon_meta']
[0.499s] Level 1:colcon.colcon_core.package_identification:_identify(src/articubot_1) by extension 'colcon_meta'
[0.499s] Level 1:colcon.colcon_core.package_identification:_identify(src/articubot_1) by extensions ['ros']
[0.499s] Level 1:colcon.colcon_core.package_identification:_identify(src/articubot_1) by extension 'ros'
[0.504s] DEBUG:colcon.colcon_core.package_identification:Package 'src/articubot_1' with type 'ros.ament_cmake' and name 'articubot_1'
[0.504s] Level 1:colcon.colcon_core.package_identification:_identify(src/bringup) by extensions ['ignore', 'ignore_ament_install']
[0.504s] Level 1:colcon.colcon_core.package_identification:_identify(src/bringup) by extension 'ignore'
[0.504s] Level 1:colcon.colcon_core.package_identification:_identify(src/bringup) by extension 'ignore_ament_install'
[0.504s] Level 1:colcon.colcon_core.package_identification:_identify(src/bringup) by extensions ['colcon_pkg']
[0.505s] Level 1:colcon.colcon_core.package_identification:_identify(src/bringup) by extension 'colcon_pkg'
[0.505s] Level 1:colcon.colcon_core.package_identification:_identify(src/bringup) by extensions ['colcon_meta']
[0.505s] Level 1:colcon.colcon_core.package_identification:_identify(src/bringup) by extension 'colcon_meta'
[0.505s] Level 1:colcon.colcon_core.package_identification:_identify(src/bringup) by extensions ['ros']
[0.505s] Level 1:colcon.colcon_core.package_identification:_identify(src/bringup) by extension 'ros'
[0.506s] DEBUG:colcon.colcon_core.package_identification:Package 'src/bringup' with type 'ros.ament_python' and name 'bringup'
[0.506s] Level 1:colcon.colcon_core.package_identification:_identify(src/dekut_amr_description) by extensions ['ignore', 'ignore_ament_install']
[0.506s] Level 1:colcon.colcon_core.package_identification:_identify(src/dekut_amr_description) by extension 'ignore'
[0.507s] Level 1:colcon.colcon_core.package_identification:_identify(src/dekut_amr_description) by extension 'ignore_ament_install'
[0.507s] Level 1:colcon.colcon_core.package_identification:_identify(src/dekut_amr_description) by extensions ['colcon_pkg']
[0.507s] Level 1:colcon.colcon_core.package_identification:_identify(src/dekut_amr_description) by extension 'colcon_pkg'
[0.507s] Level 1:colcon.colcon_core.package_identification:_identify(src/dekut_amr_description) by extensions ['colcon_meta']
[0.507s] Level 1:colcon.colcon_core.package_identification:_identify(src/dekut_amr_description) by extension 'colcon_meta'
[0.507s] Level 1:colcon.colcon_core.package_identification:_identify(src/dekut_amr_description) by extensions ['ros']
[0.507s] Level 1:colcon.colcon_core.package_identification:_identify(src/dekut_amr_description) by extension 'ros'
[0.509s] DEBUG:colcon.colcon_core.package_identification:Package 'src/dekut_amr_description' with type 'ros.ament_python' and name 'dekut_amr_description'
[0.509s] Level 1:colcon.colcon_core.package_identification:_identify(src/slam1) by extensions ['ignore', 'ignore_ament_install']
[0.509s] Level 1:colcon.colcon_core.package_identification:_identify(src/slam1) by extension 'ignore'
[0.510s] Level 1:colcon.colcon_core.package_identification:_identify(src/slam1) by extension 'ignore_ament_install'
[0.510s] Level 1:colcon.colcon_core.package_identification:_identify(src/slam1) by extensions ['colcon_pkg']
[0.510s] Level 1:colcon.colcon_core.package_identification:_identify(src/slam1) by extension 'colcon_pkg'
[0.510s] Level 1:colcon.colcon_core.package_identification:_identify(src/slam1) by extensions ['colcon_meta']
[0.510s] Level 1:colcon.colcon_core.package_identification:_identify(src/slam1) by extension 'colcon_meta'
[0.510s] Level 1:colcon.colcon_core.package_identification:_identify(src/slam1) by extensions ['ros']
[0.510s] Level 1:colcon.colcon_core.package_identification:_identify(src/slam1) by extension 'ros'
[0.511s] DEBUG:colcon.colcon_core.package_identification:Package 'src/slam1' with type 'ros.ament_python' and name 'slam1'
[0.511s] Level 1:colcon.colcon_core.package_discovery:discover_packages(recursive) using defaults
[0.511s] Level 1:colcon.colcon_core.package_discovery:discover_packages(ignore) discover
[0.511s] Level 1:colcon.colcon_core.package_discovery:discover_packages(ignore) using defaults
[0.511s] Level 1:colcon.colcon_core.package_discovery:discover_packages(path) discover
[0.512s] Level 1:colcon.colcon_core.package_discovery:discover_packages(path) using defaults
[0.562s] Level 1:colcon.colcon_core.package_discovery:discover_packages(prefix_path) check parameters
[0.562s] Level 1:colcon.colcon_core.package_discovery:discover_packages(prefix_path) discover
[0.565s] DEBUG:colcon.colcon_installed_package_information.package_discovery:Found 4 installed packages in /home/brian/dev_ws/install
[0.566s] DEBUG:colcon.colcon_installed_package_information.package_discovery:Found 2 installed packages in /home/brian/ros2_ws/install
[0.568s] DEBUG:colcon.colcon_installed_package_information.package_discovery:Found 379 installed packages in /opt/ros/humble
[0.571s] Level 1:colcon.colcon_core.package_discovery:discover_packages(prefix_path) using defaults
[0.650s] Level 5:colcon.colcon_core.verb:set package 'articubot_1' build argument 'cmake_args' from command line to 'None'
[0.651s] Level 5:colcon.colcon_core.verb:set package 'articubot_1' build argument 'cmake_target' from command line to 'None'
[0.651s] Level 5:colcon.colcon_core.verb:set package 'articubot_1' build argument 'cmake_target_skip_unavailable' from command line to 'False'
[0.651s] Level 5:colcon.colcon_core.verb:set package 'articubot_1' build argument 'cmake_clean_cache' from command line to 'False'
[0.651s] Level 5:colcon.colcon_core.verb:set package 'articubot_1' build argument 'cmake_clean_first' from command line to 'False'
[0.651s] Level 5:colcon.colcon_core.verb:set package 'articubot_1' build argument 'cmake_force_configure' from command line to 'False'
[0.651s] Level 5:colcon.colcon_core.verb:set package 'articubot_1' build argument 'ament_cmake_args' from command line to 'None'
[0.651s] Level 5:colcon.colcon_core.verb:set package 'articubot_1' build argument 'catkin_cmake_args' from command line to 'None'
[0.651s] Level 5:colcon.colcon_core.verb:set package 'articubot_1' build argument 'catkin_skip_building_tests' from command line to 'False'
[0.651s] DEBUG:colcon.colcon_core.verb:Building package 'articubot_1' with the following arguments: {'ament_cmake_args': None, 'build_base': '/home/brian/dev_ws/build/articubot_1', 'catkin_cmake_args': None, 'catkin_skip_building_tests': False, 'cmake_args': None, 'cmake_clean_cache': False, 'cmake_clean_first': False, 'cmake_force_configure': False, 'cmake_target': None, 'cmake_target_skip_unavailable': False, 'install_base': '/home/brian/dev_ws/install/articubot_1', 'merge_install': False, 'path': '/home/brian/dev_ws/src/articubot_1', 'symlink_install': False, 'test_result_base': None}
[0.652s] Level 5:colcon.colcon_core.verb:set package 'bringup' build argument 'cmake_args' from command line to 'None'
[0.652s] Level 5:colcon.colcon_core.verb:set package 'bringup' build argument 'cmake_target' from command line to 'None'
[0.652s] Level 5:colcon.colcon_core.verb:set package 'bringup' build argument 'cmake_target_skip_unavailable' from command line to 'False'
[0.652s] Level 5:colcon.colcon_core.verb:set package 'bringup' build argument 'cmake_clean_cache' from command line to 'False'
[0.652s] Level 5:colcon.colcon_core.verb:set package 'bringup' build argument 'cmake_clean_first' from command line to 'False'
[0.652s] Level 5:colcon.colcon_core.verb:set package 'bringup' build argument 'cmake_force_configure' from command line to 'False'
[0.652s] Level 5:colcon.colcon_core.verb:set package 'bringup' build argument 'ament_cmake_args' from command line to 'None'
[0.652s] Level 5:colcon.colcon_core.verb:set package 'bringup' build argument 'catkin_cmake_args' from command line to 'None'
[0.653s] Level 5:colcon.colcon_core.verb:set package 'bringup' build argument 'catkin_skip_building_tests' from command line to 'False'
[0.653s] DEBUG:colcon.colcon_core.verb:Building package 'bringup' with the following arguments: {'ament_cmake_args': None, 'build_base': '/home/brian/dev_ws/build/bringup', 'catkin_cmake_args': None, 'catkin_skip_building_tests': False, 'cmake_args': None, 'cmake_clean_cache': False, 'cmake_clean_first': False, 'cmake_force_configure': False, 'cmake_target': None, 'cmake_target_skip_unavailable': False, 'install_base': '/home/brian/dev_ws/install/bringup', 'merge_install': False, 'path': '/home/brian/dev_ws/src/bringup', 'symlink_install': False, 'test_result_base': None}
[0.654s] Level 5:colcon.colcon_core.verb:set package 'dekut_amr_description' build argument 'cmake_args' from command line to 'None'
[0.654s] Level 5:colcon.colcon_core.verb:set package 'dekut_amr_description' build argument 'cmake_target' from command line to 'None'
[0.654s] Level 5:colcon.colcon_core.verb:set package 'dekut_amr_description' build argument 'cmake_target_skip_unavailable' from command line to 'False'
[0.654s] Level 5:colcon.colcon_core.verb:set package 'dekut_amr_description' build argument 'cmake_clean_cache' from command line to 'False'
[0.654s] Level 5:colcon.colcon_core.verb:set package 'dekut_amr_description' build argument 'cmake_clean_first' from command line to 'False'
[0.654s] Level 5:colcon.colcon_core.verb:set package 'dekut_amr_description' build argument 'cmake_force_configure' from command line to 'False'
[0.654s] Level 5:colcon.colcon_core.verb:set package 'dekut_amr_description' build argument 'ament_cmake_args' from command line to 'None'
[0.654s] Level 5:colcon.colcon_core.verb:set package 'dekut_amr_description' build argument 'catkin_cmake_args' from command line to 'None'
[0.654s] Level 5:colcon.colcon_core.verb:set package 'dekut_amr_description' build argument 'catkin_skip_building_tests' from command line to 'False'
[0.654s] DEBUG:colcon.colcon_core.verb:Building package 'dekut_amr_description' with the following arguments: {'ament_cmake_args': None, 'build_base': '/home/brian/dev_ws/build/dekut_amr_description', 'catkin_cmake_args': None, 'catkin_skip_building_tests': False, 'cmake_args': None, 'cmake_clean_cache': False, 'cmake_clean_first': False, 'cmake_force_configure': False, 'cmake_target': None, 'cmake_target_skip_unavailable': False, 'install_base': '/home/brian/dev_ws/install/dekut_amr_description', 'merge_install': False, 'path': '/home/brian/dev_ws/src/dekut_amr_description', 'symlink_install': False, 'test_result_base': None}
[0.655s] Level 5:colcon.colcon_core.verb:set package 'slam1' build argument 'cmake_args' from command line to 'None'
[0.655s] Level 5:colcon.colcon_core.verb:set package 'slam1' build argument 'cmake_target' from command line to 'None'
[0.655s] Level 5:colcon.colcon_core.verb:set package 'slam1' build argument 'cmake_target_skip_unavailable' from command line to 'False'
[0.655s] Level 5:colcon.colcon_core.verb:set package 'slam1' build argument 'cmake_clean_cache' from command line to 'False'
[0.655s] Level 5:colcon.colcon_core.verb:set package 'slam1' build argument 'cmake_clean_first' from command line to 'False'
[0.656s] Level 5:colcon.colcon_core.verb:set package 'slam1' build argument 'cmake_force_configure' from command line to 'False'
[0.656s] Level 5:colcon.colcon_core.verb:set package 'slam1' build argument 'ament_cmake_args' from command line to 'None'
[0.656s] Level 5:colcon.colcon_core.verb:set package 'slam1' build argument 'catkin_cmake_args' from command line to 'None'
[0.656s] Level 5:colcon.colcon_core.verb:set package 'slam1' build argument 'catkin_skip_building_tests' from command line to 'False'
[0.656s] DEBUG:colcon.colcon_core.verb:Building package 'slam1' with the following arguments: {'ament_cmake_args': None, 'build_base': '/home/brian/dev_ws/build/slam1', 'catkin_cmake_args': None, 'catkin_skip_building_tests': False, 'cmake_args': None, 'cmake_clean_cache': False, 'cmake_clean_first': False, 'cmake_force_configure': False, 'cmake_target': None, 'cmake_target_skip_unavailable': False, 'install_base': '/home/brian/dev_ws/install/slam1', 'merge_install': False, 'path': '/home/brian/dev_ws/src/slam1', 'symlink_install': False, 'test_result_base': None}
[0.656s] INFO:colcon.colcon_core.executor:Executing jobs using 'parallel' executor
[0.658s] DEBUG:colcon.colcon_parallel_executor.executor.parallel:run_until_complete
[0.659s] INFO:colcon.colcon_ros.task.ament_cmake.build:Building ROS package in '/home/brian/dev_ws/src/articubot_1' with build type 'ament_cmake'
[0.659s] INFO:colcon.colcon_cmake.task.cmake.build:Building CMake package in '/home/brian/dev_ws/src/articubot_1'
[0.663s] INFO:colcon.colcon_core.plugin_system:Skipping extension 'colcon_core.shell.bat': Not used on non-Windows systems
[0.663s] INFO:colcon.colcon_core.shell:Skip shell extension 'powershell' for command environment: Not usable outside of PowerShell
[0.663s] DEBUG:colcon.colcon_core.shell:Skip shell extension 'dsv' for command environment
[0.669s] INFO:colcon.colcon_ros.task.ament_python.build:Building ROS package in '/home/brian/dev_ws/src/bringup' with build type 'ament_python'
[0.670s] Level 1:colcon.colcon_core.shell:create_environment_hook('bringup', 'ament_prefix_path')
[0.671s] INFO:colcon.colcon_core.shell:Creating environment hook '/home/brian/dev_ws/install/bringup/share/bringup/hook/ament_prefix_path.ps1'
[0.673s] INFO:colcon.colcon_core.shell:Creating environment descriptor '/home/brian/dev_ws/install/bringup/share/bringup/hook/ament_prefix_path.dsv'
[0.674s] INFO:colcon.colcon_core.shell:Creating environment hook '/home/brian/dev_ws/install/bringup/share/bringup/hook/ament_prefix_path.sh'
[0.676s] INFO:colcon.colcon_core.shell:Skip shell extension 'powershell' for command environment: Not usable outside of PowerShell
[0.676s] DEBUG:colcon.colcon_core.shell:Skip shell extension 'dsv' for command environment
[0.682s] INFO:colcon.colcon_ros.task.ament_python.build:Building ROS package in '/home/brian/dev_ws/src/dekut_amr_description' with build type 'ament_python'
[0.682s] Level 1:colcon.colcon_core.shell:create_environment_hook('dekut_amr_description', 'ament_prefix_path')
[0.682s] INFO:colcon.colcon_core.shell:Creating environment hook '/home/brian/dev_ws/install/dekut_amr_description/share/dekut_amr_description/hook/ament_prefix_path.ps1'
[0.683s] INFO:colcon.colcon_core.shell:Creating environment descriptor '/home/brian/dev_ws/install/dekut_amr_description/share/dekut_amr_description/hook/ament_prefix_path.dsv'
[0.684s] INFO:colcon.colcon_core.shell:Creating environment hook '/home/brian/dev_ws/install/dekut_amr_description/share/dekut_amr_description/hook/ament_prefix_path.sh'
[0.685s] INFO:colcon.colcon_core.shell:Skip shell extension 'powershell' for command environment: Not usable outside of PowerShell
[0.686s] DEBUG:colcon.colcon_core.shell:Skip shell extension 'dsv' for command environment
[0.696s] INFO:colcon.colcon_ros.task.ament_python.build:Building ROS package in '/home/brian/dev_ws/src/slam1' with build type 'ament_python'
[0.697s] Level 1:colcon.colcon_core.shell:create_environment_hook('slam1', 'ament_prefix_path')
[0.697s] INFO:colcon.colcon_core.shell:Creating environment hook '/home/brian/dev_ws/install/slam1/share/slam1/hook/ament_prefix_path.ps1'
[0.698s] INFO:colcon.colcon_core.shell:Creating environment descriptor '/home/brian/dev_ws/install/slam1/share/slam1/hook/ament_prefix_path.dsv'
[0.699s] INFO:colcon.colcon_core.shell:Creating environment hook '/home/brian/dev_ws/install/slam1/share/slam1/hook/ament_prefix_path.sh'
[0.700s] INFO:colcon.colcon_core.shell:Skip shell extension 'powershell' for command environment: Not usable outside of PowerShell
[0.700s] DEBUG:colcon.colcon_core.shell:Skip shell extension 'dsv' for command environment
[0.719s] DEBUG:colcon.colcon_core.event_handler.log_command:Invoking command in '/home/brian/dev_ws/build/articubot_1': CMAKE_PREFIX_PATH=${CMAKE_PREFIX_PATH}:/home/brian/dev_ws/install/slam1:/home/brian/dev_ws/install/dekut_amr_description:/home/brian/dev_ws/install/bringup:/home/brian/ros2_ws/install/camera_pkg:/opt/ros/humble /usr/bin/cmake --build /home/brian/dev_ws/build/articubot_1 -- -j4 -l4
[1.206s] INFO:colcon.colcon_core.task.python.build:Building Python package in '/home/brian/dev_ws/src/bringup'
[1.206s] INFO:colcon.colcon_core.shell:Skip shell extension 'powershell' for command environment: Not usable outside of PowerShell
[1.207s] DEBUG:colcon.colcon_core.shell:Skip shell extension 'dsv' for command environment
[1.702s] INFO:colcon.colcon_core.task.python.build:Building Python package in '/home/brian/dev_ws/src/dekut_amr_description'
[1.703s] INFO:colcon.colcon_core.shell:Skip shell extension 'powershell' for command environment: Not usable outside of PowerShell
[1.703s] DEBUG:colcon.colcon_core.shell:Skip shell extension 'dsv' for command environment
[1.715s] DEBUG:colcon.colcon_core.event_handler.log_command:Invoked command in '/home/brian/dev_ws/build/articubot_1' returned '0': CMAKE_PREFIX_PATH=${CMAKE_PREFIX_PATH}:/home/brian/dev_ws/install/slam1:/home/brian/dev_ws/install/dekut_amr_description:/home/brian/dev_ws/install/bringup:/home/brian/ros2_ws/install/camera_pkg:/opt/ros/humble /usr/bin/cmake --build /home/brian/dev_ws/build/articubot_1 -- -j4 -l4
[1.731s] DEBUG:colcon.colcon_core.event_handler.log_command:Invoking command in '/home/brian/dev_ws/build/articubot_1': CMAKE_PREFIX_PATH=${CMAKE_PREFIX_PATH}:/home/brian/dev_ws/install/slam1:/home/brian/dev_ws/install/dekut_amr_description:/home/brian/dev_ws/install/bringup:/home/brian/ros2_ws/install/camera_pkg:/opt/ros/humble /usr/bin/cmake --install /home/brian/dev_ws/build/articubot_1
[2.213s] INFO:colcon.colcon_core.task.python.build:Building Python package in '/home/brian/dev_ws/src/slam1'
[2.214s] INFO:colcon.colcon_core.shell:Skip shell extension 'powershell' for command environment: Not usable outside of PowerShell
[2.214s] DEBUG:colcon.colcon_core.shell:Skip shell extension 'dsv' for command environment
[2.248s] Level 1:colcon.colcon_core.environment:create_environment_scripts_only(articubot_1)
[2.250s] DEBUG:colcon.colcon_core.event_handler.log_command:Invoked command in '/home/brian/dev_ws/build/articubot_1' returned '0': CMAKE_PREFIX_PATH=${CMAKE_PREFIX_PATH}:/home/brian/dev_ws/install/slam1:/home/brian/dev_ws/install/dekut_amr_description:/home/brian/dev_ws/install/bringup:/home/brian/ros2_ws/install/camera_pkg:/opt/ros/humble /usr/bin/cmake --install /home/brian/dev_ws/build/articubot_1
[2.265s] Level 1:colcon.colcon_core.environment:checking '/home/brian/dev_ws/install/articubot_1' for CMake module files
[2.267s] Level 1:colcon.colcon_core.environment:checking '/home/brian/dev_ws/install/articubot_1' for CMake config files
[2.267s] Level 1:colcon.colcon_core.shell:create_environment_hook('articubot_1', 'cmake_prefix_path')
[2.268s] INFO:colcon.colcon_core.shell:Creating environment hook '/home/brian/dev_ws/install/articubot_1/share/articubot_1/hook/cmake_prefix_path.ps1'
[2.269s] INFO:colcon.colcon_core.shell:Creating environment descriptor '/home/brian/dev_ws/install/articubot_1/share/articubot_1/hook/cmake_prefix_path.dsv'
[2.271s] INFO:colcon.colcon_core.shell:Creating environment hook '/home/brian/dev_ws/install/articubot_1/share/articubot_1/hook/cmake_prefix_path.sh'
[2.272s] Level 1:colcon.colcon_core.environment:checking '/home/brian/dev_ws/install/articubot_1/bin'
[2.273s] Level 1:colcon.colcon_core.environment:checking '/home/brian/dev_ws/install/articubot_1/lib/pkgconfig/articubot_1.pc'
[2.273s] Level 1:colcon.colcon_core.environment:checking '/home/brian/dev_ws/install/articubot_1/lib/python3.10/site-packages'
[2.274s] Level 1:colcon.colcon_core.environment:checking '/home/brian/dev_ws/install/articubot_1/bin'
[2.275s] INFO:colcon.colcon_core.shell:Creating package script '/home/brian/dev_ws/install/articubot_1/share/articubot_1/package.ps1'
[2.277s] INFO:colcon.colcon_core.shell:Creating package descriptor '/home/brian/dev_ws/install/articubot_1/share/articubot_1/package.dsv'
[2.279s] INFO:colcon.colcon_core.shell:Creating package script '/home/brian/dev_ws/install/articubot_1/share/articubot_1/package.sh'
[2.280s] INFO:colcon.colcon_core.shell:Creating package script '/home/brian/dev_ws/install/articubot_1/share/articubot_1/package.bash'
[2.283s] INFO:colcon.colcon_core.shell:Creating package script '/home/brian/dev_ws/install/articubot_1/share/articubot_1/package.zsh'
[2.285s] Level 1:colcon.colcon_core.environment:create_file_with_runtime_dependencies(/home/brian/dev_ws/install/articubot_1/share/colcon-core/packages/articubot_1)
[2.303s] Level 1:colcon.colcon_core.environment:create_environment_scripts_only(articubot_1)
[2.306s] Level 1:colcon.colcon_core.environment:checking '/home/brian/dev_ws/install/articubot_1' for CMake module files
[2.308s] Level 1:colcon.colcon_core.environment:checking '/home/brian/dev_ws/install/articubot_1' for CMake config files
[2.309s] Level 1:colcon.colcon_core.shell:create_environment_hook('articubot_1', 'cmake_prefix_path')
[2.310s] INFO:colcon.colcon_core.shell:Creating environment hook '/home/brian/dev_ws/install/articubot_1/share/articubot_1/hook/cmake_prefix_path.ps1'
[2.310s] INFO:colcon.colcon_core.shell:Creating environment descriptor '/home/brian/dev_ws/install/articubot_1/share/articubot_1/hook/cmake_prefix_path.dsv'
[2.311s] INFO:colcon.colcon_core.shell:Creating environment hook '/home/brian/dev_ws/install/articubot_1/share/articubot_1/hook/cmake_prefix_path.sh'
[2.313s] Level 1:colcon.colcon_core.environment:checking '/home/brian/dev_ws/install/articubot_1/bin'
[2.313s] Level 1:colcon.colcon_core.environment:checking '/home/brian/dev_ws/install/articubot_1/lib/pkgconfig/articubot_1.pc'
[2.313s] Level 1:colcon.colcon_core.environment:checking '/home/brian/dev_ws/install/articubot_1/lib/python3.10/site-packages'
[2.314s] Level 1:colcon.colcon_core.environment:checking '/home/brian/dev_ws/install/articubot_1/bin'
[2.315s] INFO:colcon.colcon_core.shell:Creating package script '/home/brian/dev_ws/install/articubot_1/share/articubot_1/package.ps1'
[2.320s] INFO:colcon.colcon_core.shell:Creating package descriptor '/home/brian/dev_ws/install/articubot_1/share/articubot_1/package.dsv'
[2.322s] INFO:colcon.colcon_core.shell:Creating package script '/home/brian/dev_ws/install/articubot_1/share/articubot_1/package.sh'
[2.324s] INFO:colcon.colcon_core.shell:Creating package script '/home/brian/dev_ws/install/articubot_1/share/articubot_1/package.bash'
[2.326s] INFO:colcon.colcon_core.shell:Creating package script '/home/brian/dev_ws/install/articubot_1/share/articubot_1/package.zsh'
[2.327s] Level 1:colcon.colcon_core.environment:create_file_with_runtime_dependencies(/home/brian/dev_ws/install/articubot_1/share/colcon-core/packages/articubot_1)
[3.166s] DEBUG:colcon.colcon_core.event_handler.log_command:Invoking command in '/home/brian/dev_ws/src/slam1': PYTHONPATH=/home/brian/dev_ws/build/slam1/prefix_override:/usr/lib/python3/dist-packages/colcon_core/task/python/colcon_distutils_commands:/home/brian/dev_ws/install/slam1/lib/python3.10/site-packages:${PYTHONPATH} /usr/bin/python3 -W ignore:setup.py install is deprecated -W ignore:easy_install command is deprecated setup.py egg_info --egg-base ../../build/slam1 build --build-base /home/brian/dev_ws/build/slam1/build install --record /home/brian/dev_ws/build/slam1/install.log --single-version-externally-managed install_data
[3.180s] DEBUG:colcon.colcon_core.event_handler.log_command:Invoking command in '/home/brian/dev_ws/src/dekut_amr_description': PYTHONPATH=/home/brian/dev_ws/build/dekut_amr_description/prefix_override:/usr/lib/python3/dist-packages/colcon_core/task/python/colcon_distutils_commands:/home/brian/dev_ws/install/dekut_amr_description/lib/python3.10/site-packages:${PYTHONPATH} /usr/bin/python3 -W ignore:setup.py install is deprecated -W ignore:easy_install command is deprecated setup.py egg_info --egg-base ../../build/dekut_amr_description build --build-base /home/brian/dev_ws/build/dekut_amr_description/build install --record /home/brian/dev_ws/build/dekut_amr_description/install.log --single-version-externally-managed install_data
[3.238s] DEBUG:colcon.colcon_core.event_handler.log_command:Invoking command in '/home/brian/dev_ws/src/bringup': PYTHONPATH=/home/brian/dev_ws/build/bringup/prefix_override:/usr/lib/python3/dist-packages/colcon_core/task/python/colcon_distutils_commands:/home/brian/dev_ws/install/bringup/lib/python3.10/site-packages:${PYTHONPATH} /usr/bin/python3 -W ignore:setup.py install is deprecated -W ignore:easy_install command is deprecated setup.py egg_info --egg-base ../../build/bringup build --build-base /home/brian/dev_ws/build/bringup/build install --record /home/brian/dev_ws/build/bringup/install.log --single-version-externally-managed install_data
[3.874s] Level 1:colcon.colcon_core.environment:checking '/home/brian/dev_ws/install/dekut_amr_description' for CMake module files
[3.875s] DEBUG:colcon.colcon_core.event_handler.log_command:Invoked command in '/home/brian/dev_ws/src/dekut_amr_description' returned '0': PYTHONPATH=/home/brian/dev_ws/build/dekut_amr_description/prefix_override:/usr/lib/python3/dist-packages/colcon_core/task/python/colcon_distutils_commands:/home/brian/dev_ws/install/dekut_amr_description/lib/python3.10/site-packages:${PYTHONPATH} /usr/bin/python3 -W ignore:setup.py install is deprecated -W ignore:easy_install command is deprecated setup.py egg_info --egg-base ../../build/dekut_amr_description build --build-base /home/brian/dev_ws/build/dekut_amr_description/build install --record /home/brian/dev_ws/build/dekut_amr_description/install.log --single-version-externally-managed install_data
[3.877s] Level 1:colcon.colcon_core.environment:checking '/home/brian/dev_ws/install/dekut_amr_description' for CMake config files
[3.878s] Level 1:colcon.colcon_core.environment:checking '/home/brian/dev_ws/install/dekut_amr_description/lib'
[3.879s] Level 1:colcon.colcon_core.environment:checking '/home/brian/dev_ws/install/dekut_amr_description/bin'
[3.879s] Level 1:colcon.colcon_core.environment:checking '/home/brian/dev_ws/install/dekut_amr_description/lib/pkgconfig/dekut_amr_description.pc'
[3.879s] Level 1:colcon.colcon_core.environment:checking '/home/brian/dev_ws/install/dekut_amr_description/lib/python3.10/site-packages'
[3.879s] Level 1:colcon.colcon_core.shell:create_environment_hook('dekut_amr_description', 'pythonpath')
[3.880s] INFO:colcon.colcon_core.shell:Creating environment hook '/home/brian/dev_ws/install/dekut_amr_description/share/dekut_amr_description/hook/pythonpath.ps1'
[3.881s] INFO:colcon.colcon_core.shell:Creating environment descriptor '/home/brian/dev_ws/install/dekut_amr_description/share/dekut_amr_description/hook/pythonpath.dsv'
[3.884s] INFO:colcon.colcon_core.shell:Creating environment hook '/home/brian/dev_ws/install/dekut_amr_description/share/dekut_amr_description/hook/pythonpath.sh'
[3.886s] Level 1:colcon.colcon_core.environment:checking '/home/brian/dev_ws/install/dekut_amr_description/bin'
[3.887s] Level 1:colcon.colcon_core.environment:create_environment_scripts_only(dekut_amr_description)
[3.888s] INFO:colcon.colcon_core.shell:Creating package script '/home/brian/dev_ws/install/dekut_amr_description/share/dekut_amr_description/package.ps1'
[3.890s] INFO:colcon.colcon_core.shell:Creating package descriptor '/home/brian/dev_ws/install/dekut_amr_description/share/dekut_amr_description/package.dsv'
[3.891s] INFO:colcon.colcon_core.shell:Creating package script '/home/brian/dev_ws/install/dekut_amr_description/share/dekut_amr_description/package.sh'
[3.893s] INFO:colcon.colcon_core.shell:Creating package script '/home/brian/dev_ws/install/dekut_amr_description/share/dekut_amr_description/package.bash'
[3.894s] INFO:colcon.colcon_core.shell:Creating package script '/home/brian/dev_ws/install/dekut_amr_description/share/dekut_amr_description/package.zsh'
[3.895s] Level 1:colcon.colcon_core.environment:create_file_with_runtime_dependencies(/home/brian/dev_ws/install/dekut_amr_description/share/colcon-core/packages/dekut_amr_description)
[3.975s] Level 1:colcon.colcon_core.environment:checking '/home/brian/dev_ws/install/slam1' for CMake module files
[3.976s] DEBUG:colcon.colcon_core.event_handler.log_command:Invoked command in '/home/brian/dev_ws/src/slam1' returned '0': PYTHONPATH=/home/brian/dev_ws/build/slam1/prefix_override:/usr/lib/python3/dist-packages/colcon_core/task/python/colcon_distutils_commands:/home/brian/dev_ws/install/slam1/lib/python3.10/site-packages:${PYTHONPATH} /usr/bin/python3 -W ignore:setup.py install is deprecated -W ignore:easy_install command is deprecated setup.py egg_info --egg-base ../../build/slam1 build --build-base /home/brian/dev_ws/build/slam1/build install --record /home/brian/dev_ws/build/slam1/install.log --single-version-externally-managed install_data
[3.977s] Level 1:colcon.colcon_core.environment:checking '/home/brian/dev_ws/install/slam1' for CMake config files
[3.978s] Level 1:colcon.colcon_core.environment:checking '/home/brian/dev_ws/install/slam1/lib'
[3.978s] Level 1:colcon.colcon_core.environment:checking '/home/brian/dev_ws/install/slam1/bin'
[3.979s] Level 1:colcon.colcon_core.environment:checking '/home/brian/dev_ws/install/slam1/lib/pkgconfig/slam1.pc'
[3.979s] Level 1:colcon.colcon_core.environment:checking '/home/brian/dev_ws/install/slam1/lib/python3.10/site-packages'
[3.979s] Level 1:colcon.colcon_core.shell:create_environment_hook('slam1', 'pythonpath')
[3.980s] INFO:colcon.colcon_core.shell:Creating environment hook '/home/brian/dev_ws/install/slam1/share/slam1/hook/pythonpath.ps1'
[3.981s] INFO:colcon.colcon_core.shell:Creating environment descriptor '/home/brian/dev_ws/install/slam1/share/slam1/hook/pythonpath.dsv'
[3.983s] INFO:colcon.colcon_core.shell:Creating environment hook '/home/brian/dev_ws/install/slam1/share/slam1/hook/pythonpath.sh'
[3.985s] Level 1:colcon.colcon_core.environment:checking '/home/brian/dev_ws/install/slam1/bin'
[3.985s] Level 1:colcon.colcon_core.environment:create_environment_scripts_only(slam1)
[3.986s] INFO:colcon.colcon_core.shell:Creating package script '/home/brian/dev_ws/install/slam1/share/slam1/package.ps1'
[3.988s] INFO:colcon.colcon_core.shell:Creating package descriptor '/home/brian/dev_ws/install/slam1/share/slam1/package.dsv'
[3.989s] INFO:colcon.colcon_core.shell:Creating package script '/home/brian/dev_ws/install/slam1/share/slam1/package.sh'
[3.991s] INFO:colcon.colcon_core.shell:Creating package script '/home/brian/dev_ws/install/slam1/share/slam1/package.bash'
[3.992s] INFO:colcon.colcon_core.shell:Creating package script '/home/brian/dev_ws/install/slam1/share/slam1/package.zsh'
[3.993s] Level 1:colcon.colcon_core.environment:create_file_with_runtime_dependencies(/home/brian/dev_ws/install/slam1/share/colcon-core/packages/slam1)
[4.029s] Level 1:colcon.colcon_core.environment:checking '/home/brian/dev_ws/install/bringup' for CMake module files
[4.030s] DEBUG:colcon.colcon_core.event_handler.log_command:Invoked command in '/home/brian/dev_ws/src/bringup' returned '0': PYTHONPATH=/home/brian/dev_ws/build/bringup/prefix_override:/usr/lib/python3/dist-packages/colcon_core/task/python/colcon_distutils_commands:/home/brian/dev_ws/install/bringup/lib/python3.10/site-packages:${PYTHONPATH} /usr/bin/python3 -W ignore:setup.py install is deprecated -W ignore:easy_install command is deprecated setup.py egg_info --egg-base ../../build/bringup build --build-base /home/brian/dev_ws/build/bringup/build install --record /home/brian/dev_ws/build/bringup/install.log --single-version-externally-managed install_data
[4.031s] Level 1:colcon.colcon_core.environment:checking '/home/brian/dev_ws/install/bringup' for CMake config files
[4.032s] Level 1:colcon.colcon_core.environment:checking '/home/brian/dev_ws/install/bringup/lib'
[4.032s] Level 1:colcon.colcon_core.environment:checking '/home/brian/dev_ws/install/bringup/bin'
[4.032s] Level 1:colcon.colcon_core.environment:checking '/home/brian/dev_ws/install/bringup/lib/pkgconfig/bringup.pc'
[4.033s] Level 1:colcon.colcon_core.environment:checking '/home/brian/dev_ws/install/bringup/lib/python3.10/site-packages'
[4.033s] Level 1:colcon.colcon_core.shell:create_environment_hook('bringup', 'pythonpath')
[4.033s] INFO:colcon.colcon_core.shell:Creating environment hook '/home/brian/dev_ws/install/bringup/share/bringup/hook/pythonpath.ps1'
[4.034s] INFO:colcon.colcon_core.shell:Creating environment descriptor '/home/brian/dev_ws/install/bringup/share/bringup/hook/pythonpath.dsv'
[4.034s] INFO:colcon.colcon_core.shell:Creating environment hook '/home/brian/dev_ws/install/bringup/share/bringup/hook/pythonpath.sh'
[4.035s] Level 1:colcon.colcon_core.environment:checking '/home/brian/dev_ws/install/bringup/bin'
[4.035s] Level 1:colcon.colcon_core.environment:create_environment_scripts_only(bringup)
[4.036s] INFO:colcon.colcon_core.shell:Creating package script '/home/brian/dev_ws/install/bringup/share/bringup/package.ps1'
[4.037s] INFO:colcon.colcon_core.shell:Creating package descriptor '/home/brian/dev_ws/install/bringup/share/bringup/package.dsv'
[4.038s] INFO:colcon.colcon_core.shell:Creating package script '/home/brian/dev_ws/install/bringup/share/bringup/package.sh'
[4.039s] INFO:colcon.colcon_core.shell:Creating package script '/home/brian/dev_ws/install/bringup/share/bringup/package.bash'
[4.040s] INFO:colcon.colcon_core.shell:Creating package script '/home/brian/dev_ws/install/bringup/share/bringup/package.zsh'
[4.040s] Level 1:colcon.colcon_core.environment:create_file_with_runtime_dependencies(/home/brian/dev_ws/install/bringup/share/colcon-core/packages/bringup)
[4.041s] DEBUG:colcon.colcon_parallel_executor.executor.parallel:closing loop
[4.041s] DEBUG:colcon.colcon_parallel_executor.executor.parallel:loop closed
[4.041s] DEBUG:colcon.colcon_parallel_executor.executor.parallel:run_until_complete finished with '0'
[4.042s] DEBUG:colcon.colcon_core.event_reactor:joining thread
[4.052s] INFO:colcon.colcon_core.plugin_system:Skipping extension 'colcon_notification.desktop_notification.terminal_notifier': Not used on non-Darwin systems
[4.053s] INFO:colcon.colcon_core.plugin_system:Skipping extension 'colcon_notification.desktop_notification.win32': Not used on non-Windows systems
[4.053s] INFO:colcon.colcon_notification.desktop_notification:Sending desktop notification using 'notify2'
[4.073s] DEBUG:colcon.colcon_core.event_reactor:joined thread
[4.074s] INFO:colcon.colcon_core.shell:Creating prefix script '/home/brian/dev_ws/install/local_setup.ps1'
[4.077s] INFO:colcon.colcon_core.shell:Creating prefix util module '/home/brian/dev_ws/install/_local_setup_util_ps1.py'
[4.084s] INFO:colcon.colcon_core.shell:Creating prefix chain script '/home/brian/dev_ws/install/setup.ps1'
[4.088s] INFO:colcon.colcon_core.shell:Creating prefix script '/home/brian/dev_ws/install/local_setup.sh'
[4.089s] INFO:colcon.colcon_core.shell:Creating prefix util module '/home/brian/dev_ws/install/_local_setup_util_sh.py'
[4.091s] INFO:colcon.colcon_core.shell:Creating prefix chain script '/home/brian/dev_ws/install/setup.sh'
[4.095s] INFO:colcon.colcon_core.shell:Creating prefix script '/home/brian/dev_ws/install/local_setup.bash'
[4.096s] INFO:colcon.colcon_core.shell:Creating prefix chain script '/home/brian/dev_ws/install/setup.bash'
[4.100s] INFO:colcon.colcon_core.shell:Creating prefix script '/home/brian/dev_ws/install/local_setup.zsh'
[4.102s] INFO:colcon.colcon_core.shell:Creating prefix chain script '/home/brian/dev_ws/install/setup.zsh'
