[2.469s] Invoking command in '/home/brian/dev_ws/src/slam1': PYTHONPATH=/home/brian/dev_ws/build/slam1/prefix_override:/usr/lib/python3/dist-packages/colcon_core/task/python/colcon_distutils_commands:/home/brian/dev_ws/install/slam1/lib/python3.10/site-packages:${PYTHONPATH} /usr/bin/python3 -W ignore:setup.py install is deprecated -W ignore:easy_install command is deprecated setup.py egg_info --egg-base ../../build/slam1 build --build-base /home/brian/dev_ws/build/slam1/build install --record /home/brian/dev_ws/build/slam1/install.log --single-version-externally-managed install_data
[3.153s] running egg_info
[3.157s] writing ../../build/slam1/slam1.egg-info/PKG-INFO
[3.159s] writing dependency_links to ../../build/slam1/slam1.egg-info/dependency_links.txt
[3.159s] writing entry points to ../../build/slam1/slam1.egg-info/entry_points.txt
[3.161s] writing requirements to ../../build/slam1/slam1.egg-info/requires.txt
[3.163s] writing top-level names to ../../build/slam1/slam1.egg-info/top_level.txt
[3.167s] reading manifest file '../../build/slam1/slam1.egg-info/SOURCES.txt'
[3.170s] writing manifest file '../../build/slam1/slam1.egg-info/SOURCES.txt'
[3.171s] running build
[3.171s] running build_py
[3.174s] running install
[3.177s] running install_lib
[3.179s] running install_data
[3.179s] running install_egg_info
[3.184s] removing '/home/brian/dev_ws/install/slam1/lib/python3.10/site-packages/slam1-0.0.0-py3.10.egg-info' (and everything under it)
[3.184s] Copying ../../build/slam1/slam1.egg-info to /home/brian/dev_ws/install/slam1/lib/python3.10/site-packages/slam1-0.0.0-py3.10.egg-info
[3.185s] running install_scripts
[3.230s] Installing gamepad_teleop script to /home/brian/dev_ws/install/slam1/lib/slam1
[3.231s] Installing teleop_keyboard script to /home/brian/dev_ws/install/slam1/lib/slam1
[3.231s] writing list of installed files to '/home/brian/dev_ws/build/slam1/install.log'
[3.279s] Invoked command in '/home/brian/dev_ws/src/slam1' returned '0': PYTHONPATH=/home/brian/dev_ws/build/slam1/prefix_override:/usr/lib/python3/dist-packages/colcon_core/task/python/colcon_distutils_commands:/home/brian/dev_ws/install/slam1/lib/python3.10/site-packages:${PYTHONPATH} /usr/bin/python3 -W ignore:setup.py install is deprecated -W ignore:easy_install command is deprecated setup.py egg_info --egg-base ../../build/slam1 build --build-base /home/brian/dev_ws/build/slam1/build install --record /home/brian/dev_ws/build/slam1/install.log --single-version-externally-managed install_data
