[2.198s] Invoking command in '/home/brian/dev_ws/src/bringup': PYTHONPATH=/home/brian/dev_ws/build/bringup/prefix_override:/usr/lib/python3/dist-packages/colcon_core/task/python/colcon_distutils_commands:/home/brian/dev_ws/install/bringup/lib/python3.10/site-packages:${PYTHONPATH} /usr/bin/python3 -W ignore:setup.py install is deprecated -W ignore:easy_install command is deprecated setup.py egg_info --egg-base ../../build/bringup build --build-base /home/brian/dev_ws/build/bringup/build install --record /home/brian/dev_ws/build/bringup/install.log --single-version-externally-managed install_data
[2.688s] running egg_info
[2.690s] writing ../../build/bringup/bringup.egg-info/PKG-INFO
[2.692s] writing dependency_links to ../../build/bringup/bringup.egg-info/dependency_links.txt
[2.692s] writing entry points to ../../build/bringup/bringup.egg-info/entry_points.txt
[2.692s] writing requirements to ../../build/bringup/bringup.egg-info/requires.txt
[2.692s] writing top-level names to ../../build/bringup/bringup.egg-info/top_level.txt
[2.695s] reading manifest file '../../build/bringup/bringup.egg-info/SOURCES.txt'
[2.697s] writing manifest file '../../build/bringup/bringup.egg-info/SOURCES.txt'
[2.697s] running build
[2.697s] running build_py
[2.698s] running install
[2.698s] running install_lib
[2.701s] running install_data
[2.702s] copying launch/slam.launch.py -> /home/brian/dev_ws/install/bringup/share/bringup/launch
[2.702s] running install_egg_info
[2.707s] removing '/home/brian/dev_ws/install/bringup/lib/python3.10/site-packages/bringup-0.0.0-py3.10.egg-info' (and everything under it)
[2.707s] Copying ../../build/bringup/bringup.egg-info to /home/brian/dev_ws/install/bringup/lib/python3.10/site-packages/bringup-0.0.0-py3.10.egg-info
[2.709s] running install_scripts
[2.749s] Installing odom_publisher script to /home/brian/dev_ws/install/bringup/lib/bringup
[2.750s] Installing teleop_keyboard script to /home/brian/dev_ws/install/bringup/lib/bringup
[2.750s] writing list of installed files to '/home/brian/dev_ws/build/bringup/install.log'
[2.789s] Invoked command in '/home/brian/dev_ws/src/bringup' returned '0': PYTHONPATH=/home/brian/dev_ws/build/bringup/prefix_override:/usr/lib/python3/dist-packages/colcon_core/task/python/colcon_distutils_commands:/home/brian/dev_ws/install/bringup/lib/python3.10/site-packages:${PYTHONPATH} /usr/bin/python3 -W ignore:setup.py install is deprecated -W ignore:easy_install command is deprecated setup.py egg_info --egg-base ../../build/bringup build --build-base /home/brian/dev_ws/build/bringup/build install --record /home/brian/dev_ws/build/bringup/install.log --single-version-externally-managed install_data
