running egg_info
writing ../../build/dekut_amr_description/dekut_amr_description.egg-info/PKG-INFO
writing dependency_links to ../../build/dekut_amr_description/dekut_amr_description.egg-info/dependency_links.txt
writing entry points to ../../build/dekut_amr_description/dekut_amr_description.egg-info/entry_points.txt
writing requirements to ../../build/dekut_amr_description/dekut_amr_description.egg-info/requires.txt
writing top-level names to ../../build/dekut_amr_description/dekut_amr_description.egg-info/top_level.txt
reading manifest file '../../build/dekut_amr_description/dekut_amr_description.egg-info/SOURCES.txt'
writing manifest file '../../build/dekut_amr_description/dekut_amr_description.egg-info/SOURCES.txt'
running build
running build_py
running install
running install_lib
running install_data
running install_egg_info
removing '/home/brian/dev_ws/install/dekut_amr_description/lib/python3.10/site-packages/dekut_amr_description-0.0.0-py3.10.egg-info' (and everything under it)
Copying ../../build/dekut_amr_description/dekut_amr_description.egg-info to /home/brian/dev_ws/install/dekut_amr_description/lib/python3.10/site-packages/dekut_amr_description-0.0.0-py3.10.egg-info
running install_scripts
Installing ign_pose_to_tf script to /home/brian/dev_ws/install/dekut_amr_description/lib/fusion2urdf_ros2
Installing odom_publisher script to /home/brian/dev_ws/install/dekut_amr_description/lib/fusion2urdf_ros2
writing list of installed files to '/home/brian/dev_ws/build/dekut_amr_description/install.log'
