[0.051s] Invoking command in '/home/brian/dev_ws/build/articubot_1': CMAKE_PREFIX_PATH=${CMAKE_PREFIX_PATH}:/home/brian/dev_ws/install/slam1:/home/brian/dev_ws/install/dekut_amr_description:/home/brian/dev_ws/install/bringup:/home/brian/ros2_ws/install/camera_pkg:/opt/ros/humble /usr/bin/cmake --build /home/brian/dev_ws/build/articubot_1 -- -j4 -l4
[1.325s] Invoked command in '/home/brian/dev_ws/build/articubot_1' returned '0': CMAKE_PREFIX_PATH=${CMAKE_PREFIX_PATH}:/home/brian/dev_ws/install/slam1:/home/brian/dev_ws/install/dekut_amr_description:/home/brian/dev_ws/install/bringup:/home/brian/ros2_ws/install/camera_pkg:/opt/ros/humble /usr/bin/cmake --build /home/brian/dev_ws/build/articubot_1 -- -j4 -l4
[1.342s] Invoking command in '/home/brian/dev_ws/build/articubot_1': CMAKE_PREFIX_PATH=${CMAKE_PREFIX_PATH}:/home/brian/dev_ws/install/slam1:/home/brian/dev_ws/install/dekut_amr_description:/home/brian/dev_ws/install/bringup:/home/brian/ros2_ws/install/camera_pkg:/opt/ros/humble /usr/bin/cmake --install /home/brian/dev_ws/build/articubot_1
[1.363s] -- Install configuration: ""
[1.364s] -- Up-to-date: /home/brian/dev_ws/install/articubot_1/share/articubot_1/config
[1.365s] -- Up-to-date: /home/brian/dev_ws/install/articubot_1/share/articubot_1/config/empty.yaml
[1.367s] -- Up-to-date: /home/brian/dev_ws/install/articubot_1/share/articubot_1/description
[1.369s] -- Up-to-date: /home/brian/dev_ws/install/articubot_1/share/articubot_1/description/robot.urdf.xacro
[1.370s] -- Up-to-date: /home/brian/dev_ws/install/articubot_1/share/articubot_1/description/gazebo_control.xacro
[1.370s] -- Up-to-date: /home/brian/dev_ws/install/articubot_1/share/articubot_1/description/inertial_macros.xacro
[1.370s] -- Up-to-date: /home/brian/dev_ws/install/articubot_1/share/articubot_1/description/lidar.xacro
[1.374s] -- Up-to-date: /home/brian/dev_ws/install/articubot_1/share/articubot_1/description/colours.xacro
[1.374s] -- Up-to-date: /home/brian/dev_ws/install/articubot_1/share/articubot_1/description/camera.xacro
[1.376s] -- Up-to-date: /home/brian/dev_ws/install/articubot_1/share/articubot_1/description/robot_core.xacro
[1.377s] -- Up-to-date: /home/brian/dev_ws/install/articubot_1/share/articubot_1/launch
[1.377s] -- Up-to-date: /home/brian/dev_ws/install/articubot_1/share/articubot_1/launch/__pycache__
[1.377s] -- Up-to-date: /home/brian/dev_ws/install/articubot_1/share/articubot_1/launch/__pycache__/rsp.launch.cpython-310.pyc
[1.378s] -- Up-to-date: /home/brian/dev_ws/install/articubot_1/share/articubot_1/launch/rsp.launch.py
[1.383s] -- Up-to-date: /home/brian/dev_ws/install/articubot_1/share/articubot_1/launch/launch_sim.launch.py
[1.384s] -- Up-to-date: /home/brian/dev_ws/install/articubot_1/share/articubot_1/worlds
[1.386s] -- Up-to-date: /home/brian/dev_ws/install/articubot_1/share/articubot_1/worlds/empty.world
[1.387s] -- Up-to-date: /home/brian/dev_ws/install/articubot_1/share/ament_index/resource_index/package_run_dependencies/articubot_1
[1.387s] -- Up-to-date: /home/brian/dev_ws/install/articubot_1/share/ament_index/resource_index/parent_prefix_path/articubot_1
[1.387s] -- Up-to-date: /home/brian/dev_ws/install/articubot_1/share/articubot_1/environment/ament_prefix_path.sh
[1.391s] -- Up-to-date: /home/brian/dev_ws/install/articubot_1/share/articubot_1/environment/ament_prefix_path.dsv
[1.393s] -- Up-to-date: /home/brian/dev_ws/install/articubot_1/share/articubot_1/environment/path.sh
[1.395s] -- Up-to-date: /home/brian/dev_ws/install/articubot_1/share/articubot_1/environment/path.dsv
[1.396s] -- Up-to-date: /home/brian/dev_ws/install/articubot_1/share/articubot_1/local_setup.bash
[1.396s] -- Up-to-date: /home/brian/dev_ws/install/articubot_1/share/articubot_1/local_setup.sh
[1.397s] -- Up-to-date: /home/brian/dev_ws/install/articubot_1/share/articubot_1/local_setup.zsh
[1.397s] -- Up-to-date: /home/brian/dev_ws/install/articubot_1/share/articubot_1/local_setup.dsv
[1.400s] -- Installing: /home/brian/dev_ws/install/articubot_1/share/articubot_1/package.dsv
[1.403s] -- Up-to-date: /home/brian/dev_ws/install/articubot_1/share/ament_index/resource_index/packages/articubot_1
[1.407s] -- Up-to-date: /home/brian/dev_ws/install/articubot_1/share/articubot_1/cmake/articubot_1Config.cmake
[1.409s] -- Up-to-date: /home/brian/dev_ws/install/articubot_1/share/articubot_1/cmake/articubot_1Config-version.cmake
[1.411s] -- Up-to-date: /home/brian/dev_ws/install/articubot_1/share/articubot_1/package.xml
[1.413s] Invoked command in '/home/brian/dev_ws/build/articubot_1' returned '0': CMAKE_PREFIX_PATH=${CMAKE_PREFIX_PATH}:/home/brian/dev_ws/install/slam1:/home/brian/dev_ws/install/dekut_amr_description:/home/brian/dev_ws/install/bringup:/home/brian/ros2_ws/install/camera_pkg:/opt/ros/humble /usr/bin/cmake --install /home/brian/dev_ws/build/articubot_1
