[1.649s] Invoking command in '/home/brian/dev_ws/src/slam1': PYTHONPATH=/home/brian/dev_ws/build/slam1/prefix_override:/usr/lib/python3/dist-packages/colcon_core/task/python/colcon_distutils_commands:/home/brian/dev_ws/install/slam1/lib/python3.10/site-packages:${PYTHONPATH} /usr/bin/python3 -W ignore:setup.py install is deprecated -W ignore:easy_install command is deprecated setup.py egg_info --egg-base ../../build/slam1 build --build-base /home/brian/dev_ws/build/slam1/build install --record /home/brian/dev_ws/build/slam1/install.log --single-version-externally-managed install_data
[2.031s] running egg_info
[2.031s] writing ../../build/slam1/slam1.egg-info/PKG-INFO
[2.032s] writing dependency_links to ../../build/slam1/slam1.egg-info/dependency_links.txt
[2.032s] writing entry points to ../../build/slam1/slam1.egg-info/entry_points.txt
[2.032s] writing requirements to ../../build/slam1/slam1.egg-info/requires.txt
[2.032s] writing top-level names to ../../build/slam1/slam1.egg-info/top_level.txt
[2.035s] reading manifest file '../../build/slam1/slam1.egg-info/SOURCES.txt'
[2.037s] writing manifest file '../../build/slam1/slam1.egg-info/SOURCES.txt'
[2.038s] running build
[2.039s] running build_py
[2.040s] running install
[2.041s] running install_lib
[2.041s] running install_data
[2.041s] running install_egg_info
[2.044s] removing '/home/brian/dev_ws/install/slam1/lib/python3.10/site-packages/slam1-0.0.0-py3.10.egg-info' (and everything under it)
[2.045s] Copying ../../build/slam1/slam1.egg-info to /home/brian/dev_ws/install/slam1/lib/python3.10/site-packages/slam1-0.0.0-py3.10.egg-info
[2.046s] running install_scripts
[2.079s] Installing gamepad_teleop script to /home/brian/dev_ws/install/slam1/lib/slam1
[2.080s] Installing teleop_keyboard script to /home/brian/dev_ws/install/slam1/lib/slam1
[2.080s] writing list of installed files to '/home/brian/dev_ws/build/slam1/install.log'
[2.123s] Invoked command in '/home/brian/dev_ws/src/slam1' returned '0': PYTHONPATH=/home/brian/dev_ws/build/slam1/prefix_override:/usr/lib/python3/dist-packages/colcon_core/task/python/colcon_distutils_commands:/home/brian/dev_ws/install/slam1/lib/python3.10/site-packages:${PYTHONPATH} /usr/bin/python3 -W ignore:setup.py install is deprecated -W ignore:easy_install command is deprecated setup.py egg_info --egg-base ../../build/slam1 build --build-base /home/brian/dev_ws/build/slam1/build install --record /home/brian/dev_ws/build/slam1/install.log --single-version-externally-managed install_data
