[0.144s] DEBUG:colcon:Command line arguments: ['/usr/bin/colcon', 'build']
[0.144s] DEBUG:colcon:Parsed command line arguments: Namespace(log_base=None, log_level=None, verb_name='build', build_base='build', install_base='install', merge_install=False, symlink_install=False, test_result_base=None, continue_on_error=False, executor='parallel', parallel_workers=4, event_handlers=None, ignore_user_meta=False, metas=['./colcon.meta'], base_paths=['.'], packages_ignore=None, packages_ignore_regex=None, paths=None, packages_up_to=None, packages_up_to_regex=None, packages_above=None, packages_above_and_dependencies=None, packages_above_depth=None, packages_select_by_dep=None, packages_skip_by_dep=None, packages_skip_up_to=None, packages_select_build_failed=False, packages_skip_build_finished=False, packages_select_test_failures=False, packages_skip_test_passed=False, packages_select=None, packages_skip=None, packages_select_regex=None, packages_skip_regex=None, packages_start=None, packages_end=None, allow_overriding=[], cmake_args=None, cmake_target=None, cmake_target_skip_unavailable=False, cmake_clean_cache=False, cmake_clean_first=False, cmake_force_configure=False, ament_cmake_args=None, catkin_cmake_args=None, catkin_skip_building_tests=False, mixin_files=None, mixin=None, verb_parser=<colcon_mixin.mixin.mixin_argument.MixinArgumentDecorator object at 0x7c9a8656f4f0>, verb_extension=<colcon_core.verb.build.BuildVerb object at 0x7c9a8656f010>, main=<bound method BuildVerb.main of <colcon_core.verb.build.BuildVerb object at 0x7c9a8656f010>>, mixin_verb=('build',))
[0.367s] Level 1:colcon.colcon_core.package_discovery:discover_packages(colcon_meta) check parameters
[0.368s] Level 1:colcon.colcon_core.package_discovery:discover_packages(recursive) check parameters
[0.368s] Level 1:colcon.colcon_core.package_discovery:discover_packages(ignore) check parameters
[0.368s] Level 1:colcon.colcon_core.package_discovery:discover_packages(path) check parameters
[0.368s] Level 1:colcon.colcon_core.package_discovery:discover_packages(colcon_meta) discover
[0.368s] Level 1:colcon.colcon_core.package_discovery:discover_packages(recursive) discover
[0.368s] INFO:colcon.colcon_core.package_discovery:Crawling recursively for packages in '/home/brian/dev_ws'
[0.368s] Level 1:colcon.colcon_core.package_identification:_identify(.) by extensions ['ignore', 'ignore_ament_install']
[0.368s] Level 1:colcon.colcon_core.package_identification:_identify(.) by extension 'ignore'
[0.368s] Level 1:colcon.colcon_core.package_identification:_identify(.) by extension 'ignore_ament_install'
[0.369s] Level 1:colcon.colcon_core.package_identification:_identify(.) by extensions ['colcon_pkg']
[0.369s] Level 1:colcon.colcon_core.package_identification:_identify(.) by extension 'colcon_pkg'
[0.369s] Level 1:colcon.colcon_core.package_identification:_identify(.) by extensions ['colcon_meta']
[0.369s] Level 1:colcon.colcon_core.package_identification:_identify(.) by extension 'colcon_meta'
[0.369s] Level 1:colcon.colcon_core.package_identification:_identify(.) by extensions ['ros']
[0.369s] Level 1:colcon.colcon_core.package_identification:_identify(.) by extension 'ros'
[0.383s] Level 1:colcon.colcon_core.package_identification:_identify(.) by extensions ['cmake', 'python']
[0.383s] Level 1:colcon.colcon_core.package_identification:_identify(.) by extension 'cmake'
[0.383s] Level 1:colcon.colcon_core.package_identification:_identify(.) by extension 'python'
[0.383s] Level 1:colcon.colcon_core.package_identification:_identify(.) by extensions ['python_setup_py']
[0.383s] Level 1:colcon.colcon_core.package_identification:_identify(.) by extension 'python_setup_py'
[0.383s] Level 1:colcon.colcon_core.package_identification:_identify(build) by extensions ['ignore', 'ignore_ament_install']
[0.383s] Level 1:colcon.colcon_core.package_identification:_identify(build) by extension 'ignore'
[0.384s] Level 1:colcon.colcon_core.package_identification:_identify(build) ignored
[0.384s] Level 1:colcon.colcon_core.package_identification:_identify(install) by extensions ['ignore', 'ignore_ament_install']
[0.384s] Level 1:colcon.colcon_core.package_identification:_identify(install) by extension 'ignore'
[0.384s] Level 1:colcon.colcon_core.package_identification:_identify(install) ignored
[0.384s] Level 1:colcon.colcon_core.package_identification:_identify(log) by extensions ['ignore', 'ignore_ament_install']
[0.385s] Level 1:colcon.colcon_core.package_identification:_identify(log) by extension 'ignore'
[0.385s] Level 1:colcon.colcon_core.package_identification:_identify(log) ignored
[0.385s] Level 1:colcon.colcon_core.package_identification:_identify(src) by extensions ['ignore', 'ignore_ament_install']
[0.385s] Level 1:colcon.colcon_core.package_identification:_identify(src) by extension 'ignore'
[0.385s] Level 1:colcon.colcon_core.package_identification:_identify(src) by extension 'ignore_ament_install'
[0.385s] Level 1:colcon.colcon_core.package_identification:_identify(src) by extensions ['colcon_pkg']
[0.385s] Level 1:colcon.colcon_core.package_identification:_identify(src) by extension 'colcon_pkg'
[0.385s] Level 1:colcon.colcon_core.package_identification:_identify(src) by extensions ['colcon_meta']
[0.385s] Level 1:colcon.colcon_core.package_identification:_identify(src) by extension 'colcon_meta'
[0.385s] Level 1:colcon.colcon_core.package_identification:_identify(src) by extensions ['ros']
[0.385s] Level 1:colcon.colcon_core.package_identification:_identify(src) by extension 'ros'
[0.386s] Level 1:colcon.colcon_core.package_identification:_identify(src) by extensions ['cmake', 'python']
[0.386s] Level 1:colcon.colcon_core.package_identification:_identify(src) by extension 'cmake'
[0.386s] Level 1:colcon.colcon_core.package_identification:_identify(src) by extension 'python'
[0.386s] Level 1:colcon.colcon_core.package_identification:_identify(src) by extensions ['python_setup_py']
[0.386s] Level 1:colcon.colcon_core.package_identification:_identify(src) by extension 'python_setup_py'
[0.386s] Level 1:colcon.colcon_core.package_identification:_identify(src/articubot_1) by extensions ['ignore', 'ignore_ament_install']
[0.386s] Level 1:colcon.colcon_core.package_identification:_identify(src/articubot_1) by extension 'ignore'
[0.386s] Level 1:colcon.colcon_core.package_identification:_identify(src/articubot_1) by extension 'ignore_ament_install'
[0.386s] Level 1:colcon.colcon_core.package_identification:_identify(src/articubot_1) by extensions ['colcon_pkg']
[0.387s] Level 1:colcon.colcon_core.package_identification:_identify(src/articubot_1) by extension 'colcon_pkg'
[0.387s] Level 1:colcon.colcon_core.package_identification:_identify(src/articubot_1) by extensions ['colcon_meta']
[0.387s] Level 1:colcon.colcon_core.package_identification:_identify(src/articubot_1) by extension 'colcon_meta'
[0.387s] Level 1:colcon.colcon_core.package_identification:_identify(src/articubot_1) by extensions ['ros']
[0.387s] Level 1:colcon.colcon_core.package_identification:_identify(src/articubot_1) by extension 'ros'
[0.391s] DEBUG:colcon.colcon_core.package_identification:Package 'src/articubot_1' with type 'ros.ament_cmake' and name 'articubot_1'
[0.391s] Level 1:colcon.colcon_core.package_identification:_identify(src/bringup) by extensions ['ignore', 'ignore_ament_install']
[0.391s] Level 1:colcon.colcon_core.package_identification:_identify(src/bringup) by extension 'ignore'
[0.391s] Level 1:colcon.colcon_core.package_identification:_identify(src/bringup) by extension 'ignore_ament_install'
[0.392s] Level 1:colcon.colcon_core.package_identification:_identify(src/bringup) by extensions ['colcon_pkg']
[0.392s] Level 1:colcon.colcon_core.package_identification:_identify(src/bringup) by extension 'colcon_pkg'
[0.392s] Level 1:colcon.colcon_core.package_identification:_identify(src/bringup) by extensions ['colcon_meta']
[0.392s] Level 1:colcon.colcon_core.package_identification:_identify(src/bringup) by extension 'colcon_meta'
[0.392s] Level 1:colcon.colcon_core.package_identification:_identify(src/bringup) by extensions ['ros']
[0.392s] Level 1:colcon.colcon_core.package_identification:_identify(src/bringup) by extension 'ros'
[0.393s] DEBUG:colcon.colcon_core.package_identification:Package 'src/bringup' with type 'ros.ament_python' and name 'bringup'
[0.393s] Level 1:colcon.colcon_core.package_identification:_identify(src/dekut_amr_description) by extensions ['ignore', 'ignore_ament_install']
[0.393s] Level 1:colcon.colcon_core.package_identification:_identify(src/dekut_amr_description) by extension 'ignore'
[0.393s] Level 1:colcon.colcon_core.package_identification:_identify(src/dekut_amr_description) by extension 'ignore_ament_install'
[0.394s] Level 1:colcon.colcon_core.package_identification:_identify(src/dekut_amr_description) by extensions ['colcon_pkg']
[0.394s] Level 1:colcon.colcon_core.package_identification:_identify(src/dekut_amr_description) by extension 'colcon_pkg'
[0.394s] Level 1:colcon.colcon_core.package_identification:_identify(src/dekut_amr_description) by extensions ['colcon_meta']
[0.394s] Level 1:colcon.colcon_core.package_identification:_identify(src/dekut_amr_description) by extension 'colcon_meta'
[0.394s] Level 1:colcon.colcon_core.package_identification:_identify(src/dekut_amr_description) by extensions ['ros']
[0.394s] Level 1:colcon.colcon_core.package_identification:_identify(src/dekut_amr_description) by extension 'ros'
[0.395s] DEBUG:colcon.colcon_core.package_identification:Package 'src/dekut_amr_description' with type 'ros.ament_python' and name 'dekut_amr_description'
[0.395s] Level 1:colcon.colcon_core.package_identification:_identify(src/slam1) by extensions ['ignore', 'ignore_ament_install']
[0.395s] Level 1:colcon.colcon_core.package_identification:_identify(src/slam1) by extension 'ignore'
[0.396s] Level 1:colcon.colcon_core.package_identification:_identify(src/slam1) by extension 'ignore_ament_install'
[0.396s] Level 1:colcon.colcon_core.package_identification:_identify(src/slam1) by extensions ['colcon_pkg']
[0.396s] Level 1:colcon.colcon_core.package_identification:_identify(src/slam1) by extension 'colcon_pkg'
[0.396s] Level 1:colcon.colcon_core.package_identification:_identify(src/slam1) by extensions ['colcon_meta']
[0.396s] Level 1:colcon.colcon_core.package_identification:_identify(src/slam1) by extension 'colcon_meta'
[0.396s] Level 1:colcon.colcon_core.package_identification:_identify(src/slam1) by extensions ['ros']
[0.396s] Level 1:colcon.colcon_core.package_identification:_identify(src/slam1) by extension 'ros'
[0.397s] DEBUG:colcon.colcon_core.package_identification:Package 'src/slam1' with type 'ros.ament_python' and name 'slam1'
[0.397s] Level 1:colcon.colcon_core.package_discovery:discover_packages(recursive) using defaults
[0.397s] Level 1:colcon.colcon_core.package_discovery:discover_packages(ignore) discover
[0.397s] Level 1:colcon.colcon_core.package_discovery:discover_packages(ignore) using defaults
[0.398s] Level 1:colcon.colcon_core.package_discovery:discover_packages(path) discover
[0.398s] Level 1:colcon.colcon_core.package_discovery:discover_packages(path) using defaults
[0.436s] Level 1:colcon.colcon_core.package_discovery:discover_packages(prefix_path) check parameters
[0.436s] Level 1:colcon.colcon_core.package_discovery:discover_packages(prefix_path) discover
[0.439s] DEBUG:colcon.colcon_installed_package_information.package_discovery:Found 4 installed packages in /home/brian/dev_ws/install
[0.439s] DEBUG:colcon.colcon_installed_package_information.package_discovery:Found 2 installed packages in /home/brian/ros2_ws/install
[0.441s] DEBUG:colcon.colcon_installed_package_information.package_discovery:Found 379 installed packages in /opt/ros/humble
[0.444s] Level 1:colcon.colcon_core.package_discovery:discover_packages(prefix_path) using defaults
[0.506s] Level 5:colcon.colcon_core.verb:set package 'articubot_1' build argument 'cmake_args' from command line to 'None'
[0.506s] Level 5:colcon.colcon_core.verb:set package 'articubot_1' build argument 'cmake_target' from command line to 'None'
[0.506s] Level 5:colcon.colcon_core.verb:set package 'articubot_1' build argument 'cmake_target_skip_unavailable' from command line to 'False'
[0.506s] Level 5:colcon.colcon_core.verb:set package 'articubot_1' build argument 'cmake_clean_cache' from command line to 'False'
[0.506s] Level 5:colcon.colcon_core.verb:set package 'articubot_1' build argument 'cmake_clean_first' from command line to 'False'
[0.506s] Level 5:colcon.colcon_core.verb:set package 'articubot_1' build argument 'cmake_force_configure' from command line to 'False'
[0.506s] Level 5:colcon.colcon_core.verb:set package 'articubot_1' build argument 'ament_cmake_args' from command line to 'None'
[0.506s] Level 5:colcon.colcon_core.verb:set package 'articubot_1' build argument 'catkin_cmake_args' from command line to 'None'
[0.506s] Level 5:colcon.colcon_core.verb:set package 'articubot_1' build argument 'catkin_skip_building_tests' from command line to 'False'
[0.506s] DEBUG:colcon.colcon_core.verb:Building package 'articubot_1' with the following arguments: {'ament_cmake_args': None, 'build_base': '/home/brian/dev_ws/build/articubot_1', 'catkin_cmake_args': None, 'catkin_skip_building_tests': False, 'cmake_args': None, 'cmake_clean_cache': False, 'cmake_clean_first': False, 'cmake_force_configure': False, 'cmake_target': None, 'cmake_target_skip_unavailable': False, 'install_base': '/home/brian/dev_ws/install/articubot_1', 'merge_install': False, 'path': '/home/brian/dev_ws/src/articubot_1', 'symlink_install': False, 'test_result_base': None}
[0.507s] Level 5:colcon.colcon_core.verb:set package 'bringup' build argument 'cmake_args' from command line to 'None'
[0.507s] Level 5:colcon.colcon_core.verb:set package 'bringup' build argument 'cmake_target' from command line to 'None'
[0.507s] Level 5:colcon.colcon_core.verb:set package 'bringup' build argument 'cmake_target_skip_unavailable' from command line to 'False'
[0.507s] Level 5:colcon.colcon_core.verb:set package 'bringup' build argument 'cmake_clean_cache' from command line to 'False'
[0.507s] Level 5:colcon.colcon_core.verb:set package 'bringup' build argument 'cmake_clean_first' from command line to 'False'
[0.507s] Level 5:colcon.colcon_core.verb:set package 'bringup' build argument 'cmake_force_configure' from command line to 'False'
[0.507s] Level 5:colcon.colcon_core.verb:set package 'bringup' build argument 'ament_cmake_args' from command line to 'None'
[0.507s] Level 5:colcon.colcon_core.verb:set package 'bringup' build argument 'catkin_cmake_args' from command line to 'None'
[0.507s] Level 5:colcon.colcon_core.verb:set package 'bringup' build argument 'catkin_skip_building_tests' from command line to 'False'
[0.507s] DEBUG:colcon.colcon_core.verb:Building package 'bringup' with the following arguments: {'ament_cmake_args': None, 'build_base': '/home/brian/dev_ws/build/bringup', 'catkin_cmake_args': None, 'catkin_skip_building_tests': False, 'cmake_args': None, 'cmake_clean_cache': False, 'cmake_clean_first': False, 'cmake_force_configure': False, 'cmake_target': None, 'cmake_target_skip_unavailable': False, 'install_base': '/home/brian/dev_ws/install/bringup', 'merge_install': False, 'path': '/home/brian/dev_ws/src/bringup', 'symlink_install': False, 'test_result_base': None}
[0.508s] Level 5:colcon.colcon_core.verb:set package 'dekut_amr_description' build argument 'cmake_args' from command line to 'None'
[0.508s] Level 5:colcon.colcon_core.verb:set package 'dekut_amr_description' build argument 'cmake_target' from command line to 'None'
[0.508s] Level 5:colcon.colcon_core.verb:set package 'dekut_amr_description' build argument 'cmake_target_skip_unavailable' from command line to 'False'
[0.508s] Level 5:colcon.colcon_core.verb:set package 'dekut_amr_description' build argument 'cmake_clean_cache' from command line to 'False'
[0.508s] Level 5:colcon.colcon_core.verb:set package 'dekut_amr_description' build argument 'cmake_clean_first' from command line to 'False'
[0.508s] Level 5:colcon.colcon_core.verb:set package 'dekut_amr_description' build argument 'cmake_force_configure' from command line to 'False'
[0.508s] Level 5:colcon.colcon_core.verb:set package 'dekut_amr_description' build argument 'ament_cmake_args' from command line to 'None'
[0.508s] Level 5:colcon.colcon_core.verb:set package 'dekut_amr_description' build argument 'catkin_cmake_args' from command line to 'None'
[0.508s] Level 5:colcon.colcon_core.verb:set package 'dekut_amr_description' build argument 'catkin_skip_building_tests' from command line to 'False'
[0.509s] DEBUG:colcon.colcon_core.verb:Building package 'dekut_amr_description' with the following arguments: {'ament_cmake_args': None, 'build_base': '/home/brian/dev_ws/build/dekut_amr_description', 'catkin_cmake_args': None, 'catkin_skip_building_tests': False, 'cmake_args': None, 'cmake_clean_cache': False, 'cmake_clean_first': False, 'cmake_force_configure': False, 'cmake_target': None, 'cmake_target_skip_unavailable': False, 'install_base': '/home/brian/dev_ws/install/dekut_amr_description', 'merge_install': False, 'path': '/home/brian/dev_ws/src/dekut_amr_description', 'symlink_install': False, 'test_result_base': None}
[0.509s] Level 5:colcon.colcon_core.verb:set package 'slam1' build argument 'cmake_args' from command line to 'None'
[0.509s] Level 5:colcon.colcon_core.verb:set package 'slam1' build argument 'cmake_target' from command line to 'None'
[0.509s] Level 5:colcon.colcon_core.verb:set package 'slam1' build argument 'cmake_target_skip_unavailable' from command line to 'False'
[0.509s] Level 5:colcon.colcon_core.verb:set package 'slam1' build argument 'cmake_clean_cache' from command line to 'False'
[0.509s] Level 5:colcon.colcon_core.verb:set package 'slam1' build argument 'cmake_clean_first' from command line to 'False'
[0.509s] Level 5:colcon.colcon_core.verb:set package 'slam1' build argument 'cmake_force_configure' from command line to 'False'
[0.509s] Level 5:colcon.colcon_core.verb:set package 'slam1' build argument 'ament_cmake_args' from command line to 'None'
[0.509s] Level 5:colcon.colcon_core.verb:set package 'slam1' build argument 'catkin_cmake_args' from command line to 'None'
[0.509s] Level 5:colcon.colcon_core.verb:set package 'slam1' build argument 'catkin_skip_building_tests' from command line to 'False'
[0.510s] DEBUG:colcon.colcon_core.verb:Building package 'slam1' with the following arguments: {'ament_cmake_args': None, 'build_base': '/home/brian/dev_ws/build/slam1', 'catkin_cmake_args': None, 'catkin_skip_building_tests': False, 'cmake_args': None, 'cmake_clean_cache': False, 'cmake_clean_first': False, 'cmake_force_configure': False, 'cmake_target': None, 'cmake_target_skip_unavailable': False, 'install_base': '/home/brian/dev_ws/install/slam1', 'merge_install': False, 'path': '/home/brian/dev_ws/src/slam1', 'symlink_install': False, 'test_result_base': None}
[0.510s] INFO:colcon.colcon_core.executor:Executing jobs using 'parallel' executor
[0.512s] DEBUG:colcon.colcon_parallel_executor.executor.parallel:run_until_complete
[0.512s] INFO:colcon.colcon_ros.task.ament_cmake.build:Building ROS package in '/home/brian/dev_ws/src/articubot_1' with build type 'ament_cmake'
[0.513s] INFO:colcon.colcon_cmake.task.cmake.build:Building CMake package in '/home/brian/dev_ws/src/articubot_1'
[0.515s] INFO:colcon.colcon_core.plugin_system:Skipping extension 'colcon_core.shell.bat': Not used on non-Windows systems
[0.516s] INFO:colcon.colcon_core.shell:Skip shell extension 'powershell' for command environment: Not usable outside of PowerShell
[0.516s] DEBUG:colcon.colcon_core.shell:Skip shell extension 'dsv' for command environment
[0.522s] INFO:colcon.colcon_ros.task.ament_python.build:Building ROS package in '/home/brian/dev_ws/src/bringup' with build type 'ament_python'
[0.522s] Level 1:colcon.colcon_core.shell:create_environment_hook('bringup', 'ament_prefix_path')
[0.522s] INFO:colcon.colcon_core.shell:Creating environment hook '/home/brian/dev_ws/install/bringup/share/bringup/hook/ament_prefix_path.ps1'
[0.524s] INFO:colcon.colcon_core.shell:Creating environment descriptor '/home/brian/dev_ws/install/bringup/share/bringup/hook/ament_prefix_path.dsv'
[0.525s] INFO:colcon.colcon_core.shell:Creating environment hook '/home/brian/dev_ws/install/bringup/share/bringup/hook/ament_prefix_path.sh'
[0.526s] INFO:colcon.colcon_core.shell:Skip shell extension 'powershell' for command environment: Not usable outside of PowerShell
[0.526s] DEBUG:colcon.colcon_core.shell:Skip shell extension 'dsv' for command environment
[0.532s] INFO:colcon.colcon_ros.task.ament_python.build:Building ROS package in '/home/brian/dev_ws/src/dekut_amr_description' with build type 'ament_python'
[0.532s] Level 1:colcon.colcon_core.shell:create_environment_hook('dekut_amr_description', 'ament_prefix_path')
[0.532s] INFO:colcon.colcon_core.shell:Creating environment hook '/home/brian/dev_ws/install/dekut_amr_description/share/dekut_amr_description/hook/ament_prefix_path.ps1'
[0.533s] INFO:colcon.colcon_core.shell:Creating environment descriptor '/home/brian/dev_ws/install/dekut_amr_description/share/dekut_amr_description/hook/ament_prefix_path.dsv'
[0.534s] INFO:colcon.colcon_core.shell:Creating environment hook '/home/brian/dev_ws/install/dekut_amr_description/share/dekut_amr_description/hook/ament_prefix_path.sh'
[0.535s] INFO:colcon.colcon_core.shell:Skip shell extension 'powershell' for command environment: Not usable outside of PowerShell
[0.535s] DEBUG:colcon.colcon_core.shell:Skip shell extension 'dsv' for command environment
[0.543s] INFO:colcon.colcon_ros.task.ament_python.build:Building ROS package in '/home/brian/dev_ws/src/slam1' with build type 'ament_python'
[0.543s] Level 1:colcon.colcon_core.shell:create_environment_hook('slam1', 'ament_prefix_path')
[0.544s] INFO:colcon.colcon_core.shell:Creating environment hook '/home/brian/dev_ws/install/slam1/share/slam1/hook/ament_prefix_path.ps1'
[0.545s] INFO:colcon.colcon_core.shell:Creating environment descriptor '/home/brian/dev_ws/install/slam1/share/slam1/hook/ament_prefix_path.dsv'
[0.546s] INFO:colcon.colcon_core.shell:Creating environment hook '/home/brian/dev_ws/install/slam1/share/slam1/hook/ament_prefix_path.sh'
[0.547s] INFO:colcon.colcon_core.shell:Skip shell extension 'powershell' for command environment: Not usable outside of PowerShell
[0.547s] DEBUG:colcon.colcon_core.shell:Skip shell extension 'dsv' for command environment
[0.565s] DEBUG:colcon.colcon_core.event_handler.log_command:Invoking command in '/home/brian/dev_ws/build/articubot_1': CMAKE_PREFIX_PATH=${CMAKE_PREFIX_PATH}:/home/brian/dev_ws/install/slam1:/home/brian/dev_ws/install/dekut_amr_description:/home/brian/dev_ws/install/bringup:/home/brian/ros2_ws/install/camera_pkg:/opt/ros/humble /usr/bin/cmake --build /home/brian/dev_ws/build/articubot_1 -- -j4 -l4
[1.012s] INFO:colcon.colcon_core.task.python.build:Building Python package in '/home/brian/dev_ws/src/bringup'
[1.013s] INFO:colcon.colcon_core.shell:Skip shell extension 'powershell' for command environment: Not usable outside of PowerShell
[1.013s] DEBUG:colcon.colcon_core.shell:Skip shell extension 'dsv' for command environment
[1.403s] INFO:colcon.colcon_core.task.python.build:Building Python package in '/home/brian/dev_ws/src/dekut_amr_description'
[1.403s] INFO:colcon.colcon_core.shell:Skip shell extension 'powershell' for command environment: Not usable outside of PowerShell
[1.403s] DEBUG:colcon.colcon_core.shell:Skip shell extension 'dsv' for command environment
[1.413s] DEBUG:colcon.colcon_core.event_handler.log_command:Invoked command in '/home/brian/dev_ws/build/articubot_1' returned '0': CMAKE_PREFIX_PATH=${CMAKE_PREFIX_PATH}:/home/brian/dev_ws/install/slam1:/home/brian/dev_ws/install/dekut_amr_description:/home/brian/dev_ws/install/bringup:/home/brian/ros2_ws/install/camera_pkg:/opt/ros/humble /usr/bin/cmake --build /home/brian/dev_ws/build/articubot_1 -- -j4 -l4
[1.427s] DEBUG:colcon.colcon_core.event_handler.log_command:Invoking command in '/home/brian/dev_ws/build/articubot_1': CMAKE_PREFIX_PATH=${CMAKE_PREFIX_PATH}:/home/brian/dev_ws/install/slam1:/home/brian/dev_ws/install/dekut_amr_description:/home/brian/dev_ws/install/bringup:/home/brian/ros2_ws/install/camera_pkg:/opt/ros/humble /usr/bin/cmake --install /home/brian/dev_ws/build/articubot_1
[1.804s] INFO:colcon.colcon_core.task.python.build:Building Python package in '/home/brian/dev_ws/src/slam1'
[1.805s] INFO:colcon.colcon_core.shell:Skip shell extension 'powershell' for command environment: Not usable outside of PowerShell
[1.805s] DEBUG:colcon.colcon_core.shell:Skip shell extension 'dsv' for command environment
[1.826s] Level 1:colcon.colcon_core.environment:create_environment_scripts_only(articubot_1)
[1.829s] DEBUG:colcon.colcon_core.event_handler.log_command:Invoked command in '/home/brian/dev_ws/build/articubot_1' returned '0': CMAKE_PREFIX_PATH=${CMAKE_PREFIX_PATH}:/home/brian/dev_ws/install/slam1:/home/brian/dev_ws/install/dekut_amr_description:/home/brian/dev_ws/install/bringup:/home/brian/ros2_ws/install/camera_pkg:/opt/ros/humble /usr/bin/cmake --install /home/brian/dev_ws/build/articubot_1
[1.833s] Level 1:colcon.colcon_core.environment:checking '/home/brian/dev_ws/install/articubot_1' for CMake module files
[1.835s] Level 1:colcon.colcon_core.environment:checking '/home/brian/dev_ws/install/articubot_1' for CMake config files
[1.836s] Level 1:colcon.colcon_core.shell:create_environment_hook('articubot_1', 'cmake_prefix_path')
[1.836s] INFO:colcon.colcon_core.shell:Creating environment hook '/home/brian/dev_ws/install/articubot_1/share/articubot_1/hook/cmake_prefix_path.ps1'
[1.837s] INFO:colcon.colcon_core.shell:Creating environment descriptor '/home/brian/dev_ws/install/articubot_1/share/articubot_1/hook/cmake_prefix_path.dsv'
[1.838s] INFO:colcon.colcon_core.shell:Creating environment hook '/home/brian/dev_ws/install/articubot_1/share/articubot_1/hook/cmake_prefix_path.sh'
[1.839s] Level 1:colcon.colcon_core.environment:checking '/home/brian/dev_ws/install/articubot_1/bin'
[1.839s] Level 1:colcon.colcon_core.environment:checking '/home/brian/dev_ws/install/articubot_1/lib/pkgconfig/articubot_1.pc'
[1.840s] Level 1:colcon.colcon_core.environment:checking '/home/brian/dev_ws/install/articubot_1/lib/python3.10/site-packages'
[1.840s] Level 1:colcon.colcon_core.environment:checking '/home/brian/dev_ws/install/articubot_1/bin'
[1.841s] INFO:colcon.colcon_core.shell:Creating package script '/home/brian/dev_ws/install/articubot_1/share/articubot_1/package.ps1'
[1.844s] INFO:colcon.colcon_core.shell:Creating package descriptor '/home/brian/dev_ws/install/articubot_1/share/articubot_1/package.dsv'
[1.846s] INFO:colcon.colcon_core.shell:Creating package script '/home/brian/dev_ws/install/articubot_1/share/articubot_1/package.sh'
[1.848s] INFO:colcon.colcon_core.shell:Creating package script '/home/brian/dev_ws/install/articubot_1/share/articubot_1/package.bash'
[1.849s] INFO:colcon.colcon_core.shell:Creating package script '/home/brian/dev_ws/install/articubot_1/share/articubot_1/package.zsh'
[1.850s] Level 1:colcon.colcon_core.environment:create_file_with_runtime_dependencies(/home/brian/dev_ws/install/articubot_1/share/colcon-core/packages/articubot_1)
[1.851s] Level 1:colcon.colcon_core.environment:create_environment_scripts_only(articubot_1)
[1.851s] Level 1:colcon.colcon_core.environment:checking '/home/brian/dev_ws/install/articubot_1' for CMake module files
[1.852s] Level 1:colcon.colcon_core.environment:checking '/home/brian/dev_ws/install/articubot_1' for CMake config files
[1.853s] Level 1:colcon.colcon_core.shell:create_environment_hook('articubot_1', 'cmake_prefix_path')
[1.853s] INFO:colcon.colcon_core.shell:Creating environment hook '/home/brian/dev_ws/install/articubot_1/share/articubot_1/hook/cmake_prefix_path.ps1'
[1.854s] INFO:colcon.colcon_core.shell:Creating environment descriptor '/home/brian/dev_ws/install/articubot_1/share/articubot_1/hook/cmake_prefix_path.dsv'
[1.855s] INFO:colcon.colcon_core.shell:Creating environment hook '/home/brian/dev_ws/install/articubot_1/share/articubot_1/hook/cmake_prefix_path.sh'
[1.856s] Level 1:colcon.colcon_core.environment:checking '/home/brian/dev_ws/install/articubot_1/bin'
[1.856s] Level 1:colcon.colcon_core.environment:checking '/home/brian/dev_ws/install/articubot_1/lib/pkgconfig/articubot_1.pc'
[1.857s] Level 1:colcon.colcon_core.environment:checking '/home/brian/dev_ws/install/articubot_1/lib/python3.10/site-packages'
[1.857s] Level 1:colcon.colcon_core.environment:checking '/home/brian/dev_ws/install/articubot_1/bin'
[1.858s] INFO:colcon.colcon_core.shell:Creating package script '/home/brian/dev_ws/install/articubot_1/share/articubot_1/package.ps1'
[1.859s] INFO:colcon.colcon_core.shell:Creating package descriptor '/home/brian/dev_ws/install/articubot_1/share/articubot_1/package.dsv'
[1.860s] INFO:colcon.colcon_core.shell:Creating package script '/home/brian/dev_ws/install/articubot_1/share/articubot_1/package.sh'
[1.861s] INFO:colcon.colcon_core.shell:Creating package script '/home/brian/dev_ws/install/articubot_1/share/articubot_1/package.bash'
[1.862s] INFO:colcon.colcon_core.shell:Creating package script '/home/brian/dev_ws/install/articubot_1/share/articubot_1/package.zsh'
[1.863s] Level 1:colcon.colcon_core.environment:create_file_with_runtime_dependencies(/home/brian/dev_ws/install/articubot_1/share/colcon-core/packages/articubot_1)
[2.665s] DEBUG:colcon.colcon_core.event_handler.log_command:Invoking command in '/home/brian/dev_ws/src/slam1': PYTHONPATH=/home/brian/dev_ws/build/slam1/prefix_override:/usr/lib/python3/dist-packages/colcon_core/task/python/colcon_distutils_commands:/home/brian/dev_ws/install/slam1/lib/python3.10/site-packages:${PYTHONPATH} /usr/bin/python3 -W ignore:setup.py install is deprecated -W ignore:easy_install command is deprecated setup.py egg_info --egg-base ../../build/slam1 build --build-base /home/brian/dev_ws/build/slam1/build install --record /home/brian/dev_ws/build/slam1/install.log --single-version-externally-managed install_data
[2.858s] DEBUG:colcon.colcon_core.event_handler.log_command:Invoking command in '/home/brian/dev_ws/src/bringup': PYTHONPATH=/home/brian/dev_ws/build/bringup/prefix_override:/usr/lib/python3/dist-packages/colcon_core/task/python/colcon_distutils_commands:/home/brian/dev_ws/install/bringup/lib/python3.10/site-packages:${PYTHONPATH} /usr/bin/python3 -W ignore:setup.py install is deprecated -W ignore:easy_install command is deprecated setup.py egg_info --egg-base ../../build/bringup build --build-base /home/brian/dev_ws/build/bringup/build install --record /home/brian/dev_ws/build/bringup/install.log --single-version-externally-managed install_data
[2.871s] DEBUG:colcon.colcon_core.event_handler.log_command:Invoking command in '/home/brian/dev_ws/src/dekut_amr_description': PYTHONPATH=/home/brian/dev_ws/build/dekut_amr_description/prefix_override:/usr/lib/python3/dist-packages/colcon_core/task/python/colcon_distutils_commands:/home/brian/dev_ws/install/dekut_amr_description/lib/python3.10/site-packages:${PYTHONPATH} /usr/bin/python3 -W ignore:setup.py install is deprecated -W ignore:easy_install command is deprecated setup.py egg_info --egg-base ../../build/dekut_amr_description build --build-base /home/brian/dev_ws/build/dekut_amr_description/build install --record /home/brian/dev_ws/build/dekut_amr_description/install.log --single-version-externally-managed install_data
[3.362s] Level 1:colcon.colcon_core.environment:checking '/home/brian/dev_ws/install/slam1' for CMake module files
[3.364s] Level 1:colcon.colcon_core.environment:checking '/home/brian/dev_ws/install/slam1' for CMake config files
[3.364s] DEBUG:colcon.colcon_core.event_handler.log_command:Invoked command in '/home/brian/dev_ws/src/slam1' returned '0': PYTHONPATH=/home/brian/dev_ws/build/slam1/prefix_override:/usr/lib/python3/dist-packages/colcon_core/task/python/colcon_distutils_commands:/home/brian/dev_ws/install/slam1/lib/python3.10/site-packages:${PYTHONPATH} /usr/bin/python3 -W ignore:setup.py install is deprecated -W ignore:easy_install command is deprecated setup.py egg_info --egg-base ../../build/slam1 build --build-base /home/brian/dev_ws/build/slam1/build install --record /home/brian/dev_ws/build/slam1/install.log --single-version-externally-managed install_data
[3.366s] Level 1:colcon.colcon_core.environment:checking '/home/brian/dev_ws/install/slam1/lib'
[3.367s] Level 1:colcon.colcon_core.environment:checking '/home/brian/dev_ws/install/slam1/bin'
[3.367s] Level 1:colcon.colcon_core.environment:checking '/home/brian/dev_ws/install/slam1/lib/pkgconfig/slam1.pc'
[3.367s] Level 1:colcon.colcon_core.environment:checking '/home/brian/dev_ws/install/slam1/lib/python3.10/site-packages'
[3.368s] Level 1:colcon.colcon_core.shell:create_environment_hook('slam1', 'pythonpath')
[3.369s] INFO:colcon.colcon_core.shell:Creating environment hook '/home/brian/dev_ws/install/slam1/share/slam1/hook/pythonpath.ps1'
[3.370s] INFO:colcon.colcon_core.shell:Creating environment descriptor '/home/brian/dev_ws/install/slam1/share/slam1/hook/pythonpath.dsv'
[3.371s] INFO:colcon.colcon_core.shell:Creating environment hook '/home/brian/dev_ws/install/slam1/share/slam1/hook/pythonpath.sh'
[3.372s] Level 1:colcon.colcon_core.environment:checking '/home/brian/dev_ws/install/slam1/bin'
[3.372s] Level 1:colcon.colcon_core.environment:create_environment_scripts_only(slam1)
[3.373s] INFO:colcon.colcon_core.shell:Creating package script '/home/brian/dev_ws/install/slam1/share/slam1/package.ps1'
[3.374s] INFO:colcon.colcon_core.shell:Creating package descriptor '/home/brian/dev_ws/install/slam1/share/slam1/package.dsv'
[3.375s] INFO:colcon.colcon_core.shell:Creating package script '/home/brian/dev_ws/install/slam1/share/slam1/package.sh'
[3.376s] INFO:colcon.colcon_core.shell:Creating package script '/home/brian/dev_ws/install/slam1/share/slam1/package.bash'
[3.377s] INFO:colcon.colcon_core.shell:Creating package script '/home/brian/dev_ws/install/slam1/share/slam1/package.zsh'
[3.378s] Level 1:colcon.colcon_core.environment:create_file_with_runtime_dependencies(/home/brian/dev_ws/install/slam1/share/colcon-core/packages/slam1)
[3.433s] Level 1:colcon.colcon_core.environment:checking '/home/brian/dev_ws/install/bringup' for CMake module files
[3.435s] DEBUG:colcon.colcon_core.event_handler.log_command:Invoked command in '/home/brian/dev_ws/src/bringup' returned '0': PYTHONPATH=/home/brian/dev_ws/build/bringup/prefix_override:/usr/lib/python3/dist-packages/colcon_core/task/python/colcon_distutils_commands:/home/brian/dev_ws/install/bringup/lib/python3.10/site-packages:${PYTHONPATH} /usr/bin/python3 -W ignore:setup.py install is deprecated -W ignore:easy_install command is deprecated setup.py egg_info --egg-base ../../build/bringup build --build-base /home/brian/dev_ws/build/bringup/build install --record /home/brian/dev_ws/build/bringup/install.log --single-version-externally-managed install_data
[3.436s] Level 1:colcon.colcon_core.environment:checking '/home/brian/dev_ws/install/bringup' for CMake config files
[3.438s] Level 1:colcon.colcon_core.environment:checking '/home/brian/dev_ws/install/bringup/lib'
[3.438s] Level 1:colcon.colcon_core.environment:checking '/home/brian/dev_ws/install/bringup/bin'
[3.438s] Level 1:colcon.colcon_core.environment:checking '/home/brian/dev_ws/install/bringup/lib/pkgconfig/bringup.pc'
[3.439s] Level 1:colcon.colcon_core.environment:checking '/home/brian/dev_ws/install/bringup/lib/python3.10/site-packages'
[3.439s] Level 1:colcon.colcon_core.shell:create_environment_hook('bringup', 'pythonpath')
[3.439s] INFO:colcon.colcon_core.shell:Creating environment hook '/home/brian/dev_ws/install/bringup/share/bringup/hook/pythonpath.ps1'
[3.440s] INFO:colcon.colcon_core.shell:Creating environment descriptor '/home/brian/dev_ws/install/bringup/share/bringup/hook/pythonpath.dsv'
[3.441s] INFO:colcon.colcon_core.shell:Creating environment hook '/home/brian/dev_ws/install/bringup/share/bringup/hook/pythonpath.sh'
[3.442s] Level 1:colcon.colcon_core.environment:checking '/home/brian/dev_ws/install/bringup/bin'
[3.442s] Level 1:colcon.colcon_core.environment:create_environment_scripts_only(bringup)
[3.443s] INFO:colcon.colcon_core.shell:Creating package script '/home/brian/dev_ws/install/bringup/share/bringup/package.ps1'
[3.445s] INFO:colcon.colcon_core.shell:Creating package descriptor '/home/brian/dev_ws/install/bringup/share/bringup/package.dsv'
[3.447s] INFO:colcon.colcon_core.shell:Creating package script '/home/brian/dev_ws/install/bringup/share/bringup/package.sh'
[3.448s] INFO:colcon.colcon_core.shell:Creating package script '/home/brian/dev_ws/install/bringup/share/bringup/package.bash'
[3.449s] INFO:colcon.colcon_core.shell:Creating package script '/home/brian/dev_ws/install/bringup/share/bringup/package.zsh'
[3.451s] Level 1:colcon.colcon_core.environment:create_file_with_runtime_dependencies(/home/brian/dev_ws/install/bringup/share/colcon-core/packages/bringup)
[3.522s] Level 1:colcon.colcon_core.environment:checking '/home/brian/dev_ws/install/dekut_amr_description' for CMake module files
[3.524s] DEBUG:colcon.colcon_core.event_handler.log_command:Invoked command in '/home/brian/dev_ws/src/dekut_amr_description' returned '0': PYTHONPATH=/home/brian/dev_ws/build/dekut_amr_description/prefix_override:/usr/lib/python3/dist-packages/colcon_core/task/python/colcon_distutils_commands:/home/brian/dev_ws/install/dekut_amr_description/lib/python3.10/site-packages:${PYTHONPATH} /usr/bin/python3 -W ignore:setup.py install is deprecated -W ignore:easy_install command is deprecated setup.py egg_info --egg-base ../../build/dekut_amr_description build --build-base /home/brian/dev_ws/build/dekut_amr_description/build install --record /home/brian/dev_ws/build/dekut_amr_description/install.log --single-version-externally-managed install_data
[3.524s] Level 1:colcon.colcon_core.environment:checking '/home/brian/dev_ws/install/dekut_amr_description' for CMake config files
[3.526s] Level 1:colcon.colcon_core.environment:checking '/home/brian/dev_ws/install/dekut_amr_description/lib'
[3.526s] Level 1:colcon.colcon_core.environment:checking '/home/brian/dev_ws/install/dekut_amr_description/bin'
[3.526s] Level 1:colcon.colcon_core.environment:checking '/home/brian/dev_ws/install/dekut_amr_description/lib/pkgconfig/dekut_amr_description.pc'
[3.527s] Level 1:colcon.colcon_core.environment:checking '/home/brian/dev_ws/install/dekut_amr_description/lib/python3.10/site-packages'
[3.527s] Level 1:colcon.colcon_core.shell:create_environment_hook('dekut_amr_description', 'pythonpath')
[3.527s] INFO:colcon.colcon_core.shell:Creating environment hook '/home/brian/dev_ws/install/dekut_amr_description/share/dekut_amr_description/hook/pythonpath.ps1'
[3.528s] INFO:colcon.colcon_core.shell:Creating environment descriptor '/home/brian/dev_ws/install/dekut_amr_description/share/dekut_amr_description/hook/pythonpath.dsv'
[3.530s] INFO:colcon.colcon_core.shell:Creating environment hook '/home/brian/dev_ws/install/dekut_amr_description/share/dekut_amr_description/hook/pythonpath.sh'
[3.531s] Level 1:colcon.colcon_core.environment:checking '/home/brian/dev_ws/install/dekut_amr_description/bin'
[3.531s] Level 1:colcon.colcon_core.environment:create_environment_scripts_only(dekut_amr_description)
[3.533s] INFO:colcon.colcon_core.shell:Creating package script '/home/brian/dev_ws/install/dekut_amr_description/share/dekut_amr_description/package.ps1'
[3.535s] INFO:colcon.colcon_core.shell:Creating package descriptor '/home/brian/dev_ws/install/dekut_amr_description/share/dekut_amr_description/package.dsv'
[3.536s] INFO:colcon.colcon_core.shell:Creating package script '/home/brian/dev_ws/install/dekut_amr_description/share/dekut_amr_description/package.sh'
[3.537s] INFO:colcon.colcon_core.shell:Creating package script '/home/brian/dev_ws/install/dekut_amr_description/share/dekut_amr_description/package.bash'
[3.538s] INFO:colcon.colcon_core.shell:Creating package script '/home/brian/dev_ws/install/dekut_amr_description/share/dekut_amr_description/package.zsh'
[3.539s] Level 1:colcon.colcon_core.environment:create_file_with_runtime_dependencies(/home/brian/dev_ws/install/dekut_amr_description/share/colcon-core/packages/dekut_amr_description)
[3.540s] DEBUG:colcon.colcon_parallel_executor.executor.parallel:closing loop
[3.540s] DEBUG:colcon.colcon_parallel_executor.executor.parallel:loop closed
[3.541s] DEBUG:colcon.colcon_parallel_executor.executor.parallel:run_until_complete finished with '0'
[3.541s] DEBUG:colcon.colcon_core.event_reactor:joining thread
[3.550s] INFO:colcon.colcon_core.plugin_system:Skipping extension 'colcon_notification.desktop_notification.terminal_notifier': Not used on non-Darwin systems
[3.550s] INFO:colcon.colcon_core.plugin_system:Skipping extension 'colcon_notification.desktop_notification.win32': Not used on non-Windows systems
[3.550s] INFO:colcon.colcon_notification.desktop_notification:Sending desktop notification using 'notify2'
[3.566s] DEBUG:colcon.colcon_core.event_reactor:joined thread
[3.567s] INFO:colcon.colcon_core.shell:Creating prefix script '/home/brian/dev_ws/install/local_setup.ps1'
[3.569s] INFO:colcon.colcon_core.shell:Creating prefix util module '/home/brian/dev_ws/install/_local_setup_util_ps1.py'
[3.572s] INFO:colcon.colcon_core.shell:Creating prefix chain script '/home/brian/dev_ws/install/setup.ps1'
[3.575s] INFO:colcon.colcon_core.shell:Creating prefix script '/home/brian/dev_ws/install/local_setup.sh'
[3.576s] INFO:colcon.colcon_core.shell:Creating prefix util module '/home/brian/dev_ws/install/_local_setup_util_sh.py'
[3.577s] INFO:colcon.colcon_core.shell:Creating prefix chain script '/home/brian/dev_ws/install/setup.sh'
[3.579s] INFO:colcon.colcon_core.shell:Creating prefix script '/home/brian/dev_ws/install/local_setup.bash'
[3.580s] INFO:colcon.colcon_core.shell:Creating prefix chain script '/home/brian/dev_ws/install/setup.bash'
[3.582s] INFO:colcon.colcon_core.shell:Creating prefix script '/home/brian/dev_ws/install/local_setup.zsh'
[3.584s] INFO:colcon.colcon_core.shell:Creating prefix chain script '/home/brian/dev_ws/install/setup.zsh'
