[1.739s] Invoking command in '/home/brian/dev_ws/src/slam1': PYTHONPATH=/home/brian/dev_ws/build/slam1/prefix_override:/usr/lib/python3/dist-packages/colcon_core/task/python/colcon_distutils_commands:/home/brian/dev_ws/install/slam1/lib/python3.10/site-packages:${PYTHONPATH} /usr/bin/python3 -W ignore:setup.py install is deprecated -W ignore:easy_install command is deprecated setup.py egg_info --egg-base ../../build/slam1 build --build-base /home/brian/dev_ws/build/slam1/build install --record /home/brian/dev_ws/build/slam1/install.log --single-version-externally-managed install_data
[2.142s] running egg_info
[2.143s] writing ../../build/slam1/slam1.egg-info/PKG-INFO
[2.143s] writing dependency_links to ../../build/slam1/slam1.egg-info/dependency_links.txt
[2.143s] writing entry points to ../../build/slam1/slam1.egg-info/entry_points.txt
[2.144s] writing requirements to ../../build/slam1/slam1.egg-info/requires.txt
[2.144s] writing top-level names to ../../build/slam1/slam1.egg-info/top_level.txt
[2.146s] reading manifest file '../../build/slam1/slam1.egg-info/SOURCES.txt'
[2.147s] writing manifest file '../../build/slam1/slam1.egg-info/SOURCES.txt'
[2.147s] running build
[2.147s] running build_py
[2.148s] running install
[2.148s] running install_lib
[2.150s] running install_data
[2.150s] running install_egg_info
[2.152s] removing '/home/brian/dev_ws/install/slam1/lib/python3.10/site-packages/slam1-0.0.0-py3.10.egg-info' (and everything under it)
[2.153s] Copying ../../build/slam1/slam1.egg-info to /home/brian/dev_ws/install/slam1/lib/python3.10/site-packages/slam1-0.0.0-py3.10.egg-info
[2.154s] running install_scripts
[2.183s] Installing gamepad_teleop script to /home/brian/dev_ws/install/slam1/lib/slam1
[2.183s] Installing teleop_keyboard script to /home/brian/dev_ws/install/slam1/lib/slam1
[2.184s] writing list of installed files to '/home/brian/dev_ws/build/slam1/install.log'
[2.215s] Invoked command in '/home/brian/dev_ws/src/slam1' returned '0': PYTHONPATH=/home/brian/dev_ws/build/slam1/prefix_override:/usr/lib/python3/dist-packages/colcon_core/task/python/colcon_distutils_commands:/home/brian/dev_ws/install/slam1/lib/python3.10/site-packages:${PYTHONPATH} /usr/bin/python3 -W ignore:setup.py install is deprecated -W ignore:easy_install command is deprecated setup.py egg_info --egg-base ../../build/slam1 build --build-base /home/brian/dev_ws/build/slam1/build install --record /home/brian/dev_ws/build/slam1/install.log --single-version-externally-managed install_data
