/home/brian/dev_ws/install/bringup/lib/python3.10/site-packages/bringup/teleop_keyboard.py
/home/brian/dev_ws/install/bringup/lib/python3.10/site-packages/bringup/odom_publisher.py
/home/brian/dev_ws/install/bringup/lib/python3.10/site-packages/bringup/__init__.py
/home/brian/dev_ws/install/bringup/lib/python3.10/site-packages/bringup/__pycache__/teleop_keyboard.cpython-310.pyc
/home/brian/dev_ws/install/bringup/lib/python3.10/site-packages/bringup/__pycache__/odom_publisher.cpython-310.pyc
/home/brian/dev_ws/install/bringup/lib/python3.10/site-packages/bringup/__pycache__/__init__.cpython-310.pyc
/home/brian/dev_ws/install/bringup/share/ament_index/resource_index/packages/bringup
/home/brian/dev_ws/install/bringup/share/bringup/package.xml
/home/brian/dev_ws/install/bringup/share/bringup/launch/nav2.launch.py
/home/brian/dev_ws/install/bringup/share/bringup/launch/odom.launch.py
/home/brian/dev_ws/install/bringup/share/bringup/launch/teleop.launch.py
/home/brian/dev_ws/install/bringup/share/bringup/launch/slam.async.launch.py
/home/brian/dev_ws/install/bringup/share/bringup/launch/slam.localization.launch.py
/home/brian/dev_ws/install/bringup/lib/python3.10/site-packages/bringup-0.0.0-py3.10.egg-info/requires.txt
/home/brian/dev_ws/install/bringup/lib/python3.10/site-packages/bringup-0.0.0-py3.10.egg-info/entry_points.txt
/home/brian/dev_ws/install/bringup/lib/python3.10/site-packages/bringup-0.0.0-py3.10.egg-info/top_level.txt
/home/brian/dev_ws/install/bringup/lib/python3.10/site-packages/bringup-0.0.0-py3.10.egg-info/PKG-INFO
/home/brian/dev_ws/install/bringup/lib/python3.10/site-packages/bringup-0.0.0-py3.10.egg-info/SOURCES.txt
/home/brian/dev_ws/install/bringup/lib/python3.10/site-packages/bringup-0.0.0-py3.10.egg-info/zip-safe
/home/brian/dev_ws/install/bringup/lib/python3.10/site-packages/bringup-0.0.0-py3.10.egg-info/dependency_links.txt
/home/brian/dev_ws/install/bringup/lib/bringup/odom_publisher
/home/brian/dev_ws/install/bringup/lib/bringup/teleop_keyboard
