[1.487s] Invoking command in '/home/brian/dev_ws/build/dekut_amr_description': PYTHONPATH=/home/brian/dev_ws/build/dekut_amr_description/prefix_override:/usr/lib/python3/dist-packages/colcon_core/task/python/colcon_distutils_commands:/home/brian/dev_ws/install/dekut_amr_description/lib/python3.10/site-packages:${PYTHONPATH} /usr/bin/python3 -W ignore:setup.py install is deprecated -W ignore:easy_install command is deprecated setup.py develop --uninstall --editable --build-directory /home/brian/dev_ws/build/dekut_amr_description/build
[1.891s] running develop
[2.148s] Removing /home/brian/dev_ws/install/dekut_amr_description/lib/python3.10/site-packages/dekut-amr-description.egg-link (link to .)
[2.182s] Invoked command in '/home/brian/dev_ws/build/dekut_amr_description' returned '0': PYTHONPATH=/home/brian/dev_ws/build/dekut_amr_description/prefix_override:/usr/lib/python3/dist-packages/colcon_core/task/python/colcon_distutils_commands:/home/brian/dev_ws/install/dekut_amr_description/lib/python3.10/site-packages:${PYTHONPATH} /usr/bin/python3 -W ignore:setup.py install is deprecated -W ignore:easy_install command is deprecated setup.py develop --uninstall --editable --build-directory /home/brian/dev_ws/build/dekut_amr_description/build
[2.184s] Invoking command in '/home/brian/dev_ws/src/dekut_amr_description': PYTHONPATH=/home/brian/dev_ws/build/dekut_amr_description/prefix_override:/usr/lib/python3/dist-packages/colcon_core/task/python/colcon_distutils_commands:/home/brian/dev_ws/install/dekut_amr_description/lib/python3.10/site-packages:${PYTHONPATH} /usr/bin/python3 -W ignore:setup.py install is deprecated -W ignore:easy_install command is deprecated setup.py egg_info --egg-base ../../build/dekut_amr_description build --build-base /home/brian/dev_ws/build/dekut_amr_description/build install --record /home/brian/dev_ws/build/dekut_amr_description/install.log --single-version-externally-managed install_data --force
[2.521s] running egg_info
[2.523s] writing ../../build/dekut_amr_description/dekut_amr_description.egg-info/PKG-INFO
[2.524s] writing dependency_links to ../../build/dekut_amr_description/dekut_amr_description.egg-info/dependency_links.txt
[2.524s] writing entry points to ../../build/dekut_amr_description/dekut_amr_description.egg-info/entry_points.txt
[2.524s] writing requirements to ../../build/dekut_amr_description/dekut_amr_description.egg-info/requires.txt
[2.525s] writing top-level names to ../../build/dekut_amr_description/dekut_amr_description.egg-info/top_level.txt
[2.527s] reading manifest file '../../build/dekut_amr_description/dekut_amr_description.egg-info/SOURCES.txt'
[2.530s] writing manifest file '../../build/dekut_amr_description/dekut_amr_description.egg-info/SOURCES.txt'
[2.530s] running build
[2.530s] running build_py
[2.531s] running install
[2.532s] running install_lib
[2.533s] creating /home/brian/dev_ws/install/dekut_amr_description/lib/python3.10/site-packages/dekut_amr_description
[2.533s] copying /home/brian/dev_ws/build/dekut_amr_description/build/lib/dekut_amr_description/odom_publisher.py -> /home/brian/dev_ws/install/dekut_amr_description/lib/python3.10/site-packages/dekut_amr_description
[2.533s] copying /home/brian/dev_ws/build/dekut_amr_description/build/lib/dekut_amr_description/ign_pose_to_tf.py -> /home/brian/dev_ws/install/dekut_amr_description/lib/python3.10/site-packages/dekut_amr_description
[2.533s] copying /home/brian/dev_ws/build/dekut_amr_description/build/lib/dekut_amr_description/__init__.py -> /home/brian/dev_ws/install/dekut_amr_description/lib/python3.10/site-packages/dekut_amr_description
[2.535s] byte-compiling /home/brian/dev_ws/install/dekut_amr_description/lib/python3.10/site-packages/dekut_amr_description/odom_publisher.py to odom_publisher.cpython-310.pyc
[2.536s] byte-compiling /home/brian/dev_ws/install/dekut_amr_description/lib/python3.10/site-packages/dekut_amr_description/ign_pose_to_tf.py to ign_pose_to_tf.cpython-310.pyc
[2.537s] byte-compiling /home/brian/dev_ws/install/dekut_amr_description/lib/python3.10/site-packages/dekut_amr_description/__init__.py to __init__.cpython-310.pyc
[2.538s] running install_data
[2.538s] copying resource/dekut_amr_description -> /home/brian/dev_ws/install/dekut_amr_description/share/ament_index/resource_index/packages
[2.538s] copying package.xml -> /home/brian/dev_ws/install/dekut_amr_description/share/dekut_amr_description
[2.538s] copying launch/display.launch.py -> /home/brian/dev_ws/install/dekut_amr_description/share/dekut_amr_description/launch
[2.539s] copying launch/gazebo.launch.py -> /home/brian/dev_ws/install/dekut_amr_description/share/dekut_amr_description/launch
[2.539s] copying launch/bringup.launch.py -> /home/brian/dev_ws/install/dekut_amr_description/share/dekut_amr_description/launch
[2.539s] copying launch/robot_state.launch.py -> /home/brian/dev_ws/install/dekut_amr_description/share/dekut_amr_description/launch
[2.539s] copying urdf/materials.xacro -> /home/brian/dev_ws/install/dekut_amr_description/share/dekut_amr_description/urdf
[2.539s] copying urdf/dekut_amr.gazebo -> /home/brian/dev_ws/install/dekut_amr_description/share/dekut_amr_description/urdf
[2.540s] copying urdf/dekut_amr.xacro -> /home/brian/dev_ws/install/dekut_amr_description/share/dekut_amr_description/urdf
[2.540s] copying urdf/dekut_amr.trans -> /home/brian/dev_ws/install/dekut_amr_description/share/dekut_amr_description/urdf
[2.540s] copying urdf/ros2_control.xacro -> /home/brian/dev_ws/install/dekut_amr_description/share/dekut_amr_description/urdf
[2.540s] copying meshes/wheelbl_link_1.stl -> /home/brian/dev_ws/install/dekut_amr_description/share/dekut_amr_description/meshes
[2.540s] copying meshes/wheelfr_link_1.stl -> /home/brian/dev_ws/install/dekut_amr_description/share/dekut_amr_description/meshes
[2.541s] copying meshes/lidar_link_1.stl -> /home/brian/dev_ws/install/dekut_amr_description/share/dekut_amr_description/meshes
[2.541s] copying meshes/wheelfl_link_1.stl -> /home/brian/dev_ws/install/dekut_amr_description/share/dekut_amr_description/meshes
[2.541s] copying meshes/camera_link_1.stl -> /home/brian/dev_ws/install/dekut_amr_description/share/dekut_amr_description/meshes
[2.541s] copying meshes/wheelbr_link_1.stl -> /home/brian/dev_ws/install/dekut_amr_description/share/dekut_amr_description/meshes
[2.542s] copying meshes/base_link.stl -> /home/brian/dev_ws/install/dekut_amr_description/share/dekut_amr_description/meshes
[2.542s] copying config/gazebo.rviz -> /home/brian/dev_ws/install/dekut_amr_description/share/dekut_amr_description/config
[2.542s] copying config/ros_gz_bridge_gazebo.yaml -> /home/brian/dev_ws/install/dekut_amr_description/share/dekut_amr_description/config
[2.542s] copying config/display.rviz -> /home/brian/dev_ws/install/dekut_amr_description/share/dekut_amr_description/config
[2.543s] copying config/diff_drive.yaml -> /home/brian/dev_ws/install/dekut_amr_description/share/dekut_amr_description/config
[2.543s] copying config/ros2_control.yaml -> /home/brian/dev_ws/install/dekut_amr_description/share/dekut_amr_description/config
[2.543s] running install_egg_info
[2.547s] Copying ../../build/dekut_amr_description/dekut_amr_description.egg-info to /home/brian/dev_ws/install/dekut_amr_description/lib/python3.10/site-packages/dekut_amr_description-0.0.0-py3.10.egg-info
[2.548s] running install_scripts
[2.578s] Installing ign_pose_to_tf script to /home/brian/dev_ws/install/dekut_amr_description/lib/fusion2urdf_ros2
[2.578s] Installing odom_publisher script to /home/brian/dev_ws/install/dekut_amr_description/lib/fusion2urdf_ros2
[2.579s] writing list of installed files to '/home/brian/dev_ws/build/dekut_amr_description/install.log'
[2.610s] Invoked command in '/home/brian/dev_ws/src/dekut_amr_description' returned '0': PYTHONPATH=/home/brian/dev_ws/build/dekut_amr_description/prefix_override:/usr/lib/python3/dist-packages/colcon_core/task/python/colcon_distutils_commands:/home/brian/dev_ws/install/dekut_amr_description/lib/python3.10/site-packages:${PYTHONPATH} /usr/bin/python3 -W ignore:setup.py install is deprecated -W ignore:easy_install command is deprecated setup.py egg_info --egg-base ../../build/dekut_amr_description build --build-base /home/brian/dev_ws/build/dekut_amr_description/build install --record /home/brian/dev_ws/build/dekut_amr_description/install.log --single-version-externally-managed install_data --force
