/home/brian/dev_ws/install/dekut_amr_description/lib/python3.10/site-packages/dekut_amr_description/odom_publisher.py
/home/brian/dev_ws/install/dekut_amr_description/lib/python3.10/site-packages/dekut_amr_description/ign_pose_to_tf.py
/home/brian/dev_ws/install/dekut_amr_description/lib/python3.10/site-packages/dekut_amr_description/__init__.py
/home/brian/dev_ws/install/dekut_amr_description/lib/python3.10/site-packages/dekut_amr_description/__pycache__/odom_publisher.cpython-310.pyc
/home/brian/dev_ws/install/dekut_amr_description/lib/python3.10/site-packages/dekut_amr_description/__pycache__/ign_pose_to_tf.cpython-310.pyc
/home/brian/dev_ws/install/dekut_amr_description/lib/python3.10/site-packages/dekut_amr_description/__pycache__/__init__.cpython-310.pyc
/home/brian/dev_ws/install/dekut_amr_description/share/ament_index/resource_index/packages/dekut_amr_description
/home/brian/dev_ws/install/dekut_amr_description/share/dekut_amr_description/package.xml
/home/brian/dev_ws/install/dekut_amr_description/share/dekut_amr_description/launch/display.launch.py
/home/brian/dev_ws/install/dekut_amr_description/share/dekut_amr_description/launch/gazebo.launch.py
/home/brian/dev_ws/install/dekut_amr_description/share/dekut_amr_description/launch/bringup.launch.py
/home/brian/dev_ws/install/dekut_amr_description/share/dekut_amr_description/launch/robot_state.launch.py
/home/brian/dev_ws/install/dekut_amr_description/share/dekut_amr_description/urdf/materials.xacro
/home/brian/dev_ws/install/dekut_amr_description/share/dekut_amr_description/urdf/dekut_amr.gazebo
/home/brian/dev_ws/install/dekut_amr_description/share/dekut_amr_description/urdf/dekut_amr.xacro
/home/brian/dev_ws/install/dekut_amr_description/share/dekut_amr_description/urdf/dekut_amr.trans
/home/brian/dev_ws/install/dekut_amr_description/share/dekut_amr_description/urdf/ros2_control.xacro
/home/brian/dev_ws/install/dekut_amr_description/share/dekut_amr_description/meshes/wheelbl_link_1.stl
/home/brian/dev_ws/install/dekut_amr_description/share/dekut_amr_description/meshes/wheelfr_link_1.stl
/home/brian/dev_ws/install/dekut_amr_description/share/dekut_amr_description/meshes/lidar_link_1.stl
/home/brian/dev_ws/install/dekut_amr_description/share/dekut_amr_description/meshes/wheelfl_link_1.stl
/home/brian/dev_ws/install/dekut_amr_description/share/dekut_amr_description/meshes/camera_link_1.stl
/home/brian/dev_ws/install/dekut_amr_description/share/dekut_amr_description/meshes/wheelbr_link_1.stl
/home/brian/dev_ws/install/dekut_amr_description/share/dekut_amr_description/meshes/base_link.stl
/home/brian/dev_ws/install/dekut_amr_description/share/dekut_amr_description/config/gazebo.rviz
/home/brian/dev_ws/install/dekut_amr_description/share/dekut_amr_description/config/ros_gz_bridge_gazebo.yaml
/home/brian/dev_ws/install/dekut_amr_description/share/dekut_amr_description/config/display.rviz
/home/brian/dev_ws/install/dekut_amr_description/share/dekut_amr_description/config/diff_drive.yaml
/home/brian/dev_ws/install/dekut_amr_description/share/dekut_amr_description/config/ros2_control.yaml
/home/brian/dev_ws/install/dekut_amr_description/lib/python3.10/site-packages/dekut_amr_description-0.0.0-py3.10.egg-info/requires.txt
/home/brian/dev_ws/install/dekut_amr_description/lib/python3.10/site-packages/dekut_amr_description-0.0.0-py3.10.egg-info/entry_points.txt
/home/brian/dev_ws/install/dekut_amr_description/lib/python3.10/site-packages/dekut_amr_description-0.0.0-py3.10.egg-info/top_level.txt
/home/brian/dev_ws/install/dekut_amr_description/lib/python3.10/site-packages/dekut_amr_description-0.0.0-py3.10.egg-info/PKG-INFO
/home/brian/dev_ws/install/dekut_amr_description/lib/python3.10/site-packages/dekut_amr_description-0.0.0-py3.10.egg-info/SOURCES.txt
/home/brian/dev_ws/install/dekut_amr_description/lib/python3.10/site-packages/dekut_amr_description-0.0.0-py3.10.egg-info/zip-safe
/home/brian/dev_ws/install/dekut_amr_description/lib/python3.10/site-packages/dekut_amr_description-0.0.0-py3.10.egg-info/dependency_links.txt
/home/brian/dev_ws/install/dekut_amr_description/lib/fusion2urdf_ros2/ign_pose_to_tf
/home/brian/dev_ws/install/dekut_amr_description/lib/fusion2urdf_ros2/odom_publisher
