[1.600s] Invoking command in '/home/brian/dev_ws/src/slam1': PYTHONPATH=/home/brian/dev_ws/build/slam1/prefix_override:/usr/lib/python3/dist-packages/colcon_core/task/python/colcon_distutils_commands:/home/brian/dev_ws/install/slam1/lib/python3.10/site-packages:${PYTHONPATH} /usr/bin/python3 -W ignore:setup.py install is deprecated -W ignore:easy_install command is deprecated setup.py egg_info --egg-base ../../build/slam1 build --build-base /home/brian/dev_ws/build/slam1/build install --record /home/brian/dev_ws/build/slam1/install.log --single-version-externally-managed install_data
[1.973s] running egg_info
[1.974s] writing ../../build/slam1/slam1.egg-info/PKG-INFO
[1.974s] writing dependency_links to ../../build/slam1/slam1.egg-info/dependency_links.txt
[1.974s] writing entry points to ../../build/slam1/slam1.egg-info/entry_points.txt
[1.975s] writing requirements to ../../build/slam1/slam1.egg-info/requires.txt
[1.975s] writing top-level names to ../../build/slam1/slam1.egg-info/top_level.txt
[1.977s] reading manifest file '../../build/slam1/slam1.egg-info/SOURCES.txt'
[1.978s] writing manifest file '../../build/slam1/slam1.egg-info/SOURCES.txt'
[1.978s] running build
[1.978s] running build_py
[1.978s] running install
[1.979s] running install_lib
[1.980s] running install_data
[1.981s] running install_egg_info
[1.983s] removing '/home/brian/dev_ws/install/slam1/lib/python3.10/site-packages/slam1-0.0.0-py3.10.egg-info' (and everything under it)
[1.983s] Copying ../../build/slam1/slam1.egg-info to /home/brian/dev_ws/install/slam1/lib/python3.10/site-packages/slam1-0.0.0-py3.10.egg-info
[1.984s] running install_scripts
[2.008s] Installing gamepad_teleop script to /home/brian/dev_ws/install/slam1/lib/slam1
[2.008s] Installing teleop_keyboard script to /home/brian/dev_ws/install/slam1/lib/slam1
[2.009s] writing list of installed files to '/home/brian/dev_ws/build/slam1/install.log'
[2.043s] Invoked command in '/home/brian/dev_ws/src/slam1' returned '0': PYTHONPATH=/home/brian/dev_ws/build/slam1/prefix_override:/usr/lib/python3/dist-packages/colcon_core/task/python/colcon_distutils_commands:/home/brian/dev_ws/install/slam1/lib/python3.10/site-packages:${PYTHONPATH} /usr/bin/python3 -W ignore:setup.py install is deprecated -W ignore:easy_install command is deprecated setup.py egg_info --egg-base ../../build/slam1 build --build-base /home/brian/dev_ws/build/slam1/build install --record /home/brian/dev_ws/build/slam1/install.log --single-version-externally-managed install_data
