[1.420s] Invoking command in '/home/brian/dev_ws/src/slam': PYTHONPATH=/home/brian/dev_ws/build/slam/prefix_override:/usr/lib/python3/dist-packages/colcon_core/task/python/colcon_distutils_commands:/home/brian/dev_ws/install/slam/lib/python3.10/site-packages:${PYTHONPATH} /usr/bin/python3 -W ignore:setup.py install is deprecated -W ignore:easy_install command is deprecated setup.py egg_info --egg-base ../../build/slam build --build-base /home/brian/dev_ws/build/slam/build install --record /home/brian/dev_ws/build/slam/install.log --single-version-externally-managed install_data
[1.844s] running egg_info
[1.845s] writing ../../build/slam/slam.egg-info/PKG-INFO
[1.845s] writing dependency_links to ../../build/slam/slam.egg-info/dependency_links.txt
[1.846s] writing entry points to ../../build/slam/slam.egg-info/entry_points.txt
[1.846s] writing requirements to ../../build/slam/slam.egg-info/requires.txt
[1.846s] writing top-level names to ../../build/slam/slam.egg-info/top_level.txt
[1.849s] reading manifest file '../../build/slam/slam.egg-info/SOURCES.txt'
[1.851s] writing manifest file '../../build/slam/slam.egg-info/SOURCES.txt'
[1.852s] running build
[1.852s] running build_py
[1.852s] running install
[1.853s] running install_lib
[1.854s] running install_data
[1.854s] running install_egg_info
[1.857s] removing '/home/brian/dev_ws/install/slam/lib/python3.10/site-packages/slam-0.0.0-py3.10.egg-info' (and everything under it)
[1.858s] Copying ../../build/slam/slam.egg-info to /home/brian/dev_ws/install/slam/lib/python3.10/site-packages/slam-0.0.0-py3.10.egg-info
[1.859s] running install_scripts
[1.890s] Installing odom_publisher script to /home/brian/dev_ws/install/slam/lib/slam
[1.890s] writing list of installed files to '/home/brian/dev_ws/build/slam/install.log'
[1.928s] Invoked command in '/home/brian/dev_ws/src/slam' returned '0': PYTHONPATH=/home/brian/dev_ws/build/slam/prefix_override:/usr/lib/python3/dist-packages/colcon_core/task/python/colcon_distutils_commands:/home/brian/dev_ws/install/slam/lib/python3.10/site-packages:${PYTHONPATH} /usr/bin/python3 -W ignore:setup.py install is deprecated -W ignore:easy_install command is deprecated setup.py egg_info --egg-base ../../build/slam build --build-base /home/brian/dev_ws/build/slam/build install --record /home/brian/dev_ws/build/slam/install.log --single-version-externally-managed install_data
