[1.757s] Invoking command in '/home/brian/dev_ws/src/bringup': PYTHONPATH=/home/brian/dev_ws/build/bringup/prefix_override:/usr/lib/python3/dist-packages/colcon_core/task/python/colcon_distutils_commands:/home/brian/dev_ws/install/bringup/lib/python3.10/site-packages:${PYTHONPATH} /usr/bin/python3 -W ignore:setup.py install is deprecated -W ignore:easy_install command is deprecated setup.py egg_info --egg-base ../../build/bringup build --build-base /home/brian/dev_ws/build/bringup/build install --record /home/brian/dev_ws/build/bringup/install.log --single-version-externally-managed install_data
[2.098s] running egg_info
[2.099s] writing ../../build/bringup/bringup.egg-info/PKG-INFO
[2.101s] writing dependency_links to ../../build/bringup/bringup.egg-info/dependency_links.txt
[2.102s] writing entry points to ../../build/bringup/bringup.egg-info/entry_points.txt
[2.102s] writing requirements to ../../build/bringup/bringup.egg-info/requires.txt
[2.102s] writing top-level names to ../../build/bringup/bringup.egg-info/top_level.txt
[2.104s] reading manifest file '../../build/bringup/bringup.egg-info/SOURCES.txt'
[2.106s] writing manifest file '../../build/bringup/bringup.egg-info/SOURCES.txt'
[2.106s] running build
[2.106s] running build_py
[2.108s] running install
[2.109s] running install_lib
[2.109s] running install_data
[2.111s] running install_egg_info
[2.112s] removing '/home/brian/dev_ws/install/bringup/lib/python3.10/site-packages/bringup-0.0.0-py3.10.egg-info' (and everything under it)
[2.113s] Copying ../../build/bringup/bringup.egg-info to /home/brian/dev_ws/install/bringup/lib/python3.10/site-packages/bringup-0.0.0-py3.10.egg-info
[2.114s] running install_scripts
[2.144s] Installing odom_publisher script to /home/brian/dev_ws/install/bringup/lib/bringup
[2.145s] Installing teleop_keyboard script to /home/brian/dev_ws/install/bringup/lib/bringup
[2.146s] writing list of installed files to '/home/brian/dev_ws/build/bringup/install.log'
[2.190s] Invoked command in '/home/brian/dev_ws/src/bringup' returned '0': PYTHONPATH=/home/brian/dev_ws/build/bringup/prefix_override:/usr/lib/python3/dist-packages/colcon_core/task/python/colcon_distutils_commands:/home/brian/dev_ws/install/bringup/lib/python3.10/site-packages:${PYTHONPATH} /usr/bin/python3 -W ignore:setup.py install is deprecated -W ignore:easy_install command is deprecated setup.py egg_info --egg-base ../../build/bringup build --build-base /home/brian/dev_ws/build/bringup/build install --record /home/brian/dev_ws/build/bringup/install.log --single-version-externally-managed install_data
