running egg_info
creating ../../build/slam/slam.egg-info
writing ../../build/slam/slam.egg-info/PKG-INFO
writing dependency_links to ../../build/slam/slam.egg-info/dependency_links.txt
writing entry points to ../../build/slam/slam.egg-info/entry_points.txt
writing requirements to ../../build/slam/slam.egg-info/requires.txt
writing top-level names to ../../build/slam/slam.egg-info/top_level.txt
writing manifest file '../../build/slam/slam.egg-info/SOURCES.txt'
reading manifest file '../../build/slam/slam.egg-info/SOURCES.txt'
writing manifest file '../../build/slam/slam.egg-info/SOURCES.txt'
running build
running build_py
creating /home/brian/dev_ws/build/slam/build
creating /home/brian/dev_ws/build/slam/build/lib
creating /home/brian/dev_ws/build/slam/build/lib/slam
copying slam/odom_publisher.py -> /home/brian/dev_ws/build/slam/build/lib/slam
copying slam/__init__.py -> /home/brian/dev_ws/build/slam/build/lib/slam
running install
running install_lib
creating /home/brian/dev_ws/install/slam/lib/python3.10/site-packages/slam
copying /home/brian/dev_ws/build/slam/build/lib/slam/odom_publisher.py -> /home/brian/dev_ws/install/slam/lib/python3.10/site-packages/slam
copying /home/brian/dev_ws/build/slam/build/lib/slam/__init__.py -> /home/brian/dev_ws/install/slam/lib/python3.10/site-packages/slam
byte-compiling /home/brian/dev_ws/install/slam/lib/python3.10/site-packages/slam/odom_publisher.py to odom_publisher.cpython-310.pyc
byte-compiling /home/brian/dev_ws/install/slam/lib/python3.10/site-packages/slam/__init__.py to __init__.cpython-310.pyc
running install_data
creating /home/brian/dev_ws/install/slam/share/ament_index
creating /home/brian/dev_ws/install/slam/share/ament_index/resource_index
creating /home/brian/dev_ws/install/slam/share/ament_index/resource_index/packages
copying resource/slam -> /home/brian/dev_ws/install/slam/share/ament_index/resource_index/packages
copying package.xml -> /home/brian/dev_ws/install/slam/share/slam
running install_egg_info
Copying ../../build/slam/slam.egg-info to /home/brian/dev_ws/install/slam/lib/python3.10/site-packages/slam-0.0.0-py3.10.egg-info
running install_scripts
Installing odom_publisher script to /home/brian/dev_ws/install/slam/lib/slam
writing list of installed files to '/home/brian/dev_ws/build/slam/install.log'
