[1.474s] Invoking command in '/home/brian/dev_ws/src/slam': PYTHONPATH=/home/brian/dev_ws/build/slam/prefix_override:/usr/lib/python3/dist-packages/colcon_core/task/python/colcon_distutils_commands:/home/brian/dev_ws/install/slam/lib/python3.10/site-packages:${PYTHONPATH} /usr/bin/python3 -W ignore:setup.py install is deprecated -W ignore:easy_install command is deprecated setup.py egg_info --egg-base ../../build/slam build --build-base /home/brian/dev_ws/build/slam/build install --record /home/brian/dev_ws/build/slam/install.log --single-version-externally-managed install_data
[1.848s] running egg_info
[1.849s] creating ../../build/slam/slam.egg-info
[1.849s] writing ../../build/slam/slam.egg-info/PKG-INFO
[1.850s] writing dependency_links to ../../build/slam/slam.egg-info/dependency_links.txt
[1.850s] writing entry points to ../../build/slam/slam.egg-info/entry_points.txt
[1.850s] writing requirements to ../../build/slam/slam.egg-info/requires.txt
[1.851s] writing top-level names to ../../build/slam/slam.egg-info/top_level.txt
[1.851s] writing manifest file '../../build/slam/slam.egg-info/SOURCES.txt'
[1.855s] reading manifest file '../../build/slam/slam.egg-info/SOURCES.txt'
[1.856s] writing manifest file '../../build/slam/slam.egg-info/SOURCES.txt'
[1.856s] running build
[1.856s] running build_py
[1.857s] creating /home/brian/dev_ws/build/slam/build
[1.857s] creating /home/brian/dev_ws/build/slam/build/lib
[1.857s] creating /home/brian/dev_ws/build/slam/build/lib/slam
[1.857s] copying slam/odom_publisher.py -> /home/brian/dev_ws/build/slam/build/lib/slam
[1.857s] copying slam/__init__.py -> /home/brian/dev_ws/build/slam/build/lib/slam
[1.858s] running install
[1.858s] running install_lib
[1.859s] creating /home/brian/dev_ws/install/slam/lib/python3.10/site-packages/slam
[1.860s] copying /home/brian/dev_ws/build/slam/build/lib/slam/odom_publisher.py -> /home/brian/dev_ws/install/slam/lib/python3.10/site-packages/slam
[1.860s] copying /home/brian/dev_ws/build/slam/build/lib/slam/__init__.py -> /home/brian/dev_ws/install/slam/lib/python3.10/site-packages/slam
[1.860s] byte-compiling /home/brian/dev_ws/install/slam/lib/python3.10/site-packages/slam/odom_publisher.py to odom_publisher.cpython-310.pyc
[1.862s] byte-compiling /home/brian/dev_ws/install/slam/lib/python3.10/site-packages/slam/__init__.py to __init__.cpython-310.pyc
[1.862s] running install_data
[1.863s] creating /home/brian/dev_ws/install/slam/share/ament_index
[1.863s] creating /home/brian/dev_ws/install/slam/share/ament_index/resource_index
[1.863s] creating /home/brian/dev_ws/install/slam/share/ament_index/resource_index/packages
[1.863s] copying resource/slam -> /home/brian/dev_ws/install/slam/share/ament_index/resource_index/packages
[1.863s] copying package.xml -> /home/brian/dev_ws/install/slam/share/slam
[1.864s] running install_egg_info
[1.867s] Copying ../../build/slam/slam.egg-info to /home/brian/dev_ws/install/slam/lib/python3.10/site-packages/slam-0.0.0-py3.10.egg-info
[1.868s] running install_scripts
[1.898s] Installing odom_publisher script to /home/brian/dev_ws/install/slam/lib/slam
[1.900s] writing list of installed files to '/home/brian/dev_ws/build/slam/install.log'
[1.938s] Invoked command in '/home/brian/dev_ws/src/slam' returned '0': PYTHONPATH=/home/brian/dev_ws/build/slam/prefix_override:/usr/lib/python3/dist-packages/colcon_core/task/python/colcon_distutils_commands:/home/brian/dev_ws/install/slam/lib/python3.10/site-packages:${PYTHONPATH} /usr/bin/python3 -W ignore:setup.py install is deprecated -W ignore:easy_install command is deprecated setup.py egg_info --egg-base ../../build/slam build --build-base /home/brian/dev_ws/build/slam/build install --record /home/brian/dev_ws/build/slam/install.log --single-version-externally-managed install_data
