[0.027s] Invoking command in '/home/brian/dev_ws/build/articubot_1': CMAKE_PREFIX_PATH=${CMAKE_PREFIX_PATH}:/home/brian/dev_ws/install/dekut_amr_description:/home/brian/ros2_ws/install/camera_pkg:/opt/ros/humble /usr/bin/cmake /home/brian/dev_ws/src/articubot_1 -DAMENT_CMAKE_SYMLINK_INSTALL=1 -DCMAKE_INSTALL_PREFIX=/home/brian/dev_ws/install/articubot_1
[0.046s] -- Found ament_cmake: 1.3.12 (/opt/ros/humble/share/ament_cmake/cmake)
[0.239s] -- Override CMake install command with custom implementation using symlinks instead of copying resources
[0.257s] -- Found ament_lint_auto: 0.12.14 (/opt/ros/humble/share/ament_lint_auto/cmake)
[0.438s] -- Added test 'copyright' to check source files copyright and LICENSE
[0.471s] -- Added test 'flake8' to check Python code syntax and style conventions
[0.477s] -- Added test 'lint_cmake' to check CMake code style
[0.480s] -- Added test 'pep257' to check Python code against some of the docstring style conventions in PEP 257
[0.502s] -- Added test 'xmllint' to check XML markup files
[0.506s] -- Configuring done
[0.511s] -- Generating done
[0.514s] -- Build files have been written to: /home/brian/dev_ws/build/articubot_1
[0.581s] Invoked command in '/home/brian/dev_ws/build/articubot_1' returned '0': CMAKE_PREFIX_PATH=${CMAKE_PREFIX_PATH}:/home/brian/dev_ws/install/dekut_amr_description:/home/brian/ros2_ws/install/camera_pkg:/opt/ros/humble /usr/bin/cmake /home/brian/dev_ws/src/articubot_1 -DAMENT_CMAKE_SYMLINK_INSTALL=1 -DCMAKE_INSTALL_PREFIX=/home/brian/dev_ws/install/articubot_1
[0.583s] Invoking command in '/home/brian/dev_ws/build/articubot_1': CMAKE_PREFIX_PATH=${CMAKE_PREFIX_PATH}:/home/brian/dev_ws/install/dekut_amr_description:/home/brian/ros2_ws/install/camera_pkg:/opt/ros/humble /usr/bin/cmake --build /home/brian/dev_ws/build/articubot_1 -- -j4 -l4
[0.642s] Invoked command in '/home/brian/dev_ws/build/articubot_1' returned '0': CMAKE_PREFIX_PATH=${CMAKE_PREFIX_PATH}:/home/brian/dev_ws/install/dekut_amr_description:/home/brian/ros2_ws/install/camera_pkg:/opt/ros/humble /usr/bin/cmake --build /home/brian/dev_ws/build/articubot_1 -- -j4 -l4
[0.658s] Invoking command in '/home/brian/dev_ws/build/articubot_1': CMAKE_PREFIX_PATH=${CMAKE_PREFIX_PATH}:/home/brian/dev_ws/install/dekut_amr_description:/home/brian/ros2_ws/install/camera_pkg:/opt/ros/humble /usr/bin/cmake --install /home/brian/dev_ws/build/articubot_1
[0.668s] -- Install configuration: ""
[0.669s] -- Execute custom install script
[0.669s] -- Symlinking: /home/brian/dev_ws/install/articubot_1/share/articubot_1/config/empty.yaml
[0.682s] -- Symlinking: /home/brian/dev_ws/install/articubot_1/share/articubot_1/description/camera.xacro
[0.695s] -- Symlinking: /home/brian/dev_ws/install/articubot_1/share/articubot_1/description/colours.xacro
[0.709s] -- Symlinking: /home/brian/dev_ws/install/articubot_1/share/articubot_1/description/gazebo_control.xacro
[0.722s] -- Symlinking: /home/brian/dev_ws/install/articubot_1/share/articubot_1/description/inertial_macros.xacro
[0.736s] -- Symlinking: /home/brian/dev_ws/install/articubot_1/share/articubot_1/description/lidar.xacro
[0.748s] -- Symlinking: /home/brian/dev_ws/install/articubot_1/share/articubot_1/description/robot.urdf.xacro
[0.761s] -- Symlinking: /home/brian/dev_ws/install/articubot_1/share/articubot_1/description/robot_core.xacro
[0.774s] -- Symlinking: /home/brian/dev_ws/install/articubot_1/share/articubot_1/launch/__pycache__/rsp.launch.cpython-310.pyc
[0.787s] -- Symlinking: /home/brian/dev_ws/install/articubot_1/share/articubot_1/launch/launch_sim.launch.py
[0.799s] -- Symlinking: /home/brian/dev_ws/install/articubot_1/share/articubot_1/launch/rsp.launch.py
[0.812s] -- Symlinking: /home/brian/dev_ws/install/articubot_1/share/articubot_1/worlds/empty.world
[0.825s] -- Symlinking: /home/brian/dev_ws/install/articubot_1/share/ament_index/resource_index/package_run_dependencies/articubot_1
[0.840s] -- Symlinking: /home/brian/dev_ws/install/articubot_1/share/ament_index/resource_index/parent_prefix_path/articubot_1
[0.852s] -- Symlinking: /home/brian/dev_ws/install/articubot_1/share/articubot_1/environment/ament_prefix_path.sh
[0.865s] -- Symlinking: /home/brian/dev_ws/install/articubot_1/share/articubot_1/environment/ament_prefix_path.dsv
[0.878s] -- Symlinking: /home/brian/dev_ws/install/articubot_1/share/articubot_1/environment/path.sh
[0.891s] -- Symlinking: /home/brian/dev_ws/install/articubot_1/share/articubot_1/environment/path.dsv
[0.904s] -- Symlinking: /home/brian/dev_ws/install/articubot_1/share/articubot_1/local_setup.bash
[0.916s] -- Symlinking: /home/brian/dev_ws/install/articubot_1/share/articubot_1/local_setup.sh
[0.930s] -- Symlinking: /home/brian/dev_ws/install/articubot_1/share/articubot_1/local_setup.zsh
[0.948s] -- Symlinking: /home/brian/dev_ws/install/articubot_1/share/articubot_1/local_setup.dsv
[0.961s] -- Symlinking: /home/brian/dev_ws/install/articubot_1/share/articubot_1/package.dsv
[0.974s] -- Symlinking: /home/brian/dev_ws/install/articubot_1/share/ament_index/resource_index/packages/articubot_1
[0.988s] -- Symlinking: /home/brian/dev_ws/install/articubot_1/share/articubot_1/cmake/articubot_1Config.cmake
[1.000s] -- Symlinking: /home/brian/dev_ws/install/articubot_1/share/articubot_1/cmake/articubot_1Config-version.cmake
[1.013s] -- Symlinking: /home/brian/dev_ws/install/articubot_1/share/articubot_1/package.xml
[1.030s] Invoked command in '/home/brian/dev_ws/build/articubot_1' returned '0': CMAKE_PREFIX_PATH=${CMAKE_PREFIX_PATH}:/home/brian/dev_ws/install/dekut_amr_description:/home/brian/ros2_ws/install/camera_pkg:/opt/ros/humble /usr/bin/cmake --install /home/brian/dev_ws/build/articubot_1
