[0.036s] Invoking command in '/home/brian/dev_ws/build/articubot_1': CMAKE_PREFIX_PATH=${CMAKE_PREFIX_PATH}:/home/brian/dev_ws/install/slam1:/home/brian/dev_ws/install/dekut_amr_description:/home/brian/dev_ws/install/bringup:/home/brian/ros2_ws/install/camera_pkg:/opt/ros/humble /usr/bin/cmake /home/brian/dev_ws/src/articubot_1 -DCMAKE_INSTALL_PREFIX=/home/brian/dev_ws/install/articubot_1
[0.810s] -- The C compiler identification is GNU 11.4.0
[0.810s] -- The CXX compiler identification is GNU 11.4.0
[0.811s] -- Detecting C compiler ABI info
[0.811s] -- Detecting C compiler ABI info - done
[0.811s] -- Check for working C compiler: /usr/bin/cc - skipped
[0.811s] -- Detecting C compile features
[0.811s] -- Detecting C compile features - done
[0.811s] -- Detecting CXX compiler ABI info
[0.811s] -- Detecting CXX compiler ABI info - done
[0.811s] -- Check for working CXX compiler: /usr/bin/c++ - skipped
[0.811s] -- Detecting CXX compile features
[0.812s] -- Detecting CXX compile features - done
[0.812s] -- Found ament_cmake: 1.3.12 (/opt/ros/humble/share/ament_cmake/cmake)
[0.812s] -- Found Python3: /usr/bin/python3 (found version "3.10.12") found components: Interpreter 
[0.813s] -- Found ament_lint_auto: 0.12.14 (/opt/ros/humble/share/ament_lint_auto/cmake)
[0.932s] -- Added test 'copyright' to check source files copyright and LICENSE
[0.952s] -- Added test 'flake8' to check Python code syntax and style conventions
[0.955s] -- Added test 'lint_cmake' to check CMake code style
[0.957s] -- Added test 'pep257' to check Python code against some of the docstring style conventions in PEP 257
[0.966s] -- Added test 'xmllint' to check XML markup files
[0.968s] -- Configuring done
[0.972s] -- Generating done
[0.975s] -- Build files have been written to: /home/brian/dev_ws/build/articubot_1
[1.146s] Invoked command in '/home/brian/dev_ws/build/articubot_1' returned '0': CMAKE_PREFIX_PATH=${CMAKE_PREFIX_PATH}:/home/brian/dev_ws/install/slam1:/home/brian/dev_ws/install/dekut_amr_description:/home/brian/dev_ws/install/bringup:/home/brian/ros2_ws/install/camera_pkg:/opt/ros/humble /usr/bin/cmake /home/brian/dev_ws/src/articubot_1 -DCMAKE_INSTALL_PREFIX=/home/brian/dev_ws/install/articubot_1
[1.149s] Invoking command in '/home/brian/dev_ws/build/articubot_1': CMAKE_PREFIX_PATH=${CMAKE_PREFIX_PATH}:/home/brian/dev_ws/install/slam1:/home/brian/dev_ws/install/dekut_amr_description:/home/brian/dev_ws/install/bringup:/home/brian/ros2_ws/install/camera_pkg:/opt/ros/humble /usr/bin/cmake --build /home/brian/dev_ws/build/articubot_1 -- -j4 -l4
[1.214s] Invoked command in '/home/brian/dev_ws/build/articubot_1' returned '0': CMAKE_PREFIX_PATH=${CMAKE_PREFIX_PATH}:/home/brian/dev_ws/install/slam1:/home/brian/dev_ws/install/dekut_amr_description:/home/brian/dev_ws/install/bringup:/home/brian/ros2_ws/install/camera_pkg:/opt/ros/humble /usr/bin/cmake --build /home/brian/dev_ws/build/articubot_1 -- -j4 -l4
[1.229s] Invoking command in '/home/brian/dev_ws/build/articubot_1': CMAKE_PREFIX_PATH=${CMAKE_PREFIX_PATH}:/home/brian/dev_ws/install/slam1:/home/brian/dev_ws/install/dekut_amr_description:/home/brian/dev_ws/install/bringup:/home/brian/ros2_ws/install/camera_pkg:/opt/ros/humble /usr/bin/cmake --install /home/brian/dev_ws/build/articubot_1
[1.244s] -- Install configuration: ""
[1.244s] -- Installing: /home/brian/dev_ws/install/articubot_1/share/articubot_1/config
[1.244s] -- Installing: /home/brian/dev_ws/install/articubot_1/share/articubot_1/config/empty.yaml
[1.244s] -- Installing: /home/brian/dev_ws/install/articubot_1/share/articubot_1/description
[1.244s] -- Installing: /home/brian/dev_ws/install/articubot_1/share/articubot_1/description/robot.urdf.xacro
[1.245s] -- Installing: /home/brian/dev_ws/install/articubot_1/share/articubot_1/description/gazebo_control.xacro
[1.245s] -- Installing: /home/brian/dev_ws/install/articubot_1/share/articubot_1/description/inertial_macros.xacro
[1.246s] -- Installing: /home/brian/dev_ws/install/articubot_1/share/articubot_1/description/lidar.xacro
[1.246s] -- Installing: /home/brian/dev_ws/install/articubot_1/share/articubot_1/description/colours.xacro
[1.247s] -- Installing: /home/brian/dev_ws/install/articubot_1/share/articubot_1/description/camera.xacro
[1.247s] -- Installing: /home/brian/dev_ws/install/articubot_1/share/articubot_1/description/robot_core.xacro
[1.247s] -- Installing: /home/brian/dev_ws/install/articubot_1/share/articubot_1/launch
[1.247s] -- Installing: /home/brian/dev_ws/install/articubot_1/share/articubot_1/launch/__pycache__
[1.248s] -- Installing: /home/brian/dev_ws/install/articubot_1/share/articubot_1/launch/__pycache__/rsp.launch.cpython-310.pyc
[1.248s] -- Installing: /home/brian/dev_ws/install/articubot_1/share/articubot_1/launch/rsp.launch.py
[1.248s] -- Installing: /home/brian/dev_ws/install/articubot_1/share/articubot_1/launch/launch_sim.launch.py
[1.249s] -- Installing: /home/brian/dev_ws/install/articubot_1/share/articubot_1/worlds
[1.249s] -- Installing: /home/brian/dev_ws/install/articubot_1/share/articubot_1/worlds/empty.world
[1.250s] -- Installing: /home/brian/dev_ws/install/articubot_1/share/ament_index/resource_index/package_run_dependencies/articubot_1
[1.250s] -- Installing: /home/brian/dev_ws/install/articubot_1/share/ament_index/resource_index/parent_prefix_path/articubot_1
[1.252s] -- Installing: /home/brian/dev_ws/install/articubot_1/share/articubot_1/environment/ament_prefix_path.sh
[1.252s] -- Installing: /home/brian/dev_ws/install/articubot_1/share/articubot_1/environment/ament_prefix_path.dsv
[1.252s] -- Installing: /home/brian/dev_ws/install/articubot_1/share/articubot_1/environment/path.sh
[1.253s] -- Installing: /home/brian/dev_ws/install/articubot_1/share/articubot_1/environment/path.dsv
[1.253s] -- Installing: /home/brian/dev_ws/install/articubot_1/share/articubot_1/local_setup.bash
[1.253s] -- Installing: /home/brian/dev_ws/install/articubot_1/share/articubot_1/local_setup.sh
[1.253s] -- Installing: /home/brian/dev_ws/install/articubot_1/share/articubot_1/local_setup.zsh
[1.253s] -- Installing: /home/brian/dev_ws/install/articubot_1/share/articubot_1/local_setup.dsv
[1.253s] -- Installing: /home/brian/dev_ws/install/articubot_1/share/articubot_1/package.dsv
[1.253s] -- Installing: /home/brian/dev_ws/install/articubot_1/share/ament_index/resource_index/packages/articubot_1
[1.253s] -- Installing: /home/brian/dev_ws/install/articubot_1/share/articubot_1/cmake/articubot_1Config.cmake
[1.254s] -- Installing: /home/brian/dev_ws/install/articubot_1/share/articubot_1/cmake/articubot_1Config-version.cmake
[1.254s] -- Installing: /home/brian/dev_ws/install/articubot_1/share/articubot_1/package.xml
[1.257s] Invoked command in '/home/brian/dev_ws/build/articubot_1' returned '0': CMAKE_PREFIX_PATH=${CMAKE_PREFIX_PATH}:/home/brian/dev_ws/install/slam1:/home/brian/dev_ws/install/dekut_amr_description:/home/brian/dev_ws/install/bringup:/home/brian/ros2_ws/install/camera_pkg:/opt/ros/humble /usr/bin/cmake --install /home/brian/dev_ws/build/articubot_1
