[2.313s] Invoking command in '/home/brian/dev_ws/src/slam1': PYTHONPATH=/home/brian/dev_ws/build/slam1/prefix_override:/usr/lib/python3/dist-packages/colcon_core/task/python/colcon_distutils_commands:/home/brian/dev_ws/install/slam1/lib/python3.10/site-packages:${PYTHONPATH} /usr/bin/python3 -W ignore:setup.py install is deprecated -W ignore:easy_install command is deprecated setup.py egg_info --egg-base ../../build/slam1 build --build-base /home/brian/dev_ws/build/slam1/build install --record /home/brian/dev_ws/build/slam1/install.log --single-version-externally-managed install_data
[2.872s] running egg_info
[2.874s] writing ../../build/slam1/slam1.egg-info/PKG-INFO
[2.874s] writing dependency_links to ../../build/slam1/slam1.egg-info/dependency_links.txt
[2.875s] writing entry points to ../../build/slam1/slam1.egg-info/entry_points.txt
[2.875s] writing requirements to ../../build/slam1/slam1.egg-info/requires.txt
[2.875s] writing top-level names to ../../build/slam1/slam1.egg-info/top_level.txt
[2.877s] reading manifest file '../../build/slam1/slam1.egg-info/SOURCES.txt'
[2.878s] writing manifest file '../../build/slam1/slam1.egg-info/SOURCES.txt'
[2.878s] running build
[2.878s] running build_py
[2.879s] running install
[2.879s] running install_lib
[2.883s] running install_data
[2.883s] running install_egg_info
[2.886s] removing '/home/brian/dev_ws/install/slam1/lib/python3.10/site-packages/slam1-0.0.0-py3.10.egg-info' (and everything under it)
[2.887s] Copying ../../build/slam1/slam1.egg-info to /home/brian/dev_ws/install/slam1/lib/python3.10/site-packages/slam1-0.0.0-py3.10.egg-info
[2.889s] running install_scripts
[2.925s] Installing gamepad_teleop script to /home/brian/dev_ws/install/slam1/lib/slam1
[2.926s] Installing teleop_keyboard script to /home/brian/dev_ws/install/slam1/lib/slam1
[2.926s] writing list of installed files to '/home/brian/dev_ws/build/slam1/install.log'
[2.968s] Invoked command in '/home/brian/dev_ws/src/slam1' returned '0': PYTHONPATH=/home/brian/dev_ws/build/slam1/prefix_override:/usr/lib/python3/dist-packages/colcon_core/task/python/colcon_distutils_commands:/home/brian/dev_ws/install/slam1/lib/python3.10/site-packages:${PYTHONPATH} /usr/bin/python3 -W ignore:setup.py install is deprecated -W ignore:easy_install command is deprecated setup.py egg_info --egg-base ../../build/slam1 build --build-base /home/brian/dev_ws/build/slam1/build install --record /home/brian/dev_ws/build/slam1/install.log --single-version-externally-managed install_data
