[1.528s] Invoking command in '/home/brian/dev_ws/src/slam1': PYTHONPATH=/home/brian/dev_ws/build/slam1/prefix_override:/usr/lib/python3/dist-packages/colcon_core/task/python/colcon_distutils_commands:/home/brian/dev_ws/install/slam1/lib/python3.10/site-packages:${PYTHONPATH} /usr/bin/python3 -W ignore:setup.py install is deprecated -W ignore:easy_install command is deprecated setup.py egg_info --egg-base ../../build/slam1 build --build-base /home/brian/dev_ws/build/slam1/build install --record /home/brian/dev_ws/build/slam1/install.log --single-version-externally-managed install_data
[1.978s] running egg_info
[1.980s] writing ../../build/slam1/slam1.egg-info/PKG-INFO
[1.982s] writing dependency_links to ../../build/slam1/slam1.egg-info/dependency_links.txt
[1.983s] writing entry points to ../../build/slam1/slam1.egg-info/entry_points.txt
[1.983s] writing requirements to ../../build/slam1/slam1.egg-info/requires.txt
[1.983s] writing top-level names to ../../build/slam1/slam1.egg-info/top_level.txt
[1.985s] reading manifest file '../../build/slam1/slam1.egg-info/SOURCES.txt'
[1.987s] writing manifest file '../../build/slam1/slam1.egg-info/SOURCES.txt'
[1.987s] running build
[1.987s] running build_py
[1.989s] running install
[1.989s] running install_lib
[1.990s] running install_data
[1.991s] copying launch/slam_launch.py -> /home/brian/dev_ws/install/slam1/share/slam1/launch
[1.992s] running install_egg_info
[1.995s] removing '/home/brian/dev_ws/install/slam1/lib/python3.10/site-packages/slam1-0.0.0-py3.10.egg-info' (and everything under it)
[1.995s] Copying ../../build/slam1/slam1.egg-info to /home/brian/dev_ws/install/slam1/lib/python3.10/site-packages/slam1-0.0.0-py3.10.egg-info
[1.997s] running install_scripts
[2.040s] writing list of installed files to '/home/brian/dev_ws/build/slam1/install.log'
[2.077s] Invoked command in '/home/brian/dev_ws/src/slam1' returned '0': PYTHONPATH=/home/brian/dev_ws/build/slam1/prefix_override:/usr/lib/python3/dist-packages/colcon_core/task/python/colcon_distutils_commands:/home/brian/dev_ws/install/slam1/lib/python3.10/site-packages:${PYTHONPATH} /usr/bin/python3 -W ignore:setup.py install is deprecated -W ignore:easy_install command is deprecated setup.py egg_info --egg-base ../../build/slam1 build --build-base /home/brian/dev_ws/build/slam1/build install --record /home/brian/dev_ws/build/slam1/install.log --single-version-externally-managed install_data
