running egg_info
writing ../../build/bringup/bringup.egg-info/PKG-INFO
writing dependency_links to ../../build/bringup/bringup.egg-info/dependency_links.txt
writing entry points to ../../build/bringup/bringup.egg-info/entry_points.txt
writing requirements to ../../build/bringup/bringup.egg-info/requires.txt
writing top-level names to ../../build/bringup/bringup.egg-info/top_level.txt
reading manifest file '../../build/bringup/bringup.egg-info/SOURCES.txt'
writing manifest file '../../build/bringup/bringup.egg-info/SOURCES.txt'
running build
running build_py
copying bringup/teleop_keyboard.py -> /home/brian/dev_ws/build/bringup/build/lib/bringup
running install
running install_lib
copying /home/brian/dev_ws/build/bringup/build/lib/bringup/teleop_keyboard.py -> /home/brian/dev_ws/install/bringup/lib/python3.10/site-packages/bringup
byte-compiling /home/brian/dev_ws/install/bringup/lib/python3.10/site-packages/bringup/teleop_keyboard.py to teleop_keyboard.cpython-310.pyc
running install_data
running install_egg_info
removing '/home/brian/dev_ws/install/bringup/lib/python3.10/site-packages/bringup-0.0.0-py3.10.egg-info' (and everything under it)
Copying ../../build/bringup/bringup.egg-info to /home/brian/dev_ws/install/bringup/lib/python3.10/site-packages/bringup-0.0.0-py3.10.egg-info
running install_scripts
Installing odom_publisher script to /home/brian/dev_ws/install/bringup/lib/bringup
Installing teleop_keyboard script to /home/brian/dev_ws/install/bringup/lib/bringup
writing list of installed files to '/home/brian/dev_ws/build/bringup/install.log'
