[2.377s] Invoking command in '/home/brian/dev_ws/src/bringup': PYTHONPATH=/home/brian/dev_ws/build/bringup/prefix_override:/usr/lib/python3/dist-packages/colcon_core/task/python/colcon_distutils_commands:/home/brian/dev_ws/install/bringup/lib/python3.10/site-packages:${PYTHONPATH} /usr/bin/python3 -W ignore:setup.py install is deprecated -W ignore:easy_install command is deprecated setup.py egg_info --egg-base ../../build/bringup build --build-base /home/brian/dev_ws/build/bringup/build install --record /home/brian/dev_ws/build/bringup/install.log --single-version-externally-managed install_data
[2.945s] running egg_info
[2.946s] writing ../../build/bringup/bringup.egg-info/PKG-INFO
[2.946s] writing dependency_links to ../../build/bringup/bringup.egg-info/dependency_links.txt
[2.947s] writing entry points to ../../build/bringup/bringup.egg-info/entry_points.txt
[2.947s] writing requirements to ../../build/bringup/bringup.egg-info/requires.txt
[2.947s] writing top-level names to ../../build/bringup/bringup.egg-info/top_level.txt
[2.950s] reading manifest file '../../build/bringup/bringup.egg-info/SOURCES.txt'
[2.952s] writing manifest file '../../build/bringup/bringup.egg-info/SOURCES.txt'
[2.952s] running build
[2.953s] running build_py
[2.953s] running install
[2.953s] running install_lib
[2.955s] running install_data
[2.956s] running install_egg_info
[2.959s] removing '/home/brian/dev_ws/install/bringup/lib/python3.10/site-packages/bringup-0.0.0-py3.10.egg-info' (and everything under it)
[2.960s] Copying ../../build/bringup/bringup.egg-info to /home/brian/dev_ws/install/bringup/lib/python3.10/site-packages/bringup-0.0.0-py3.10.egg-info
[2.961s] running install_scripts
[2.996s] Installing odom_publisher script to /home/brian/dev_ws/install/bringup/lib/bringup
[2.997s] Installing teleop_keyboard script to /home/brian/dev_ws/install/bringup/lib/bringup
[2.997s] writing list of installed files to '/home/brian/dev_ws/build/bringup/install.log'
[3.040s] Invoked command in '/home/brian/dev_ws/src/bringup' returned '0': PYTHONPATH=/home/brian/dev_ws/build/bringup/prefix_override:/usr/lib/python3/dist-packages/colcon_core/task/python/colcon_distutils_commands:/home/brian/dev_ws/install/bringup/lib/python3.10/site-packages:${PYTHONPATH} /usr/bin/python3 -W ignore:setup.py install is deprecated -W ignore:easy_install command is deprecated setup.py egg_info --egg-base ../../build/bringup build --build-base /home/brian/dev_ws/build/bringup/build install --record /home/brian/dev_ws/build/bringup/install.log --single-version-externally-managed install_data
