[1.942s] Invoking command in '/home/brian/dev_ws/src/slam1': PYTHONPATH=/home/brian/dev_ws/build/slam1/prefix_override:/usr/lib/python3/dist-packages/colcon_core/task/python/colcon_distutils_commands:/home/brian/dev_ws/install/slam1/lib/python3.10/site-packages:${PYTHONPATH} /usr/bin/python3 -W ignore:setup.py install is deprecated -W ignore:easy_install command is deprecated setup.py egg_info --egg-base ../../build/slam1 build --build-base /home/brian/dev_ws/build/slam1/build install --record /home/brian/dev_ws/build/slam1/install.log --single-version-externally-managed install_data
[2.481s] running egg_info
[2.483s] writing ../../build/slam1/slam1.egg-info/PKG-INFO
[2.483s] writing dependency_links to ../../build/slam1/slam1.egg-info/dependency_links.txt
[2.484s] writing entry points to ../../build/slam1/slam1.egg-info/entry_points.txt
[2.484s] writing requirements to ../../build/slam1/slam1.egg-info/requires.txt
[2.484s] writing top-level names to ../../build/slam1/slam1.egg-info/top_level.txt
[2.488s] reading manifest file '../../build/slam1/slam1.egg-info/SOURCES.txt'
[2.490s] writing manifest file '../../build/slam1/slam1.egg-info/SOURCES.txt'
[2.490s] running build
[2.490s] running build_py
[2.491s] running install
[2.492s] running install_lib
[2.495s] running install_data
[2.496s] running install_egg_info
[2.499s] removing '/home/brian/dev_ws/install/slam1/lib/python3.10/site-packages/slam1-0.0.0-py3.10.egg-info' (and everything under it)
[2.501s] Copying ../../build/slam1/slam1.egg-info to /home/brian/dev_ws/install/slam1/lib/python3.10/site-packages/slam1-0.0.0-py3.10.egg-info
[2.502s] running install_scripts
[2.539s] Installing gamepad_teleop script to /home/brian/dev_ws/install/slam1/lib/slam1
[2.541s] Installing teleop_keyboard script to /home/brian/dev_ws/install/slam1/lib/slam1
[2.541s] writing list of installed files to '/home/brian/dev_ws/build/slam1/install.log'
[2.578s] Invoked command in '/home/brian/dev_ws/src/slam1' returned '0': PYTHONPATH=/home/brian/dev_ws/build/slam1/prefix_override:/usr/lib/python3/dist-packages/colcon_core/task/python/colcon_distutils_commands:/home/brian/dev_ws/install/slam1/lib/python3.10/site-packages:${PYTHONPATH} /usr/bin/python3 -W ignore:setup.py install is deprecated -W ignore:easy_install command is deprecated setup.py egg_info --egg-base ../../build/slam1 build --build-base /home/brian/dev_ws/build/slam1/build install --record /home/brian/dev_ws/build/slam1/install.log --single-version-externally-managed install_data
